Step TotEng KinEng PotEng Temp Press Enthalpy E_bond E_angle E_dihed E_impro E_pair E_vdwl E_coul E_long E_tail Volume 
       0   -12008.118            0   -12008.118            0   -4867.3793   -13072.206    96.679213    56.977976     8.855403            0    -12170.63   -10683.345    13135.426   -14622.712            0    14990.173 
      10   -12467.859            0   -12467.859            0   -20084.359   -16858.628    26.373132    56.816841    8.9431183            0   -12559.993   -10815.603    12939.342   -14683.731            0    14990.173 
      20   -12547.395            0   -12547.395            0   -21258.242   -17194.794    23.559249      69.3169    9.0883278            0    -12649.36   -10808.207    12865.586   -14706.738            0    14990.173 
      30   -12639.445            0   -12639.445            0   -20269.659   -17070.723    28.090739    74.237988    8.7856886            0    -12750.56   -10725.434     12687.53   -14712.656            0    14990.173 
      40   -12738.236            0   -12738.236            0   -19047.022   -16902.225    41.416781    86.681365    9.1028216            0   -12875.437   -10569.085     12409.43   -14715.781            0    14990.173 
      50   -12832.103            0   -12832.103            0   -17717.389   -16705.413    52.228976     92.35312    9.6691562            0   -12986.354   -10453.715    12191.245   -14723.884            0    14990.173 
      60   -12948.284            0   -12948.284            0   -15655.306   -16370.789    53.626682    85.827304    9.2579994            0   -13096.996   -10371.692    12002.672   -14727.977            0    14990.173 
      70   -13067.757            0   -13067.757            0   -16015.731   -16569.056    67.498641    85.870714    8.9915924            0   -13230.117   -10301.543    11800.847   -14729.421            0    14990.173 
      80   -13186.473            0   -13186.473            0   -15475.588   -16569.689    76.646073    87.390131      7.75866            0   -13358.268   -10240.223    11613.421   -14731.466            0    14990.173 
      90    -13303.43            0    -13303.43            0   -14134.406   -16393.442    84.490585    98.854165    6.8811857            0   -13493.656   -10136.692    11376.539   -14733.503            0    14990.173 
     100   -13399.324            0   -13399.324            0   -13484.671   -16347.293    90.824754    102.62021    6.7078649            0   -13599.477   -10074.641     11208.94   -14733.776            0    14990.173 
     110   -13475.032            0   -13475.032            0   -13780.591   -16487.693     95.64164    103.53819    6.5655623            0   -13680.777   -10080.375    11133.332   -14733.733            0    14990.173 
     120   -13534.458            0   -13534.458            0   -14080.268   -16612.635    97.316226    102.02948    6.8302639            0   -13740.634   -10087.592    11081.095   -14734.137            0    14990.173 
     130   -13584.143            0   -13584.143            0   -13795.374   -16600.037    99.593868    102.00093    7.0553054            0   -13792.793   -10083.068     11024.32   -14734.045            0    14990.173 
     140   -13624.854            0   -13624.854            0   -13571.072   -16591.711    102.23831    104.00154    6.7809032            0   -13837.874   -10072.116    10967.946   -14733.704            0    14990.173 
     150   -13662.191            0   -13662.191            0   -13076.359   -16520.896     103.4455    106.96714     6.388584            0   -13878.992   -10067.847    10922.135    -14733.28            0    14990.173 
     160   -13696.632            0   -13696.632            0   -12755.568   -16485.208    104.54657    109.05504    6.1900603            0   -13916.424    -10079.82     10895.77   -14732.374            0    14990.173 
     170   -13723.409            0   -13723.409            0     -12666.7   -16492.556    106.56013    109.03195     6.234707            0   -13945.236   -10070.333    10856.498   -14731.401            0    14990.173 
     180   -13746.294            0   -13746.294            0   -12409.354   -16459.181    107.26439     107.6011    6.4744484            0   -13967.634   -10072.341    10836.248    -14731.54            0    14990.173 
     190    -13765.17            0    -13765.17            0   -12917.141   -16589.068    108.38013    107.83782    6.6153207            0   -13988.004   -10076.004    10819.593   -14731.593            0    14990.173 
     200   -13780.648            0   -13780.648            0   -12701.285   -16557.356    109.47074     107.4837    6.6033195            0   -14004.206   -10068.602    10795.747   -14731.351            0    14990.173 
     210   -13793.882            0   -13793.882            0    -12800.65   -16592.313    109.23238    108.72567    6.5064335            0   -14018.347   -10072.198     10785.09   -14731.238            0    14990.173 
     220   -13806.695            0   -13806.695            0   -12631.372   -16568.119    109.23976    110.41033    6.4644001            0    -14032.81   -10077.977    10776.076   -14730.909            0    14990.173 
     230   -13819.264            0   -13819.264            0    -12460.18   -16543.263    110.02539    111.51363      6.47527            0   -14047.278   -10074.906    10758.097    -14730.47            0    14990.173 
     240   -13830.798            0   -13830.798            0   -12098.752   -16475.782    110.53091    111.32937    6.4966832            0   -14059.155   -10072.383    10743.704   -14730.475            0    14990.173 
     250   -13841.278            0   -13841.278            0   -12187.128   -16505.583    111.22342    110.45376    6.6773405            0   -14069.633   -10077.052    10737.755   -14730.335            0    14990.173 
     260   -13850.616            0   -13850.616            0   -12178.042   -16512.934    111.42016    110.47494    6.6812719            0   -14079.192   -10085.373    10736.511   -14730.331            0    14990.173 
     270   -13859.673            0   -13859.673            0   -12446.701   -16580.725    111.39079    110.57596    6.5865387            0   -14088.226   -10091.415    10733.744   -14730.555            0    14990.173 
     280   -13868.666            0   -13868.666            0   -12684.302   -16641.662    110.78133    109.31583    6.5213547            0   -14095.285   -10109.487    10745.501   -14731.298            0    14990.173 
     290   -13878.141            0   -13878.141            0   -12963.681   -16712.213     110.7068    108.48366    6.4053698            0   -14103.737   -10125.335    10753.139   -14731.541            0    14990.173 
     300   -13886.823            0   -13886.823            0   -12857.724   -16697.731     110.8955     108.7676    6.3062039            0   -14112.792   -10128.181    10747.457   -14732.068            0    14990.173 
     310   -13894.009            0   -13894.009            0   -12783.101   -16688.604    111.34415    108.64002    6.2917987            0   -14120.285   -10125.047     10737.03   -14732.268            0    14990.173 
     320   -13901.406            0   -13901.406            0    -12736.85   -16685.889    111.55073    109.06019    6.2623604            0    -14128.28   -10126.492    10730.487   -14732.274            0    14990.173 
     330   -13907.907            0   -13907.907            0   -12809.063   -16708.177    111.13199     108.3836    6.1705388            0   -14133.593   -10130.017    10728.709   -14732.285            0    14990.173 
     340   -13914.042            0   -13914.042            0   -12718.452   -16694.503    111.11103     108.4503    6.0679684            0   -14139.672   -10134.803    10727.832   -14732.701            0    14990.173 
     350   -13919.789            0   -13919.789            0   -12808.431   -16719.921    112.00559    108.52506    5.9680517            0   -14146.288   -10139.215    10725.693   -14732.767            0    14990.173 
     360   -13925.887            0   -13925.887            0    -12579.09   -16675.881    111.72238    107.56662    5.8748568            0   -14151.051   -10142.494    10724.079   -14732.635            0    14990.173 
     370   -13932.949            0   -13932.949            0   -12461.303   -16657.193      111.889    107.37024    6.0141803            0   -14158.222   -10140.038    10714.427   -14732.611            0    14990.173 
     380   -13940.574            0   -13940.574            0   -12384.041   -16647.927    112.81422    107.59638    6.1404795            0   -14167.125    -10135.76    10701.434     -14732.8            0    14990.173 
     390   -13949.661            0   -13949.661            0   -12255.715    -16628.96     113.7152    107.94697     6.194583            0   -14177.518   -10130.874    10686.656   -14733.301            0    14990.173 
     400   -13958.705            0   -13958.705            0   -11959.088   -16573.156    113.77987    109.21475    6.1286481            0   -14187.828   -10127.283     10672.87   -14733.415            0    14990.173 
     410   -13965.798            0   -13965.798            0   -11922.421   -16572.234    113.75355    109.58157    6.0456386            0   -14195.179   -10137.036    10675.565   -14733.708            0    14990.173 
     420   -13972.247            0   -13972.247            0   -12033.577   -16602.983    113.38961    109.86156    5.9323757            0   -14201.431    -10147.94    10680.356   -14733.847            0    14990.173 
     430   -13978.087            0   -13978.087            0   -12174.249   -16639.577    113.40697    109.17467    5.8175415            0   -14206.487   -10153.481    10680.803   -14733.809            0    14990.173 
     440   -13983.089            0   -13983.089            0   -12244.439   -16659.923    113.12842    109.72121    5.7240713            0   -14211.663   -10156.985     10679.62   -14734.298            0    14990.173 
     450   -13988.151            0   -13988.151            0   -12326.734   -16682.976    113.83707    109.31639    5.6711122            0   -14216.975   -10151.047     10668.61   -14734.539            0    14990.173 
     460   -13994.076            0   -13994.076            0   -12339.605   -16691.714    114.63431    109.88191    5.5957952            0   -14224.188   -10145.515    10656.094   -14734.766            0    14990.173 
     470   -14000.044            0   -14000.044            0   -12382.145   -16706.982    114.97857    110.20906    5.5444829            0   -14230.776   -10142.243    10645.934   -14734.467            0    14990.173 
     480   -14005.671            0   -14005.671            0   -12304.212   -16695.572    115.85596    109.88477    5.5625036            0   -14236.974   -10138.554    10635.536   -14733.956            0    14990.173 
     490   -14010.828            0   -14010.828            0   -12157.169   -16668.583    116.30675    108.50682    5.6058396            0   -14241.247   -10132.474    10624.461   -14733.234            0    14990.173 
     500    -14015.54            0    -14015.54            0   -12019.766   -16643.257    116.86795     107.4168    5.6003187            0   -14245.425   -10127.115    10614.614   -14732.924            0    14990.173 
     510   -14019.423            0   -14019.423            0   -12024.877   -16648.257    117.25607    108.01028    5.5591441            0   -14250.248   -10123.698    10606.524   -14733.075            0    14990.173 
     520   -14022.584            0   -14022.584            0   -11998.614   -16645.676     117.3076    108.79197    5.5542685            0   -14254.238   -10125.587    10604.459    -14733.11            0    14990.173 
     530   -14025.094            0   -14025.094            0   -12016.999   -16652.206        117.2    108.78697    5.5918704            0   -14256.673   -10129.399    10605.872   -14733.146            0    14990.173 
     540   -14027.012            0   -14027.012            0   -11958.455   -16641.325    117.15935    108.42731    5.6470278            0   -14258.246   -10134.214    10609.184   -14733.216            0    14990.173 
     550    -14028.73            0    -14028.73            0    -12001.31   -16652.412    116.96178    107.64059    5.7086133            0   -14259.041   -10140.204    10614.458   -14733.295            0    14990.173 
     560   -14030.081            0   -14030.081            0   -12021.087   -16658.087    116.68201    107.31089    5.7130951            0   -14259.787   -10146.278    10619.796   -14733.305            0    14990.173 
     570   -14031.237            0   -14031.237            0   -12125.167   -16681.996    116.57197    107.59959     5.721989            0   -14261.131   -10151.422    10623.474   -14733.183            0    14990.173 
     580    -14032.24            0    -14032.24            0   -12162.471   -16691.154    116.48869    107.84393     5.753867            0   -14262.326   -10153.272    10623.996    -14733.05            0    14990.173 
     590   -14033.173            0   -14033.173            0   -12192.754   -16698.707    116.52818    107.92002    5.7744739            0   -14263.395   -10153.046    10622.599   -14732.948            0    14990.173 
     600   -14034.019            0   -14034.019            0   -12138.781   -16687.754    116.79632    108.07268    5.8111592            0   -14264.699   -10151.152    10619.432   -14732.979            0    14990.173 
     610   -14035.011            0   -14035.011            0   -12145.999   -16690.324    116.72711    108.25295     5.834366            0   -14265.825   -10151.397    10618.446   -14732.874            0    14990.173 
     620   -14036.227            0   -14036.227            0   -12147.384   -16691.844    116.41884      108.014    5.8911452            0   -14266.551   -10157.432    10623.812   -14732.931            0    14990.173 
     630   -14037.389            0   -14037.389            0   -12104.421   -16683.613    116.27982    108.44473    5.8999108            0   -14268.014   -10161.152    10626.094   -14732.955            0    14990.173 
     640    -14038.75            0    -14038.75            0   -11973.097   -16656.264    116.09556    108.21628    5.8838698            0   -14268.946   -10162.843    10626.988   -14733.091            0    14990.173 
     650    -14040.57            0    -14040.57            0   -11829.125    -16626.61     116.2626    108.29012    5.9208549            0   -14271.044     -10159.7    10621.865   -14733.209            0    14990.173 
     660   -14042.439            0   -14042.439            0   -11723.293   -16605.341    116.64263    108.82982    5.9687133            0    -14273.88   -10156.505    10616.028   -14733.403            0    14990.173 
     670   -14044.104            0   -14044.104            0   -11673.536   -16596.129     116.7452    108.78775    6.0054905            0   -14275.642   -10156.418    10614.279   -14733.503            0    14990.173 
     680   -14045.783            0   -14045.783            0   -11706.882   -16605.098    116.83022    108.14304    5.9982688            0   -14276.755   -10156.987    10613.824   -14733.591            0    14990.173 
     690   -14047.713            0   -14047.713            0   -11758.268   -16618.262    117.11331    107.79508    5.9883016            0    -14278.61    -10155.33    10610.605   -14733.884            0    14990.173 
     700   -14049.829            0   -14049.829            0   -11799.642   -16629.423    117.63577     108.2696    5.9972777            0   -14281.731    -10152.97    10605.448    -14734.21            0    14990.173 
     710   -14051.767            0   -14051.767            0   -11873.939   -16647.603    117.52412    108.49217    6.0184757            0   -14283.802   -10154.801    10604.989   -14733.989            0    14990.173 
     720   -14053.802            0   -14053.802            0   -11799.156    -16633.29    117.50406      108.951    6.0934485            0   -14286.351   -10153.833    10601.379   -14733.897            0    14990.173 
     730   -14056.234            0   -14056.234            0    -11740.61   -16622.923    117.66717    109.18818    6.1789687            0   -14289.269   -10151.789    10596.334   -14733.813            0    14990.173 
     740   -14058.457            0   -14058.457            0   -11685.356   -16613.067    117.64944    109.05474    6.1598357            0   -14291.321   -10153.819     10596.28   -14733.781            0    14990.173 
     750   -14060.438            0   -14060.438            0   -11652.417   -16607.847    117.97628    108.67405    6.1510726            0    -14293.24   -10152.901    10593.479   -14733.818            0    14990.173 
     760   -14062.604            0   -14062.604            0   -11692.319   -16618.735    118.47925    108.06719    6.1505051            0   -14295.301   -10153.736    10591.977   -14733.541            0    14990.173 
     770    -14064.53            0    -14064.53            0   -11674.372   -16616.738    118.53814    107.66931    6.2329534            0    -14296.97   -10152.944    10589.352   -14733.378            0    14990.173 
     780   -14066.363            0   -14066.363            0   -11603.941   -16603.173    118.72702    107.70616     6.343218            0   -14299.139   -10150.235    10584.202   -14733.106            0    14990.173 
     790   -14068.301            0   -14068.301            0   -11536.811   -16590.436    118.87623     107.7005    6.4551461            0   -14301.333   -10149.023    10580.447   -14732.757            0    14990.173 
     800   -14070.075            0   -14070.075            0   -11557.018   -16596.628    118.86791     107.8945    6.5120478            0    -14303.35   -10150.815    10580.159   -14732.693            0    14990.173 
     810   -14071.761            0   -14071.761            0   -11522.026   -16590.663    118.81392    108.06057    6.5429905            0   -14305.178   -10151.341    10579.142    -14732.98            0    14990.173 
     820   -14073.167            0   -14073.167            0   -11531.972   -16594.244    119.08537     108.0813    6.5789172            0   -14306.913   -10149.154      10575.3   -14733.059            0    14990.173 
     830   -14074.362            0   -14074.362            0   -11482.184   -16584.555    119.31286    108.14012    6.5796688            0   -14308.395   -10145.254    10569.843   -14732.984            0    14990.173 
     840   -14075.284            0   -14075.284            0   -11436.664   -16575.525    119.51827    107.96183    6.5441431            0   -14309.308   -10142.765    10566.462   -14733.006            0    14990.173 
     846   -14075.768            0   -14075.768            0   -11432.342   -16575.064    119.53257    107.75488    6.5241812            0    -14309.58   -10142.808    10566.284   -14733.055            0    14990.173 
