Step TotEng KinEng PotEng Temp Press Enthalpy E_bond E_angle E_dihed E_impro E_pair E_vdwl E_coul E_long E_tail Volume 
       0 1.885133e+08            0 1.885133e+08            0 1.5972672e+10 9.427607e+08    96.946159    56.987362     8.858387            0 1.8851314e+08 1.8851319e+08    1618.6088   -1669.5331            0     3237.877 
      10    7655.1865            0    7655.1865            0    967328.71    53333.527     88.02041     55.83351    8.8651819            0    7502.4674    7554.1917    1618.0315   -1669.7558            0     3237.877 
      20   -1323.1325            0   -1323.1325            0    102310.41    3508.0792    2.3002882    27.717661    8.8999324            0   -1362.0504   -1263.0185    1585.9691   -1685.0009            0     3237.877 
      30   -1469.3773            0   -1469.3773            0    90889.939     2822.547    5.2566903    23.026975    9.0339038            0   -1506.6949   -1326.6222    1534.0139   -1714.0866            0     3237.877 
      40   -1652.3831            0   -1652.3831            0    62199.034    1284.7246    2.9346313     22.39831    9.1248371            0   -1686.8409    -1476.021    1515.1015   -1725.9214            0     3237.877 
      50   -1850.1383            0   -1850.1383            0    33468.409   -269.72273    1.9273193    22.621713    9.0390554            0   -1883.7264    -1652.167    1497.9795   -1729.5389            0     3237.877 
      60   -1993.3225            0   -1993.3225            0    4308.7065   -1789.8605    5.7857667    22.650488    8.9464045            0   -2030.7051   -1773.7554    1474.7299   -1731.6796            0     3237.877 
      70   -2064.2866            0   -2064.2866            0    -9289.817   -2502.9621    4.7395233    22.829368    8.8044852            0   -2100.6599   -1813.5651    1447.7594   -1734.8543            0     3237.877 
      80   -2111.7104            0   -2111.7104            0    -14827.86   -2811.8985    5.1896912    24.502832    8.5060328            0   -2149.9089   -1829.2511    1415.4314   -1736.0892            0     3237.877 
      90    -2158.769            0    -2158.769            0   -13722.455   -2806.7587     6.436143     24.19844     7.885294            0   -2197.2889   -1832.8894    1372.2871   -1736.6866            0     3237.877 
     100   -2193.5292            0   -2193.5292            0   -13681.133   -2839.5676    7.4405618    24.788045    6.9708937            0   -2232.7287   -1840.8373     1344.917   -1736.8084            0     3237.877 
     110   -2218.4056            0   -2218.4056            0   -13593.991    -2860.329    8.3911876    26.692599    6.5319075            0   -2260.0213   -1853.7326    1330.4682   -1736.7569            0     3237.877 
     120   -2235.4645            0   -2235.4645            0   -13874.237   -2890.6215      8.41818    26.642574    6.6309099            0   -2277.1562   -1860.7076    1321.1984    -1737.647            0     3237.877 
     130   -2250.2282            0   -2250.2282            0   -13876.671   -2905.5001    8.4786629    27.098382    6.7664866            0   -2292.5717   -1865.4868    1310.9251     -1738.01            0     3237.877 
     140   -2259.4458            0   -2259.4458            0   -13693.972   -2906.0904    8.8677143    28.437323    6.8391291            0   -2303.5899   -1872.9091    1306.9262    -1737.607            0     3237.877 
     150   -2267.2853            0   -2267.2853            0   -11428.852   -2806.9684    9.0998885    28.994735    7.0785722            0   -2312.4585   -1871.4129    1297.0775   -1738.1231            0     3237.877 
     160   -2275.3972            0   -2275.3972            0   -11110.442   -2800.0447    9.4464132    29.383475    7.4830278            0   -2321.7101   -1873.3539     1290.312   -1738.6682            0     3237.877 
     170    -2281.763            0    -2281.763            0   -12547.517   -2874.2707    10.292668    30.531415    7.8046031            0   -2330.3916   -1875.5347    1283.7194   -1738.5764            0     3237.877 
     180   -2290.2196            0   -2290.2196            0   -13515.852   -2928.4532    10.504548    31.673852    8.0638686            0   -2340.4618   -1882.5941    1281.0274   -1738.8952            0     3237.877 
     190   -2296.7404            0   -2296.7404            0   -12213.081   -2873.4557    10.589514    30.692169    8.1806439            0   -2346.2027   -1880.5616    1273.4764   -1739.1175            0     3237.877 
     200   -2302.0212            0   -2302.0212            0   -11927.476     -2865.25     10.50366    31.379706    8.0692214            0   -2351.9738    -1881.356    1268.8781    -1739.496            0     3237.877 
     210   -2307.1767            0   -2307.1767            0   -11645.569   -2857.0934     10.62955    29.968531    8.3234669            0   -2356.0982   -1883.2834    1266.7584   -1739.5731            0     3237.877 
     220   -2311.2804            0   -2311.2804            0   -11483.179   -2853.5289    10.695582    30.093076     8.552085            0   -2360.6211   -1883.9643    1262.8311   -1739.4879            0     3237.877 
     230    -2315.455            0    -2315.455            0   -11751.143    -2870.357    10.559724    30.312211    9.0432644            0   -2365.3702   -1885.1979    1259.2199   -1739.3922            0     3237.877 
     240   -2319.3055            0   -2319.3055            0   -12340.142   -2902.0208    10.722646    31.084901    8.6552863            0   -2369.7683   -1889.4929     1259.482   -1739.7575            0     3237.877 
     250   -2322.2003            0   -2322.2003            0    -12594.61   -2916.9318    10.859918    30.995455    8.5267804            0   -2372.5824   -1887.8396    1255.1569   -1739.8997            0     3237.877 
     260   -2324.3994            0   -2324.3994            0   -12711.205   -2924.6367    11.194162    31.427868    8.2847535            0   -2375.3062   -1884.2838    1249.1199   -1740.1423            0     3237.877 
     270   -2326.0196            0   -2326.0196            0   -12685.374   -2925.0371    10.972983    30.983208    8.0673753            0   -2376.0431   -1884.8261    1249.0182   -1740.2352            0     3237.877 
     280   -2327.0308            0   -2327.0308            0   -13158.156   -2948.3736    10.936959    31.580497    7.9279488            0   -2377.4762   -1887.6591    1250.2912   -1740.1083            0     3237.877 
     290   -2327.9299            0   -2327.9299            0   -13342.878   -2957.9954    11.028926    30.963286    7.9157156            0   -2377.8378   -1888.7153     1251.139   -1740.2615            0     3237.877 
     296   -2328.4526            0   -2328.4526            0   -13395.723   -2961.0135     10.87044    31.178986     7.945361            0   -2378.4474   -1890.1891    1252.0368    -1740.295            0     3237.877 
