Step TotEng KinEng PotEng Temp Press Enthalpy E_bond E_angle E_dihed E_impro E_pair E_vdwl E_coul E_long E_tail Volume 
       0   -13694.684    590.91954   -14285.604    229.53446   -9562.8876   -15785.287   0.17070316    17.281316    6.5241812            0    -14309.58   -10142.808    10566.284   -14733.055            0    14990.173 
      10   -13272.799    366.71668   -13639.516    142.44598   -5560.5672    -14488.43    2.0804738    25.310112    7.2324312            0   -13674.139   -10049.116    11107.691   -14732.713            0    14990.173 
      20   -13254.257    320.20237    -13574.46    124.37815   -4396.0886   -14215.314    2.1627319    25.845205    7.3741587            0   -13609.842   -9998.9262     11120.15   -14731.065            0    14990.173 
      30   -13225.089    296.04282   -13521.131    114.99371    -4006.791   -14101.038     1.411675    25.689287    9.5249251            0   -13557.757   -10014.631    11188.376   -14731.502            0    14990.173 
      40   -13181.251    302.94605   -13484.197    117.67517   -4610.4437   -14189.169   0.95955877    26.969792    8.4791606            0   -13520.605   -10038.781     11247.71   -14729.534            0    14990.173 
      50   -13116.145    358.91026   -13475.056    139.41369   -5795.9398   -14383.232    3.2000651    29.086129    9.3784646            0    -13516.72   -10097.396    11311.477   -14730.801            0    14990.173 
      60   -13019.758    438.17985   -13457.938    170.20485   -6622.4074   -14467.524    1.7985389    35.048994    7.5704631            0   -13502.356   -10140.618    11368.946   -14730.683            0    14990.173 
      70   -12889.153    505.86666   -13395.019    196.49685   -6725.4902   -14359.454    3.5384354    28.570457    7.7951256            0   -13434.923   -10130.326    11426.442   -14731.039            0    14990.173 
      80   -12730.217    572.10631   -13302.323    222.22672    -5515.753   -13936.051    1.7443809     28.84682    9.2956277            0    -13342.21   -10091.299    11480.817   -14731.728            0    14990.173 
      90   -12529.805     655.3094   -13185.114     254.5458   -4930.4623   -13607.684    3.5634303    37.645424    9.2041522            0   -13235.527   -10077.068    11572.034   -14730.494            0    14990.173 
     100   -12282.089    830.19383   -13112.283    322.47722   -5239.7137   -13427.576     4.073156    39.059716     12.39105            0   -13167.806   -10072.597    11633.577   -14728.787            0    14990.173 
     110   -11976.979    1032.5579   -13009.537    401.08272   -3669.7163   -12779.239    2.7275138    38.316333    10.991081            0   -13061.572   -10042.018    11707.547   -14727.101            0    14990.173 
     120   -11645.785    1185.4579   -12831.243    460.47458    -2220.726   -12131.272    5.0825212    46.977496    10.394001            0   -12893.697   -9956.3394    11789.386   -14726.744            0    14990.173 
     130   -11326.496    1305.1416   -12631.637    506.96407    26.289845   -11320.748    8.8727321    49.193034    9.7526454            0   -12699.456   -9842.1593     11864.77   -14722.066            0    14990.173 
     140   -11056.092    1398.9518   -12455.044    543.40332    1725.4341   -10678.884     5.565601    48.199525    9.3368223            0   -12518.146   -9780.8994    11984.701   -14721.947            0    14990.173 
     150   -10860.206    1494.5356   -12354.742    580.53153    94.089491   -10839.636    7.7778745     47.34857    10.283864            0   -12420.152   -9779.3905    12079.358   -14720.119            0    14990.173 
     160   -10765.946    1525.8355   -12291.781    592.68952    -1421.788   -11076.772    5.2904072    65.317061    11.591419            0    -12373.98    -9825.463    12175.454   -14723.972            0    14990.173 
     170   -10793.799    1498.8013     -12292.6    582.18846   -2841.7904    -11415.06    5.5844528    48.232831    11.898237            0   -12358.315    -9837.555    12202.154   -14722.915            0    14990.173 
     180   -10925.685    1349.9595   -12275.645    524.37294   -4675.9103   -11947.916    7.0556566    43.647243    9.9126909            0    -12336.26   -9801.3606    12192.031   -14726.931            0    14990.173 
     190   -11110.235         1153   -12263.235    447.86677   -5356.3695   -12281.224    5.5229245    54.887908     9.241744            0   -12332.887   -9790.3621    12179.069   -14721.594            0    14990.173 
     200   -11318.045    1007.8279   -12325.873    391.47672   -7532.9645   -12964.874    4.5326819    58.370457    8.0672499            0   -12396.843    -9832.796    12160.752   -14724.799            0    14990.173 
     210   -11529.682    914.15277   -12443.835     355.0899   -10114.895   -13740.963    6.6591604    49.400158    8.0262917            0   -12507.921   -9863.0247    12077.021   -14721.917            0    14990.173 
     220   -11731.735    806.62876   -12538.363     313.3237   -11925.006   -14338.735    5.4678819    41.837608    6.9334789            0   -12592.602   -9948.2191    12082.964   -14727.347            0    14990.173 
     230   -11918.352     745.5728   -12663.925    289.60736   -14648.503   -15120.754    3.8314054    40.243691    8.7379281            0   -12716.738   -10033.759    12044.058   -14727.037            0    14990.173 
     240   -12083.689    668.09914   -12751.788     259.5138   -15891.705   -15557.874    3.6557775    37.214508    8.2276973            0   -12800.886   -10094.248    12023.386   -14730.023            0    14990.173 
     250   -12228.219    611.01331   -12839.232     237.3396   -16539.865   -15844.103    3.7639765    32.664399    7.9659232            0   -12883.626   -10143.619    11991.919   -14731.926            0    14990.173 
     260   -12351.205    554.30601   -12905.511    215.31244   -16792.755   -16022.375    2.8760977     34.21843     8.079116            0   -12950.684   -10169.232    11949.099   -14730.551            0    14990.173 
     270     -12452.4    524.99879   -12977.399    203.92846   -16364.624   -16029.974    1.8968047    33.751336    6.5611662            0   -13019.608   -10186.156    11896.316   -14729.768            0    14990.173 
     280   -12538.027    502.32445   -13040.351    195.12093    -15885.96   -16010.957    1.3541826    30.912887    6.8656005            0   -13079.484   -10208.427    11861.073   -14732.131            0    14990.173 
     290   -12606.816    495.80074   -13102.617    192.58689   -15578.145   -16012.452    2.6108876    29.265692    7.3246104            0   -13141.818   -10223.626    11811.995   -14730.187            0    14990.173 
     300   -12661.787    502.11745   -13163.904    195.04052   -14432.704   -15817.011    3.3678574     29.31352    7.6503001            0   -13204.236   -10234.462    11761.082   -14730.856            0    14990.173 
     310   -12700.908    484.38207    -13185.29    188.15146   -13063.801   -15556.868    2.0270829    31.685598    7.9797357            0   -13226.983   -10233.484     11738.83   -14732.329            0    14990.173 
     320   -12725.969    483.94565   -13209.915    187.98194   -11779.514   -15301.163    3.0345424    27.364226    7.6712436            0   -13247.985   -10233.613    11716.877   -14731.248            0    14990.173 
     330   -12736.423    491.77937   -13228.203    191.02484   -9917.4841   -14904.547     1.940042    30.713478    6.3593901            0   -13267.216   -10252.539      11715.2   -14729.877            0    14990.173 
     340   -12732.826    519.32144   -13252.148    201.72317   -8810.8107   -14659.013    2.5243032    30.301179    6.9647674            0   -13291.938   -10266.473    11706.544   -14732.009            0    14990.173 
     350   -12714.812    534.00273   -13248.814    207.42592   -6976.0051    -14239.88    2.1824799    33.834025     7.456069            0   -13292.287   -10264.215    11701.308    -14729.38            0    14990.173 
     360   -12682.813    573.40545   -13256.218    222.73135   -5022.6401   -13780.844     2.527947    33.078222    6.4105491            0   -13298.235   -10249.852    11682.545   -14730.928            0    14990.173 
     370   -12636.488    624.29655   -13260.785    242.49929   -3707.1007   -13446.921    2.3389497    28.333124    7.6608269            0   -13299.117   -10247.177     11677.55   -14729.491            0    14990.173 
     380   -12577.094    642.90555       -13220     249.7277   -1897.9482   -12992.016    2.4418819    33.583358    6.9943392            0   -13263.019    -10236.29    11702.336   -14729.065            0    14990.173 
     390   -12506.743    674.59803   -13181.341     262.0382   -791.90557   -12679.866    2.2730821    37.732663    7.8081576            0   -13229.155   -10229.165    11731.036   -14731.026            0    14990.173 
     400   -12425.805    739.46646   -13165.271    287.23544   -157.93582   -12460.332    3.4554755    33.725225    8.8758548            0   -13211.328   -10216.311    11735.864   -14730.881            0    14990.173 
     410   -12335.048    789.16316   -13124.211    306.53943      921.474   -12133.598    2.5622252    34.086272    9.9958474            0   -13170.855   -10201.074    11757.284   -14727.065            0    14990.173 
     420   -12240.491    856.62154   -13097.113     332.7427    946.41836   -12033.589    2.8448117    37.576534    10.842241            0   -13148.377   -10185.722     11766.89   -14729.544            0    14990.173 
     430   -12145.591    907.94611   -13053.537    352.67901    1494.5959   -11818.848    3.4961224    41.512036    10.921645            0   -13109.467   -10153.537    11772.472   -14728.403            0    14990.173 
     440    -12060.95    922.70086    -12983.65    358.41029     1143.806   -11810.895    1.2465777     39.48537    11.297904            0    -13035.68   -10141.115    11832.079   -14726.643            0    14990.173 
     450   -11989.535     999.6504   -12989.185    388.30026    266.68286   -11931.234    4.1893566    34.585577    11.889507            0    -13039.85   -10119.243    11807.185   -14727.791            0    14990.173 
     460   -11937.741    990.46635   -12928.207    384.73285   -191.04303   -11979.506    3.9203572    39.588495    12.466491            0   -12984.183    -10079.05    11819.344   -14724.477            0    14990.173 
     470   -11910.383    1001.6435   -12912.027    389.07446   -1452.6773   -12227.962    5.3104683    37.938252    11.416587            0   -12966.692   -10068.589    11830.204   -14728.307            0    14990.173 
     480   -11907.647    994.29233   -12901.939    386.21899   -3319.3446    -12633.31    3.8150007    38.205901    12.206129            0   -12956.166   -10098.511    11863.187   -14720.842            0    14990.173 
     490   -11929.294    965.45041   -12894.744    375.01575   -4802.7821    -12979.26    2.7032412    36.784002    11.335437            0   -12945.567    -10111.97    11893.954    -14727.55            0    14990.173 
     500   -11969.804     921.5407   -12891.345    357.95964   -6280.6528   -13342.858    4.6874474    35.767264    11.155934            0   -12942.956   -10112.118    11893.773   -14724.611            0    14990.173 
     510   -12018.743    843.69872   -12862.442    327.72301   -7435.7778   -13644.325    3.5864293    39.880499    10.825605            0   -12916.734   -10108.196    11920.115   -14728.653            0    14990.173 
     520   -12074.033    808.09396   -12882.127    313.89284   -8685.8321   -13972.897    5.9387257    33.264238    10.663224            0   -12931.993   -10120.412    11917.521   -14729.102            0    14990.173 
     530   -12129.697    766.03002   -12895.727    297.55368   -9545.0657   -14216.404    2.1333982    34.666902    11.071025            0   -12943.598   -10130.133    11914.044    -14727.51            0    14990.173 
     540   -12185.678    769.05234   -12954.731    298.72766   -10549.448    -14491.96    1.7572618    35.471937    9.3968953            0   -13001.357   -10147.485    11875.636   -14729.507            0    14990.173 
     550   -12239.705    728.07869   -12967.784    282.81202   -10563.928   -14549.152    2.3372604    34.515321    10.002018            0   -13014.638   -10128.602    11839.347   -14725.383            0    14990.173 
     560   -12288.988    717.18982   -13006.178    278.58239   -10437.428    -14570.78    4.1022013    35.532449    8.3028132            0   -13054.116   -10128.057    11800.249   -14726.308            0    14990.173 
     570   -12332.291    672.45551   -13004.747    261.20597   -10278.806   -14579.406    4.0976006    31.533466    9.9221584            0     -13050.3   -10123.784    11802.744    -14729.26            0    14990.173 
     580   -12367.928    667.37358   -13035.302    259.23196   -10376.078   -14636.308    2.1494164    34.345904    10.015819            0   -13081.813   -10145.584    11792.492   -14728.721            0    14990.173 
     590    -12396.87    660.20593   -13057.076    256.44779   -9827.2131   -14545.259    3.4805944    30.522575    9.8377072            0   -13100.917   -10162.446    11790.705   -14729.176            0    14990.173 
     600     -12418.1    655.76122   -13073.861     254.7213   -9238.1075   -14437.701       1.9685     33.15012    9.3445835            0   -13118.325    -10168.23     11777.15   -14727.244            0    14990.173 
     610   -12431.788    675.07228   -13106.861    262.22242   -9245.6863   -14453.046    3.4683889     33.25658    9.1738576            0   -13152.759    -10204.99    11781.666   -14729.436            0    14990.173 
     620   -12439.097    680.88078   -13119.978    264.47865   -8374.2437   -14269.843    2.9856655    32.022247    9.6936803            0    -13164.68   -10208.059     11772.03    -14728.65            0    14990.173 
     630   -12439.005    633.94511   -13072.951    246.24714   -7036.2027   -13977.234    3.9144935    30.899151    10.073584            0   -13117.838   -10188.133    11798.928   -14728.632            0    14990.173 
     640   -12430.797    664.74428   -13095.541    258.21065   -6203.5216   -13786.988   0.99673113    35.060102    8.3013969            0   -13139.899   -10219.467    11806.331   -14726.763            0    14990.173 
     650   -12415.578    686.21086   -13101.789    266.54904    -5684.622   -13658.329    1.3943705    33.577328     8.020896            0   -13144.781   -10225.204    11810.056   -14729.634            0    14990.173 
     660    -12394.11    700.08571   -13094.196    271.93854   -4291.7947   -13332.366    3.1026008    35.250879     8.349127            0   -13140.898   -10222.291    11810.041   -14728.649            0    14990.173 
     670   -12366.934    722.52578    -13089.46    280.65507   -3704.6673   -13176.835    2.2998942    32.061001    10.572275            0   -13134.393   -10219.808    11816.737   -14731.322            0    14990.173 
     680   -12334.922    747.09947   -13082.021    290.20038   -3243.5849   -13044.022     7.319735    31.570909    10.031243            0   -13130.943    -10211.99    11810.804   -14729.758            0    14990.173 
     690   -12299.891    781.65372   -13081.544    303.62249   -2631.6252   -12875.207    2.8565502     35.74758    10.580614            0   -13130.729   -10203.143    11799.338   -14726.924            0    14990.173 
     700   -12264.463    810.40906   -13074.872     314.7921   -2780.5257   -12872.331    3.7002682    32.688525    8.2496351            0    -13119.51   -10211.299    11818.768   -14726.979            0    14990.173 
     710   -12231.116    829.47311   -13060.589    322.19727    -2218.783   -12716.178    2.1210375    33.097234    7.4626367            0    -13103.27   -10185.554    11806.709   -14724.425            0    14990.173 
     720   -12201.885    808.77925   -13010.664    314.15903   -1713.2131   -12576.421    3.5129127    34.553615     7.786904            0   -13056.517   -10170.484    11838.268   -14724.301            0    14990.173 
     730   -12177.513    819.15817   -12996.671    318.19057    -2132.463   -12643.704    4.4095084    32.235329    8.0849663            0   -13041.401   -10156.001    11837.159   -14722.559            0    14990.173 
     740   -12157.712    794.86467   -12952.576     308.7541   -2482.7056   -12700.472    3.9376366    30.224761    10.125477            0   -12996.864    -10132.71    11860.057   -14724.211            0    14990.173 
     750   -12140.744     848.3804   -12989.125    329.54154   -3302.1334   -12862.645    3.8781181    29.888769    9.1120538            0   -13032.004   -10148.328     11841.46   -14725.136            0    14990.173 
     760   -12129.223    856.64231   -12985.865    332.75076   -5198.3117   -13265.658    5.3621659    33.912865    8.7378651            0   -13033.878   -10185.476    11871.406   -14719.808            0    14990.173 
     770   -12126.968    874.58825   -13001.557    339.72161   -5512.7525   -13332.146    3.6196904    32.704054    7.6190752            0   -13045.499   -10191.167     11874.88   -14729.213            0    14990.173 
     780   -12135.231    866.60842    -13001.84    336.62196    -6525.561   -13561.825    3.3724867    31.628897    9.0915248            0   -13045.933   -10191.755    11872.667   -14726.844            0    14990.173 
     790   -12152.599    829.86781   -12982.467    322.35058   -6755.4684   -13629.455    3.0573767     33.36918     7.641093            0   -13026.535   -10194.219    11894.091   -14726.407            0    14990.173 
     800   -12175.677    833.04671   -13008.724    323.58538   -7947.8836   -13913.214    4.1556265    38.354744    7.4490653            0   -13058.683   -10210.711    11877.609   -14725.581            0    14990.173 
     810   -12202.575    793.57344   -12996.149    308.25254    -8489.518   -14058.522    5.3101385    29.106548    7.9996825            0   -13038.565   -10222.747    11911.467   -14727.284            0    14990.173 
     820   -12230.701    742.01061   -12972.712    288.22368    -8359.949   -14058.322    3.3977034    32.045613    9.0618039            0   -13017.217   -10205.303     11913.54   -14725.454            0    14990.173 
     830   -12257.653    747.17574   -13004.829       290.23   -8426.5178   -14099.827    2.1334774    32.257749    9.0386433            0   -13048.259   -10189.781     11870.43   -14728.908            0    14990.173 
     840   -12281.926    734.40294   -13016.329    285.26858   -8366.6225   -14111.006    3.9581504    34.403226    8.4015971            0   -13063.092   -10183.724    11849.231     -14728.6            0    14990.173 
     850   -12303.469    714.63253   -13018.101    277.58904   -8226.7447   -14101.969    2.7918174    35.440631    8.3160906            0    -13064.65   -10179.037    11839.885   -14725.497            0    14990.173 
     860   -12321.615    754.89733   -13076.512    293.22935   -8666.3796   -14216.227    1.8796413    33.512252    8.1080236            0   -13120.012   -10221.636    11831.394   -14729.771            0    14990.173 
     870   -12337.984    739.72652   -13077.711    287.33645   -8861.1671    -14275.18    2.6490968    32.820014    8.8169126            0   -13121.997   -10233.572     11835.58   -14724.005            0    14990.173 
     880    -12352.99    749.47367   -13102.464     291.1226    -7901.654    -14080.42    3.1017135    25.324353     7.245055            0   -13138.135   -10229.533     11817.28   -14725.882            0    14990.173 
     890   -12365.321      704.986   -13070.307    273.84198    -6864.744   -13866.066     2.235505     31.48105    7.4300638            0   -13111.453   -10211.688    11828.154   -14727.919            0    14990.173 
     900   -12373.626    696.28731   -13069.913     270.4631   -6466.5841   -13787.326    3.7522654    28.959961    8.1656516            0   -13110.791   -10214.083    11828.299   -14725.007            0    14990.173 
     910   -12377.336    719.42725   -13096.763    279.45148   -6198.1503   -13732.352    3.2160305    29.727916    7.9455916            0   -13137.652   -10255.063    11846.532   -14729.121            0    14990.173 
     920   -12377.699    748.98573   -13126.685    290.93307   -6291.8353   -13753.197    2.8041719    31.507574    7.7567208            0   -13168.753   -10279.184    11838.535   -14728.104            0    14990.173 
     930   -12376.523    764.66912   -13141.192    297.02506   -6103.5433   -13710.857    2.0938853    34.888274    8.8675379            0   -13187.042    -10291.29    11832.197   -14727.949            0    14990.173 
     940   -12374.986    752.67952   -13127.666    292.36787   -4853.3011   -13435.997    1.7659678    33.710428    9.6124576            0   -13172.754   -10266.128    11819.389   -14726.016            0    14990.173 
     950   -12372.606    746.43609   -13119.042    289.94269   -4367.2288   -13327.354     3.053193    36.950803    8.0369711            0   -13167.083   -10239.704    11802.087   -14729.467            0    14990.173 
     960   -12369.184    752.73941   -13121.923    292.39113   -3457.7609   -13125.106    4.1982846    31.207119    8.1710965            0     -13165.5   -10240.715    11802.584   -14727.368            0    14990.173 
     970   -12363.663    736.69674    -13100.36    286.15958   -3573.0354   -13144.787    4.1328174    29.866313    8.7482674            0   -13143.107   -10235.178    11820.355   -14728.284            0    14990.173 
     980   -12356.671    746.22289   -13102.894    289.85988   -2552.2785   -12914.641    2.4839683    28.894235    8.6815749            0   -13142.954    -10218.98    11803.166    -14727.14            0    14990.173 
     990   -12347.226    735.54898   -13082.775    285.71375   -3009.5411   -13005.161    3.2361517    32.680951    7.4427749            0   -13126.135   -10222.559    11824.279   -14727.855            0    14990.173 
    1000   -12335.789    762.58927   -13098.378    296.21717   -3105.4859   -13014.699    3.7664114    33.232587    8.3548663            0   -13143.732   -10228.812    11815.725   -14730.645            0    14990.173 
    1010   -12323.125    761.77984   -13084.905    295.90276    -3300.844   -13044.743    2.1354892    35.770096    6.6610554            0   -13129.472   -10217.226    11814.318   -14726.564            0    14990.173 
    1020   -12310.846    770.39321   -13081.239     299.2485   -3266.0951   -13024.868     2.881766    35.176799    7.4967595            0   -13126.795   -10205.754    11803.221   -14724.262            0    14990.173 
    1030   -12298.621    771.33502   -13069.956    299.61434   -4387.5249   -13257.806    3.7738365    31.500567    7.1731782            0   -13112.404   -10204.499    11821.151   -14729.056            0    14990.173 
    1040   -12286.057    787.73685   -13073.794     305.9854   -4721.6333   -13318.283    3.8702823    28.773173    6.9563535            0   -13113.394    -10214.89    11830.407   -14728.911            0    14990.173 
    1050   -12274.234    762.81642    -13037.05     296.3054   -5402.6641   -13455.344    4.2487439    30.579197    7.4951413            0   -13079.373   -10200.747    11842.142   -14720.768            0    14990.173 
    1060   -12263.373    780.61709    -13043.99    303.21983   -5762.5526   -13523.161    2.9638605    30.423971    6.9619115            0    -13084.34   -10198.452    11842.932    -14728.82            0    14990.173 
    1070   -12252.131    768.69268   -13020.823    298.58796   -6195.0353   -13606.466    6.2625676    29.582131    7.2639933            0   -13063.932   -10177.538    11839.634   -14726.028            0    14990.173 
    1080   -12242.325    807.75296   -13050.078    313.76038   -6727.3236   -13713.028    4.1684053    30.368882    8.1406477            0   -13092.756   -10173.932    11808.161   -14726.985            0    14990.173 
    1090   -12233.827    781.10665   -13014.934    303.40999   -6947.0963   -13752.575    2.8204964    33.611416    9.1868716            0   -13060.552   -10152.727    11818.992   -14726.818            0    14990.173 
    1100   -12227.105    791.37364   -13018.479    307.39806   -7400.8286   -13845.047    4.4897277    34.304319    9.5376781            0    -13066.81   -10156.364    11815.133    -14725.58            0    14990.173 
    1110   -12222.095     770.3973   -12992.493    299.25009   -7767.9192   -13920.289    5.6919185    32.126405    8.0050545            0   -13038.316   -10161.384    11847.886   -14724.818            0    14990.173 
    1120   -12217.961    789.05217   -13007.013    306.49632   -7995.7147   -13965.954     4.168068    34.269719      7.92413            0   -13053.375   -10158.122    11832.409   -14727.662            0    14990.173 
    1130   -12214.787    787.78861   -13002.575     306.0055   -8098.6071   -13985.274    3.7573796    34.758033    7.4152815            0   -13048.506   -10167.378    11846.076   -14727.205            0    14990.173 
    1140    -12213.28    803.34894   -13016.629     312.0497   -8410.6893   -14051.994    4.2280134    33.339829    7.8580813            0   -13062.055   -10182.126    11848.232   -14728.161            0    14990.173 
    1150   -12214.702    792.56573   -13007.268    307.86111   -8117.5425   -13989.329    2.3772714    33.859375    8.2802554            0   -13051.785   -10176.522    11852.109   -14727.372            0    14990.173 
    1160   -12217.953    768.35545   -12986.308    298.45696    -7542.863   -13866.946    5.1309515    36.535874    8.8800095            0   -13036.855   -10182.445    11871.706   -14726.116            0    14990.173 
    1170   -12222.869    773.01505   -12995.884    300.26692   -7931.9038   -13956.912    4.5557614     34.17491    7.6923281            0   -13042.307   -10188.123     11872.51   -14726.694            0    14990.173 
    1180   -12227.442    751.62767   -12979.069    291.95929   -7369.1537   -13838.459     3.431551    35.207641    8.5950958            0   -13026.304   -10218.886    11918.887   -14726.305            0    14990.173 
    1190   -12231.356    762.33318    -12993.69     296.1177   -7190.3323    -13803.28    3.2325323     33.47532     7.977538            0   -13038.375   -10214.872     11905.03   -14728.533            0    14990.173 
    1200   -12235.531    795.28844   -13030.819    308.91871   -6948.6024   -13754.608    3.2586697    34.540015    7.7981083            0   -13076.416   -10245.583    11897.477    -14728.31            0    14990.173 
    1210   -12241.722    793.89884   -13035.621    308.37894    -6416.677   -13644.513    3.7152564    32.383085    7.9922851            0   -13079.712    -10231.99    11880.307   -14728.029            0    14990.173 
    1220    -12250.33    784.74738   -13035.078    304.82418   -5493.7799    -13451.36    6.6241654    30.597105     7.495481            0   -13079.794   -10211.722    11857.455   -14725.527            0    14990.173 
    1230   -12260.441    800.96916   -13061.411     311.1253   -5099.0706   -13375.181    1.2724182    35.275954    8.3354518            0   -13106.294   -10217.105    11835.566   -14724.755            0    14990.173 
    1240   -12273.217    798.38719   -13071.604    310.12237   -4657.4833   -13291.418      4.41304    29.881753      8.32711            0   -13114.226   -10227.162    11839.286    -14726.35            0    14990.173 
    1250   -12288.466    804.45953   -13092.926    312.48109   -4335.5333   -13236.284    2.5177675    34.448658    8.7303957            0   -13138.622   -10212.736    11798.662   -14724.548            0    14990.173 
    1260    -12305.51    760.75531   -13066.265    295.50479   -3089.0327   -12980.823    2.5412466    35.543225    9.6050206            0   -13113.955   -10196.416    11807.608   -14725.147            0    14990.173 
    1270   -12322.675    786.42852   -13109.103    305.47719   -3473.3876   -13082.014    4.7529309      33.5297    8.5722369            0   -13155.958   -10231.752    11803.262   -14727.468            0    14990.173 
    1280   -12340.463    766.08496   -13106.548    297.57502   -3227.7076   -13046.093    3.2060796    34.489099    8.1194128            0   -13152.363   -10243.816    11818.114   -14726.661            0    14990.173 
    1290   -12357.661      742.217   -13099.878    288.30385   -2746.3152    -12958.05    1.9340694    33.033002    8.0095709            0   -13142.855   -10240.471    11826.859   -14729.243            0    14990.173 
    1300   -12373.642    747.11601   -13120.758     290.2068   -2963.1864   -13021.443    3.0694165    28.928754    7.9463708            0   -13160.703    -10259.61    11825.562   -14726.654            0    14990.173 
    1310   -12388.188    742.34319   -13130.531    288.35286   -3095.3512   -13064.882    3.4017482    29.360696    7.8938618            0   -13171.187    -10261.42    11816.775   -14726.542            0    14990.173 
    1320   -12400.975    736.71161   -13137.687    286.16535   -3309.7347   -13124.537    4.3174822    30.081765    7.2771565            0   -13179.363   -10257.815    11803.601   -14725.149            0    14990.173 
    1330   -12412.046    740.57219   -13152.618    287.66494    -3779.518    -13238.31      6.07963     24.92813    7.5631372            0   -13191.189   -10257.778    11796.688     -14730.1            0    14990.173 
    1340   -12420.287    710.92158   -13131.209    276.14758   -4008.9378   -13296.706    3.3461383     34.78025    8.2767324            0   -13177.612     -10256.5    11804.724   -14725.835            0    14990.173 
    1350   -12425.052    717.27571   -13142.327    278.61575   -4447.9497   -13397.446    2.3332644    31.933281      9.28644            0    -13185.88   -10238.992    11781.487   -14728.375            0    14990.173 
    1360   -12425.379    713.60094    -13138.98    277.18834   -4918.6238    -13500.67    2.7207874    36.542261    9.3695021            0   -13187.612   -10242.996    11781.452   -14726.068            0    14990.173 
    1370   -12422.032     712.1178   -13134.149    276.61223   -5113.0595    -13539.83     2.890884     33.72092    10.233764            0   -13180.995   -10231.785    11781.025   -14730.235            0    14990.173 
    1380   -12414.531    701.79184   -13116.323    272.60126   -5049.8049     -13518.5    3.7983608    29.519615    8.7983651            0   -13158.439    -10221.26    11791.982   -14729.161            0    14990.173 
    1390       -12402    713.66343   -13115.664    277.21261   -5982.1283   -13709.791    3.5815755    28.875745      8.65148            0   -13156.773   -10231.354    11802.972   -14728.391            0    14990.173 
    1400   -12385.293     724.0585   -13109.352    281.25043   -5968.6152    -13690.13    4.2793463    29.632262    7.6202276            0   -13150.884   -10225.705    11804.353   -14729.531            0    14990.173 
    1410   -12364.844    746.09911   -13110.943     289.8118   -6870.7595   -13866.904    3.0359101    32.184638    7.5243113            0   -13153.688   -10223.975    11799.558   -14729.271            0    14990.173 
    1420   -12342.536    766.76278   -13109.298    297.83831   -6837.0733   -13837.231    1.0286746    32.198956     6.772691            0   -13149.299   -10209.201    11789.969   -14730.067            0    14990.173 
    1430    -12319.61    765.26943   -13084.879    297.25824   -7203.6731    -13894.45    3.5039117     30.00288    7.0853685            0   -13125.472   -10206.976    11810.002   -14728.497            0    14990.173 
    1440    -12296.75    768.81215   -13065.562    298.63436   -6788.8564   -13780.905     1.487062    30.601434    6.8161079            0   -13104.467   -10189.934    11812.533   -14727.066            0    14990.173 
    1450   -12273.048    768.15153     -13041.2    298.37775   -6314.7146   -13653.548    6.1405925    27.763865    8.3561697            0   -13083.461     -10177.6    11822.596   -14728.457            0    14990.173 
    1460   -12249.874    823.55441   -13073.428    319.89823   -6679.0865   -13710.031    2.3748035    30.123347    8.0825362            0   -13114.009   -10182.646    11797.797    -14729.16            0    14990.173 
    1470   -12228.872    822.73611   -13051.608    319.58037   -6601.4305   -13672.052    4.5803686    34.007912    8.1278089            0   -13098.324   -10207.838     11837.85   -14728.336            0    14990.173 
    1480   -12212.553    853.32043   -13065.874    331.46042    -6897.375   -13720.432    4.2574128    32.934522    9.6583823            0   -13112.724   -10208.844    11822.501   -14726.381            0    14990.173 
    1490   -12201.935    811.15701   -13013.092    315.08263   -6263.3529   -13571.206    4.6371937    31.589008    8.6771062            0   -13057.995   -10180.923    11847.516   -14724.587            0    14990.173 
    1500   -12196.786    815.87997   -13012.666     316.9172   -5776.8429   -13459.698    2.3717389    31.325796     8.319539            0   -13054.683   -10148.797    11819.088   -14724.975            0    14990.173 
    1510   -12195.226    803.29077   -12998.517     312.0271   -5744.7645   -13451.125    6.5175118    41.200748    7.7560321            0   -13053.991   -10157.033    11830.183   -14727.141            0    14990.173 
    1520   -12197.224     809.3479   -13006.572    314.37991   -5884.7905   -13483.735    2.8810835    30.926563    7.2132521            0   -13047.593   -10182.121    11857.813   -14723.285            0    14990.173 
    1530   -12202.055    825.56311   -13027.618    320.67848   -5873.8571   -13486.176    3.2571042     31.52645    7.5477949            0    -13069.95   -10215.422    11874.109   -14728.637            0    14990.173 
    1540   -12211.383    818.70997   -13030.093    318.01648   -5765.2016    -13471.75     3.057526    35.750167    7.9773775            0   -13076.878   -10232.209    11880.882    -14725.55            0    14990.173 
    1550   -12224.772    797.97546   -13022.748    309.96244   -5134.9975   -13347.367    3.7813656    33.985181    7.5634196            0   -13068.078   -10234.896    11895.432   -14728.613            0    14990.173 
    1560   -12241.031    807.77315   -13048.804    313.76822   -5256.9646   -13390.289    2.1458361    33.646479    9.4833708            0    -13094.08   -10233.282    11862.892    -14723.69            0    14990.173 
    1570   -12259.122    779.44031   -13038.563    302.76272    -4832.551   -13315.597    4.1000845    32.737481    8.8140952            0   -13084.214   -10246.948    11890.712   -14727.978            0    14990.173 
    1580    -12278.23    769.37545   -13047.606    298.85317   -4954.2874   -13361.318    3.0263889     35.47753    7.2414735            0   -13093.351   -10244.555    11877.878   -14726.673            0    14990.173 
    1590   -12298.373    778.28521   -13076.658    302.31404    -5028.842    -13397.76    5.5397965    39.328942    7.7704185            0   -13129.297   -10247.561     11844.29   -14726.027            0    14990.173 
    1600   -12319.444    761.57338   -13081.017    295.82256   -4519.6736   -13307.518    2.1404183    37.065789    7.7986819            0   -13128.022   -10237.484    11837.776   -14728.315            0    14990.173 
    1610   -12340.225     775.2633   -13115.488    301.14022     -4832.14   -13396.609    4.8773078     34.98541     9.236472            0   -13164.587   -10235.539    11798.047   -14727.095            0    14990.173 
    1620   -12360.631    750.07434   -13110.705    291.35592   -4553.4792   -13356.095    2.5115188    35.702651    10.160773            0    -13159.08   -10245.746    11813.934   -14727.269            0    14990.173 
    1630   -12380.088    743.81774   -13123.906    288.92563   -4970.4215   -13466.703     2.348718    29.065205    9.1695968            0   -13164.489   -10254.751    11818.034   -14727.772            0    14990.173 
    1640    -12397.43    743.89588   -13141.326    288.95598   -5459.9198   -13591.058    2.5707342    29.561261    8.5899992            0   -13182.048   -10277.504    11826.121   -14730.665            0    14990.173 
    1650   -12412.122    745.85964   -13157.982    289.71878   -5717.4114   -13662.041    3.1391481    32.054008    7.7632484            0   -13200.938   -10275.254    11803.448   -14729.132            0    14990.173 
    1660    -12424.86     735.7592   -13160.619    285.79541   -5698.5212   -13670.649    2.8560363    30.770651    8.1203863            0   -13202.366   -10272.085    11796.338   -14726.619            0    14990.173 
    1670   -12435.045    739.54449    -13174.59    287.26575    -5409.937   -13617.746    3.0058368    33.355624    9.7189676            0    -13220.67   -10245.228    11755.848    -14731.29            0    14990.173 
    1680   -12442.327    718.47403   -13160.801    279.08122    -5076.721   -13552.181    3.7355543    39.264928    9.2864915            0   -13213.088   -10226.799    11740.783   -14727.072            0    14990.173 
    1690   -12445.972    714.32922   -13160.301    277.47123   -5134.7788   -13568.518    2.7374618    37.180182    10.632455            0   -13210.851   -10212.932    11730.313   -14728.232            0    14990.173 
    1700   -12445.616    729.45566   -13175.072    283.34688    -5427.786   -13632.219    1.8916248    36.073752    8.9078615            0   -13221.945   -10236.695    11744.288   -14729.539            0    14990.173 
    1710   -12441.925    711.02708   -13152.953    276.18856   -5643.4103   -13675.667    2.5819679    30.632031    9.9788053            0   -13196.145   -10227.492    11757.262   -14725.916            0    14990.173 
    1720   -12434.668    719.60535   -13154.274    279.52067   -5967.3946   -13739.238     4.881752    28.684158    9.5709814            0   -13197.411   -10251.592    11781.236   -14727.055            0    14990.173 
    1730   -12423.775     738.2566   -13162.031    286.76548   -6580.0347   -13862.277    2.5561676    24.884301    9.2090723            0   -13198.681   -10265.266    11794.073   -14727.487            0    14990.173 
    1740   -12410.681    765.87508   -13176.556     297.4935   -6163.4754   -13758.117     3.821268     29.66471    9.8793154            0   -13219.922   -10254.039    11761.096   -14726.979            0    14990.173 
    1750   -12396.252    748.87878    -13145.13    290.89152   -6061.4192   -13721.377    4.3063456    35.991101    9.6748581            0   -13195.103   -10237.822    11768.831   -14726.112            0    14990.173 
    1760   -12380.236    736.14634   -13116.383    285.94578   -5417.1195   -13564.507    4.7428014    30.519551    8.8582959            0   -13160.503    -10233.81    11802.751   -14729.445            0    14990.173 
    1770   -12362.722     768.1243   -13130.846    298.36718   -5584.0013   -13583.475     3.004735    32.758783     8.264861            0   -13174.874   -10221.072    11771.302   -14725.105            0    14990.173 
    1780   -12343.928    789.95018   -13133.878    306.84513   -5873.7764   -13628.031     8.120319     32.55969     6.585229            0   -13181.143       -10235    11780.345   -14726.488            0    14990.173 
    1790   -12326.131    803.26923   -13129.401    312.01873   -5840.8219    -13603.03    3.9461609    36.081131     7.276492            0   -13176.704   -10231.428    11779.572   -14724.849            0    14990.173 
    1800   -12311.233     815.8183   -13127.051    316.89324   -5808.5353   -13581.074    3.3345534    34.800066    8.4627611            0   -13173.649    -10235.67    11789.133   -14727.112            0    14990.173 
    1810   -12298.658    767.98884   -13066.647    298.31456   -5032.5763   -13398.861    3.6683756     36.50775    8.5302267            0   -13115.353   -10209.289    11819.698   -14725.762            0    14990.173 
    1820   -12289.087    788.92627   -13078.013    306.44741   -5010.9797   -13384.569    4.4165418    29.292757    11.326649            0   -13123.049     -10208.7    11812.101    -14726.45            0    14990.173 
    1830   -12281.238    810.42597   -13091.664    314.79867   -5429.0494   -13468.117    2.6873733    34.074043    9.5158358            0   -13137.941   -10224.658     11811.17   -14724.453            0    14990.173 
    1840   -12276.489    807.49583   -13083.985     313.6605   -5650.3864   -13511.755    2.0040723    35.972105    9.8928155            0   -13131.854   -10257.919    11853.548   -14727.483            0    14990.173 
    1850   -12274.705    785.39176   -13060.096    305.07448   -5345.4331   -13443.303    3.6867798     33.58215    8.4385141            0   -13105.804   -10253.284    11874.302   -14726.823            0    14990.173 
    1860   -12274.889    781.73341   -13056.623    303.65345   -5177.4593   -13406.766    4.8097147    31.917084    8.3240585            0   -13101.674   -10254.999     11878.37   -14725.044            0    14990.173 
    1870   -12276.113    772.61801   -13048.731    300.11269   -4315.5526   -13219.563    1.9998302     35.85964    9.2125997            0   -13095.803   -10230.634     11862.29   -14727.458            0    14990.173 
    1880   -12277.872    775.61903   -13053.491     301.2784   -4217.4262    -13199.87     3.852667    36.915618    7.9197532            0   -13102.179   -10210.066    11833.451   -14725.564            0    14990.173 
    1890   -12280.663    805.18585   -13085.849    312.76322   -3902.3881   -13133.789    3.0846965    36.604131    6.9513417            0   -13132.489   -10228.897     11820.71   -14724.302            0    14990.173 
    1900   -12286.354    786.73915   -13073.093    305.59786   -4594.2444   -13290.731    3.7715586    32.717345    8.7786324            0   -13118.361   -10242.063    11852.203   -14728.501            0    14990.173 
    1910   -12294.697    781.96171   -13076.659    303.74213   -4016.4457   -13172.757    1.9195501    32.715498    8.1106604            0   -13119.404   -10237.937    11846.165   -14727.632            0    14990.173 
    1920   -12304.132    765.73393   -13069.866    297.43867   -3840.4996   -13143.728    3.3966767    38.299702    8.2607195            0   -13119.823   -10209.372    11816.982   -14727.433            0    14990.173 
    1930   -12313.629    761.20662   -13074.836     295.6801   -4592.5927   -13317.645    4.4308997    32.875486     7.431539            0   -13119.574   -10221.635    11826.814   -14724.752            0    14990.173 
    1940   -12323.743    793.47101   -13117.214    308.21275   -4968.8483   -13410.014    3.0860631    33.828872    7.9746404            0   -13162.103   -10246.616    11810.304   -14725.791            0    14990.173 
    1950   -12335.527    767.55692   -13103.084    298.14679   -4965.1902   -13420.998    3.0658983    35.455864     7.206549            0   -13148.812   -10218.138    11793.573   -14724.247            0    14990.173 
    1960   -12348.165     781.5242   -13129.689    303.57218   -5009.1776   -13443.253    2.3230523    30.183701    8.4548607            0   -13170.651   -10217.548    11774.999   -14728.102            0    14990.173 
    1970   -12360.089    745.39125    -13105.48    289.53684   -4140.2822   -13265.222     1.675333    31.748093    9.3604718            0   -13148.264   -10191.718    11769.098   -14725.644            0    14990.173 
    1980   -12371.241    762.09254   -13133.333    296.02422    -4965.481   -13456.776    3.5036992    33.917997    8.8901641            0   -13179.645   -10196.753    11746.516   -14729.408            0    14990.173 
    1990   -12381.025     743.1896   -13124.215    288.68164   -4777.2173   -13425.403    2.0151073    37.697828     7.043813            0   -13170.971   -10201.668    11760.554   -14729.858            0    14990.173 
    2000   -12389.203    744.61059   -13133.814     289.2336   -5249.1775   -13536.759    1.9367816    31.507247    8.4726375            0    -13175.73   -10217.657    11769.833   -14727.907            0    14990.173 
    2010   -12395.282    735.34226   -13130.624    285.63345   -5834.1868    -13670.73     4.026112    33.006089    8.3602811            0   -13176.016   -10233.996    11788.182   -14730.202            0    14990.173 
    2020   -12400.158    770.81285   -13170.971    299.41151   -6244.6828   -13765.347    5.2059399    34.324737    8.2310494            0   -13218.733   -10248.532    11760.667   -14730.867            0    14990.173 
    2030   -12404.244     735.6626   -13139.906    285.75788   -6109.5365   -13739.888    4.0630733     32.01054    10.514874            0   -13186.495   -10238.948    11783.561   -14731.108            0    14990.173 
    2040   -12406.529    755.39806   -13161.927    293.42385   -6163.0118   -13753.864    1.6130568    27.617177    9.4197359            0   -13200.577   -10259.618    11789.336   -14730.295            0    14990.173 
    2050   -12407.221    759.43366   -13166.654    294.99142   -6891.3064   -13913.773    3.6898039    32.344084    10.675004            0   -13213.363   -10287.083    11804.109    -14730.39            0    14990.173 
    2060   -12407.847    753.35098   -13161.198    292.62869   -6659.7943   -13863.787    3.8975964    30.796988    9.0176128            0    -13204.91   -10293.904    11817.711   -14728.718            0    14990.173 
    2070   -12407.195    758.81067   -13166.005    294.74943    -6997.172    -13936.89    3.0023037    30.426293    9.0193984            0   -13208.453   -10307.119    11827.089   -14728.423            0    14990.173 
    2080    -12405.56    757.37863   -13162.939    294.19317   -6771.3174   -13885.881    5.1286038    28.125256    8.7527352            0   -13204.946   -10315.047    11838.851    -14728.75            0    14990.173 
    2090   -12402.778    769.41144    -13172.19    298.86715   -6644.7789   -13855.435    3.7330262     31.60254    8.8327333            0   -13216.358   -10298.268    11811.116   -14729.206            0    14990.173 
    2100    -12399.78    745.74898   -13145.529    289.67579   -5901.3514   -13689.912     3.073261    33.099145    8.0565725            0   -13189.758   -10279.508    11818.584   -14728.834            0    14990.173 
    2110   -12396.644    764.36489   -13161.009    296.90688    -4857.686   -13458.614    1.9347989    28.600862     8.256535            0   -13199.801     -10244.4    11773.427   -14728.828            0    14990.173 
    2120   -12392.072    758.29183   -13150.363    294.54789   -5284.9513   -13547.448    3.6926228    30.715622    9.3103353            0   -13194.082   -10257.773    11791.382    -14727.69            0    14990.173 
    2130   -12386.921    768.89636   -13155.817    298.66707   -4781.4269   -13432.219    3.0689126    30.960132    9.1257346            0   -13198.972   -10271.127     11796.94   -14724.785            0    14990.173 
    2140   -12381.822    781.45496   -13163.277    303.54529   -4637.9887   -13395.762    2.5165802    31.926833    9.8790154            0     -13207.6    -10253.72    11775.097   -14728.977            0    14990.173 
    2150   -12377.363    762.95992   -13140.323    296.36115   -3862.9191   -13221.861    4.9273959    30.028291    9.8907104            0    -13185.17   -10215.498    11760.352   -14730.024            0    14990.173 
    2160   -12372.592    767.07008   -13139.662    297.95768    -4109.077   -13270.903    3.1285834    30.586779    11.348389            0   -13184.726   -10239.419    11786.081   -14731.387            0    14990.173 
    2170   -12366.575    752.72533   -13119.301    292.38566   -4229.6577   -13291.247    3.6979752    36.772438    10.764581            0   -13170.536   -10223.254    11785.493   -14732.775            0    14990.173 
    2180   -12359.744    768.52156   -13128.266    298.52149   -4382.0007   -13317.721    4.4698069    33.312232     12.17299            0   -13178.221   -10229.403    11780.349   -14729.167            0    14990.173 
    2190    -12351.85    774.59377   -13126.444    300.88015    -4423.456    -13318.89    4.4054061    36.059067    11.207321            0   -13178.116   -10216.413    11767.035   -14728.738            0    14990.173 
    2200   -12344.102    783.97767    -13128.08     304.5252   -4760.4258   -13384.809    3.5590727    38.530795    11.093451            0   -13181.263   -10212.894    11761.529   -14729.898            0    14990.173 
    2210   -12338.213    791.82728   -13130.041    307.57427   -5009.2235   -13433.311    3.4327024    32.861068    11.266487            0   -13177.601   -10218.527    11767.433   -14726.507            0    14990.173 
    2220   -12334.217    804.97054   -13139.187    312.67959   -5372.8449   -13508.808    3.9711052    32.759811    8.8337067            0   -13184.752   -10230.439    11775.849   -14730.162            0    14990.173 
    2230   -12333.001    787.10602   -13120.107    305.74036   -5650.6974   -13568.335      3.36027    27.905898    10.019699            0   -13161.393   -10231.354    11797.366   -14727.404            0    14990.173 
    2240   -12333.262    791.09307   -13124.355    307.28907   -5599.4649   -13557.396    1.7901437    37.825549    8.7213973            0   -13172.692   -10238.396    11793.829   -14728.125            0    14990.173 
    2250   -12334.426    760.09502   -13094.521    295.24831   -5444.9194   -13524.774    3.0074374    33.170955    9.4510645            0    -13140.15   -10230.147    11819.177    -14729.18            0    14990.173 
    2260   -12336.007     750.1734    -13086.18     291.3944   -5442.4383   -13525.812    3.0320893    39.148562    7.9394006            0     -13136.3   -10195.121    11788.892   -14730.072            0    14990.173 
    2270   -12336.231    773.32071   -13109.552    300.38565   -5847.0371   -13614.489    3.6760575    33.369013    7.4470266            0   -13154.044   -10219.437    11795.455   -14730.063            0    14990.173 
    2280   -12336.665    783.71099   -13120.376    304.42161   -6739.0888   -13809.939    4.0883694    33.622425    8.4307174            0   -13166.517   -10250.695    11812.272   -14728.094            0    14990.173 
    2290   -12339.398    791.89865   -13131.297    307.60199   -7212.9488   -13916.266    3.9519904    25.795692    8.0444352            0   -13169.089   -10275.145    11834.467   -14728.411            0    14990.173 
    2300   -12343.156    770.57667   -13113.733    299.31977   -6985.8245   -13870.371    4.3536806     31.89931      10.3236            0   -13160.309   -10268.304    11835.536   -14727.542            0    14990.173 
    2310   -12348.266    785.89579   -13134.162    305.27026   -7222.3258   -13927.184    5.4483131    32.687777    9.5524666            0   -13181.851   -10271.453    11820.833   -14731.231            0    14990.173 
    2320   -12354.106    755.92471    -13110.03    293.62841   -6396.5236    -13752.49    3.8176929    37.911503    9.6287775            0   -13161.388   -10258.247    11827.915   -14731.057            0    14990.173 
    2330   -12359.637     789.1914   -13148.828     306.5504   -6465.6714   -13773.138    4.1226982    33.584089    8.2723429            0   -13194.808   -10254.703     11791.79   -14731.895            0    14990.173 
    2340   -12366.147    769.93073   -13136.077    299.06886   -5817.2931   -13637.902    4.9767433     35.71712    10.141498            0   -13186.913   -10213.776    11756.157   -14729.294            0    14990.173 
    2350   -12373.604    744.41288   -13118.017    289.15681   -4614.5427   -13382.418    3.2150381    31.147502    8.9175947            0   -13161.297   -10189.849    11756.559   -14728.006            0    14990.173 
    2360   -12379.384    757.49256   -13136.877    294.23742   -4774.3814   -13423.142    4.0164515    31.451274    8.0246292            0   -13180.369   -10194.722     11740.69   -14726.337            0    14990.173 
    2370   -12383.815    762.54311   -13146.358    296.19924    -4912.468   -13457.761    1.8213891    31.993645    8.2522178            0   -13188.425   -10239.585    11781.192   -14730.033            0    14990.173 
    2380   -12387.827    778.12645   -13165.954    302.25237   -5178.1092   -13519.846    3.7412774    32.955563    8.0175221            0   -13210.668   -10252.693    11771.916   -14729.891            0    14990.173 
    2390    -12392.81    765.90526   -13158.715    297.50522   -4811.3258   -13444.644     3.165886    28.406595    8.8877818            0   -13199.176   -10254.038    11781.555   -14726.693            0    14990.173 
    2400   -12397.578    762.02259     -13159.6    295.99705     -4874.57   -13463.238     5.142839    30.509499    9.0651943            0   -13204.318   -10245.995    11772.576   -14730.899            0    14990.173 
    2410   -12401.469     747.9085   -13149.377    290.51463   -4467.1699   -13378.065    2.6156261    31.991799    8.7003068            0   -13192.685   -10252.881    11790.657    -14730.46            0    14990.173 
    2420     -12404.1    745.16246   -13149.263    289.44797   -4804.7979   -13454.507    2.7660154    34.630713    7.6716832            0   -13194.331   -10255.242     11791.17   -14730.259            0    14990.173 
    2430   -12405.816     774.7012   -13180.518    300.92188   -5106.3988   -13522.158    2.2466019    31.858603     9.633012            0   -13224.256   -10288.696    11794.098   -14729.658            0    14990.173 
    2440   -12406.819    757.92763   -13164.747    294.40642    -5179.829   -13539.214    3.5450366    29.709134    9.3762724            0   -13207.377   -10306.019    11828.022    -14729.38            0    14990.173 
    2450   -12407.295    751.47651   -13158.772    291.90057   -5138.7068     -13530.7    2.8596842    28.843707    10.133025            0   -13200.608   -10294.821     11823.29   -14729.077            0    14990.173 
    2460   -12406.515    726.95993   -13133.475    282.37745   -4299.2956   -13346.411    2.8286023    36.108856    11.225274            0   -13183.638   -10285.076    11829.089   -14727.651            0    14990.173 
    2470   -12402.973    741.79379   -13144.767    288.13946   -4662.9554   -13422.371     4.397564    32.054271    12.075142            0   -13193.294   -10284.782    11821.619   -14730.131            0    14990.173 
    2480   -12396.752    752.38626   -13149.139    292.25395    -4013.634   -13274.198    3.2768467    27.862828    10.177219            0   -13190.456   -10260.837    11801.212   -14730.831            0    14990.173 
    2490   -12389.254    777.57293   -13166.827    302.03737   -4327.1538    -13335.24    1.5264674    34.310986    10.535788            0     -13213.2   -10252.223    11770.092   -14731.069            0    14990.173 
    2500   -12382.818    777.34952   -13160.167    301.95058   -4642.8337   -13397.817    3.2288106    35.540122    9.9056101            0   -13208.842    -10237.57    11756.007   -14727.278            0    14990.173 
