Step TotEng KinEng PotEng Temp Press Enthalpy E_bond E_angle E_dihed E_impro E_pair E_vdwl E_coul E_long E_tail Volume 
       0   -6803.8228    338.90484   -7142.7276    217.11436   -4998.6854   -7433.2721   0.25344769    18.014864    7.9142234            0   -7168.9102   -4277.7556    7205.4659    -10096.62            0    8634.3385 
     100   -5875.3385    535.12178   -6410.4603    342.81782    3952.6688   -5377.6067    4.5163964    37.278154     10.28334            0   -6462.5382   -4258.6376     7889.023   -10092.924            0    8634.3385 
     200   -5354.9296    634.80273   -5989.7323    406.67695   -1610.6506   -5557.7475     5.803592    46.154437    16.338412            0   -6058.0287   -4224.1003      8259.27   -10093.198            0    8634.3385 
     300   -6114.4031    292.17674   -6406.5799    187.17869   -11250.386   -7531.0852    2.4974048    25.705319    9.9215964            0   -6444.7042   -4375.1611    8027.7486   -10097.292            0    8634.3385 
     400   -5930.7117    444.39995   -6375.1117    284.69823     692.3488   -5843.5291    2.1869516    33.025079     9.461111            0   -6419.7848   -4309.2732    7984.6184    -10095.13            0    8634.3385 
     500   -5600.8247    573.14032    -6173.965    367.17384    5471.1424   -4911.8822     3.742503     30.69037    7.6479927            0   -6216.0459   -4315.3014    8191.5371   -10092.282            0    8634.3385 
     600   -5917.5319    406.45192   -6323.9838    260.38739   -5006.2313   -6547.9314    4.5986847    32.590409    7.5755807            0   -6368.7485   -4301.2619    8025.6528   -10093.139            0    8634.3385 
     700   -5924.9558    434.29381   -6359.2496    278.22388   -5691.6614   -6641.6667    4.5860987    32.506513    8.1869743            0   -6404.5292   -4323.5026    8012.7695   -10093.796            0    8634.3385 
     800   -5751.6303    525.82107   -6277.4514    336.85947    171.61429   -5730.0201    2.7674002    34.660578    7.5481894            0   -6322.4275    -4311.432     8083.087   -10094.083            0    8634.3385 
     900   -5860.9504    449.66307   -6310.6135    288.06997   -687.14766   -5947.4781    2.2284783    32.196152    8.5964765            0   -6353.6346   -4307.4029    8049.0234   -10095.255            0    8634.3385 
    1000   -5900.2739    450.64984   -6350.9237    288.70213   -3393.1514   -6327.5496    3.6052829    29.090982    9.5153201            0   -6393.1353   -4303.6681    8005.2954   -10094.763            0    8634.3385 
    1100   -5814.4164    477.97023   -6292.3866    306.20453   -2497.0387   -6128.8509     4.979651    40.028637    12.060644            0   -6349.4555   -4319.9511    8059.6009   -10089.105            0    8634.3385 
    1200   -5835.2917    508.51427    -6343.806    325.77212   -3844.7124   -6319.4293    1.8802626    34.507516    9.5254572            0   -6389.7192     -4359.49     8063.922   -10094.151            0    8634.3385 
    1300   -5913.0805    461.80165   -6374.8822    295.84638   -2750.2076   -6259.3948     3.685484    38.190988     7.410611            0   -6424.1692   -4298.2297    7967.6404    -10093.58            0    8634.3385 
    1400   -5911.5074    456.10498   -6367.6124    292.19689   -1941.8582    -6156.032    2.0036771    38.124968    8.0215339            0   -6415.7626   -4308.5976      7986.76   -10093.925            0    8634.3385 
    1500   -5859.9617    469.56429   -6329.5259    300.81939   -2937.4259   -6229.8511    2.9367144    36.231865    10.020769            0   -6378.7153   -4325.7939    8041.6727   -10094.594            0    8634.3385 
    1600   -5868.7411    469.88439   -6338.6255    301.02446   -5847.9884   -6605.1372    3.9553937    33.556218    10.833249            0   -6386.9704   -4350.3038     8058.187   -10094.854            0    8634.3385 
    1700   -5899.1716    442.97334   -6342.1449    283.78429   -4266.6143   -6436.4363    5.1200189    33.558896    10.127899            0   -6390.9517   -4325.4261    8028.9267   -10094.452            0    8634.3385 
    1800   -5862.7723     478.1229   -6340.8952    306.30234   -3580.1017   -6313.5894    2.4272005     39.64676    8.6278841            0   -6391.5971   -4358.3231    8059.8752   -10093.149            0    8634.3385 
    1900   -5878.0842    476.26151   -6354.3457    305.10987   -4560.9918   -6452.4178    3.3589357      38.6593     7.594249            0   -6403.9582   -4331.9154    8020.1696   -10092.212            0    8634.3385 
    2000   -5883.9605    446.19177   -6330.1523    285.84614    -4861.467   -6496.1309    2.2261061     34.37727    9.2286597            0   -6375.9844    -4335.499     8053.115     -10093.6            0    8634.3385 
    2100   -5882.2962    455.91453   -6338.2107    292.07488   -3459.9136   -6317.9788    6.1835466    28.628033    7.6047398            0   -6380.6271   -4369.2176    8083.2624   -10094.672            0    8634.3385 
    2200   -5896.3871    473.89796   -6370.2851    303.59569   -3774.2939   -6371.6574    3.2050734    34.632206    10.612647            0    -6418.735   -4368.4692    8044.9983   -10095.264            0    8634.3385 
    2300   -5909.2241    451.47729   -6360.7013    289.23223   -5384.2221   -6587.2213    5.5979695    33.705776    8.2148257            0   -6408.2199   -4362.2691    8049.7783   -10095.729            0    8634.3385 
    2400   -5940.6365    455.32782   -6395.9643    291.69901   -3838.8564   -6424.0367    3.3498096    36.143071    7.3582397            0   -6442.8154   -4362.3685    8012.8963   -10093.343            0    8634.3385 
    2500   -5954.4289     442.6371    -6397.066    283.56888   -2039.2818   -6211.2213    4.8301223    28.430509    9.1650826            0   -6439.4917   -4372.5387    8027.1616   -10094.115            0    8634.3385 
