Step TotEng KinEng PotEng Temp Press Enthalpy E_bond E_angle E_dihed E_impro E_pair E_vdwl E_coul E_long E_tail Volume 
    2500   -2372.3979    190.59624   -2562.9941    299.25626   -8038.8036   -2878.5329    2.5880194    28.010755    9.3150986            0    -2602.908   -1912.4923    2682.7936   -3373.2093            0    4317.1693 
    2510   -2375.5508    194.68906   -2570.2399    305.68242    2268.2496    -2237.649    3.4701319     30.16135    9.6479346            0   -2613.5193   -1895.3798    2651.6763   -3369.8157            0     4168.724 
    2520   -2371.9528    192.38381   -2564.3367    302.06294    1702.2316   -2267.9194    2.8625097    35.217169    8.4236774            0     -2610.84    -1905.803    2667.7276   -3372.7647            0    4190.6209 
    2530    -2372.357    193.59784   -2565.9548     303.9691   -124.30298   -2379.9274    2.5824973     28.23548     8.622247            0    -2605.395   -1914.5846    2680.7678   -3371.5782            0    4176.0423 
    2540    -2373.654    195.10399    -2568.758    306.33391   -1931.6585   -2491.4206    2.6329481    31.871759    8.2391788            0   -2611.5019   -1920.9109    2682.2474   -3372.8383            0    4180.3807 
    2550   -2375.5896     202.0749   -2577.6645    317.27898    15.213585   -2374.6672    4.8152767    28.925382    9.2857942            0    -2620.691   -1929.1096    2682.3599   -3373.9412            0    4157.3356 
    2560   -2375.5636    203.58594   -2579.1496    319.65146     2255.114   -2240.0597    4.0674623    31.362005    8.4943336            0   -2623.0734   -1917.2058    2667.4698   -3373.3373            0    4120.0968 
    2570   -2378.1431    206.36142   -2584.5046    324.00927   -1917.2598   -2494.6481    1.6197329    36.218256    9.3679838            0   -2631.7105   -1914.9693    2656.2026   -3372.9439            0    4166.6567 
    2580   -2381.8088    197.65063   -2579.4594    310.33241   -238.23479   -2396.1392    2.7486203    29.030424    9.3389638            0   -2620.5774   -1911.9299    2662.6079   -3371.2555            0    4124.5514 
    2590   -2385.2023    193.15747   -2578.3597    303.27766    1142.2498   -2316.6495    4.9503283    28.922406    9.2082463            0   -2621.4407   -1909.9207    2661.8901   -3373.4102            0    4115.1731 
    2600   -2388.1288    178.27917   -2566.4079    279.91717    433.38903   -2362.1719    3.3414844    30.495829    10.285734            0    -2610.531   -1898.6008    2660.2909   -3372.2211            0    4106.7456 
    2610   -2392.5385    180.28456   -2572.8231    283.06584   -1653.0011   -2491.7525    3.0266254    30.566926    9.2269012            0   -2615.6436   -1912.1167    2670.8443   -3374.3712            0    4115.5122 
    2620    -2394.004    179.70239   -2573.7064    282.15176    677.12349   -2353.8772    2.2630811    28.621721    9.6867259            0    -2614.278   -1922.7439     2682.944   -3374.4781            0    4063.4105 
    2630   -2395.5235    193.65569   -2589.1792    304.05992    674.88889   -2355.6792    4.0675128    31.387161    8.3373615            0   -2632.9712   -1933.1964    2674.5145   -3374.2894            0    4048.1654 
    2640   -2396.2935    181.25249    -2577.546    284.58559    242.33459   -2382.0499    2.0232023    30.375431    10.772186            0   -2620.7169   -1919.2666    2671.4614   -3372.9116            0    4030.2327 
    2650   -2398.4341    182.32704   -2580.7612    286.27274   -2863.3832   -2568.0068    3.6207456    28.857578    8.9394365            0   -2622.1789   -1928.3157    2678.7928   -3372.6561            0    4060.6966 
    2660   -2398.5641    195.37975   -2593.9438    306.76688    2730.1204   -2240.2095    3.8490295    28.059123    8.9260273            0    -2634.778   -1921.3184     2659.328   -3372.7876            0    3977.1586 
    2670   -2397.5237    192.59402   -2590.1177    302.39299   -46.496595   -2400.2433    3.3903562    33.155282    9.0815779            0    -2635.745   -1920.8993    2658.2464    -3373.092            0      4010.55 
    2680   -2399.1569    187.18033   -2586.3373    293.89293   -1030.8424   -2459.4784    3.9678233    31.391547    9.0083245            0    -2630.705   -1923.8197      2665.89   -3372.7753            0    4012.3947 
    2690   -2398.5557      191.116   -2589.6717    300.07234    287.11558   -2381.8292    2.1694794    32.512529    8.4250679            0   -2632.7787   -1922.3822    2664.2649   -3374.6614            0      3994.59 
    2700   -2398.9858    199.17417     -2598.16    312.72452   -215.23873   -2411.5103    3.6254082    27.650379    8.4712417            0    -2637.907   -1925.5231    2661.9811    -3374.365            0    3989.9355 
    2710   -2400.1543    178.82062   -2578.9749     280.7673    -541.6642    -2431.757    3.6940816    25.703436    8.7335679            0    -2617.106   -1921.3243    2675.5071   -3371.2888            0    4000.5447 
    2720   -2399.5812    198.81196   -2598.3931    312.15582    1300.5272   -2324.1962    2.5609226    25.203166    7.7610564            0   -2633.9183   -1930.2975    2669.5724   -3373.1931            0    3974.5603 
    2730   -2399.6451    181.20627   -2580.8513    284.51301   -1467.9152   -2485.1427     2.157034     30.10899    9.5765328            0   -2622.6939   -1942.4117    2692.1528   -3372.4351            0    3993.7181 
    2740   -2401.5791     192.7467   -2594.3258    302.63272    914.95159   -2348.7041    4.9977511    29.981248    10.014656            0   -2639.3195   -1943.0131    2676.8877    -3373.194            0    3962.5646 
    2750   -2398.8911    184.21221   -2583.1033    289.23267    741.59121   -2355.9807    3.6495149    32.473245    10.178453            0   -2629.4045   -1931.6577    2676.3006   -3374.0473            0    3967.5476 
    2760   -2401.3797    185.38296   -2586.7627    291.07086    -1413.752   -2483.5707    2.8735432    28.790953    9.2962237            0   -2627.7234   -1931.7949    2677.5307   -3373.4592            0    3986.3461 
    2770   -2398.9318    180.72869   -2579.6605    283.76317   -14.694211   -2399.7806    1.8318696     28.57193    11.265659            0     -2621.33   -1930.0969    2680.9266   -3372.1596            0     3960.973 
    2780   -2399.6824    185.11855    -2584.801    290.65572   -9.3004042   -2400.2189    3.7044992    32.823113    10.413261            0   -2631.7419   -1942.0073    2682.9124    -3372.647            0    3955.2962 
    2790   -2395.1554    195.83009   -2590.9855    307.47397    1063.5313   -2334.2877    4.5762307    29.816088    10.906027            0   -2636.2839   -1942.8508    2680.9676   -3374.4007            0    3924.2854 
    2800   -2396.6046    201.24097   -2597.8455    315.96962   -1516.7174   -2483.6612    2.7688513    29.972189    9.9717539            0   -2640.5583   -1946.3902    2678.9225   -3373.0906            0    3935.6932 
    2810   -2394.3519    202.50786   -2596.8597    317.95876    -109.5961   -2400.6126    2.5040398    29.469082    9.7626255            0   -2638.5955    -1933.327    2666.7087   -3371.9771            0    3917.0043 
    2820   -2396.2111    195.13897   -2591.3501    306.38883    299.34272   -2379.2017    3.8561561    36.359798    9.6602609            0   -2641.2263   -1926.2565    2658.7606   -3373.7305            0    3896.2438 
    2830   -2394.8728    182.15828   -2577.0311    286.00778    1578.6114   -2305.5359    4.2107491    32.172057    9.4574826            0   -2622.8714     -1919.12    2668.6283   -3372.3798            0    3880.4302 
    2840   -2396.0533    185.25781   -2581.3111    290.87437   -735.47735   -2437.6746    2.0848049    27.958555    8.6749614            0   -2620.0294   -1926.8467    2679.5509   -3372.7337            0    3880.3453 
    2850    -2397.397    191.37996   -2588.7769    300.48679   -1083.9534   -2458.6439     3.785169    28.512238    8.6868953            0   -2629.7613   -1929.8883    2673.0046   -3372.8775            0    3874.3385 
    2860   -2397.3419    196.29259   -2593.6345    308.20013    761.56487     -2354.73    3.4607315    31.501757    8.3693716            0   -2636.9664   -1932.4111      2667.55   -3372.1053            0    3836.6216 
    2870   -2399.2274    196.44885   -2595.6763    308.44549    121.18497   -2392.4426    3.1327475    29.121826    8.5045392            0   -2636.4354   -1930.6688    2667.9406   -3373.7071            0    3838.9354 
    2880   -2399.7159    181.30943   -2581.0253    284.67499   -2333.6796   -2530.9086    2.5517947    32.512726    9.0119551            0   -2625.1018   -1926.0274    2674.3542   -3373.4286            0    3854.7178 
    2890   -2405.0711    200.59856   -2605.6696    314.96097     1456.382   -2324.0405    1.3579733    31.494494    8.5136427            0   -2647.0358   -1929.8718    2657.0186   -3374.1826            0    3815.0297 
    2900   -2399.5849    189.64437   -2589.2293    297.76173    3658.1073   -2197.2276    3.4382476    34.190523    9.2041716            0   -2636.0622   -1927.0916    2664.3839   -3373.3544            0     3793.033 
    2910   -2402.9981    183.65888   -2586.6569    288.36388   -4235.4763   -2641.1461    3.0450777    34.829028    8.8342675            0   -2633.3653   -1941.3764      2681.79   -3373.7789            0    3855.3949 
    2920   -2403.8218    182.00755   -2585.8294    285.77112    852.54375   -2356.5928    4.4700404    31.660212    9.9168631            0   -2631.8765   -1931.9935    2672.0796   -3371.9626            0    3798.5334 
    2930   -2404.0816    193.27052   -2597.3521    303.45516    629.60124    -2369.093    1.7286621    33.804355    10.195331            0   -2643.0805   -1943.5131    2674.7199   -3374.2873            0    3810.5335 
    2940   -2404.7304    186.04216   -2590.7725    292.10588    538.32758   -2374.8528    2.2765925    32.436485    9.6933996            0    -2635.179   -1938.0908     2676.641   -3373.7292            0    3805.5975 
    2950   -2405.8607    186.12634   -2591.9871    292.23805   -3160.8464   -2582.9277    2.3589586     32.30818    10.033604            0   -2636.6878   -1948.7867    2684.1017   -3372.0028            0    3841.1244 
    2960   -2407.8309    190.19203   -2598.0229    298.62162    1613.6352    -2318.981    2.5078738    34.790893    9.7256129            0   -2645.0473   -1937.6682    2665.9764   -3373.3556            0    3775.5116 
    2970   -2406.1179    189.36099   -2595.4789     297.3168    2126.6447    -2288.966      2.69311    32.183833    8.7456931            0   -2639.1016   -1937.5752    2670.5617   -3372.0881            0    3777.2748 
    2980    -2406.792    186.65936   -2593.4514    293.07495   -743.63957   -2447.7643    3.8606561    35.852807    8.5906269            0   -2641.7555   -1939.5444    2670.9808   -3373.1919            0    3777.9128 
    2990    -2408.717    182.80175   -2591.5187     287.0181   -1698.3207   -2502.3385    3.0611648    35.887793    7.7940125            0   -2638.2617   -1947.9073    2682.0362   -3372.3906            0    3779.8967 
    3000   -2408.0579    191.62223   -2599.6801    300.86718    2568.7905   -2268.2748    1.9511698    35.061138    7.2904271            0   -2643.9828   -1936.2185    2664.8908   -3372.6551            0    3731.2111 
    3010   -2407.8542    184.15762   -2592.0118    289.14695   -854.63326   -2454.8877    4.1401294    31.178701    7.2099163            0   -2634.5406   -1945.0866    2683.5881   -3373.0421            0    3773.5643 
    3020   -2408.7467    205.55024   -2614.2969    322.73564   -1793.7081   -2507.0701    3.0737071    32.516176    8.7881473            0    -2658.675   -1950.9674    2665.9731   -3373.6807            0    3758.6292 
    3030   -2412.2385    198.89106   -2611.1296    312.28002   -1503.6984   -2494.7744    2.3101005    33.846233    8.5268178            0   -2655.8128   -1967.3393    2685.3948   -3373.8682            0    3763.6218 
    3040   -2410.6362    176.77736   -2587.4136    277.55916    3920.5838   -2197.7512    1.3697855    34.612366    10.188199            0    -2633.584   -1951.7858    2692.7381   -3374.5362            0    3723.2181 
    3050    -2410.636    176.61414   -2587.2502    277.30288   -861.82454   -2458.1169    2.7281117    29.584032    9.6501961            0   -2629.2125    -1954.767    2698.0313   -3372.4769            0    3777.6682 
    3060   -2410.9311    172.66399   -2583.5951    271.10073   -1162.6019   -2474.7226    2.8786092    34.894375    8.4749202            0    -2629.843   -1951.1549    2694.3721   -3373.0602            0    3762.3243 
    3070   -2408.5606    183.31392   -2591.8745    287.82225    987.45736   -2354.6378    4.4722856    35.984018    9.0837959            0   -2641.4146   -1946.2154    2679.2033   -3374.4025            0    3744.3599 
    3080   -2405.6989    186.11162   -2591.8105    292.21494    217.99127   -2393.7561    4.4920444     35.60604      8.82715            0   -2640.7357   -1942.1999    2675.5052    -3374.041            0     3756.569 
    3090   -2403.3398    187.76987   -2591.1097    294.81857   -1129.3281   -2465.2673    2.9418115    36.626604    8.3360044            0   -2639.0141   -1941.6726    2676.4162   -3373.7577            0    3759.9992 
    3100   -2401.9351    199.06732   -2601.0024    312.55676   -712.35937   -2441.0173    1.6637035    38.720559    9.1517564            0   -2650.5385   -1937.3672    2659.1206   -3372.2918            0    3761.8661 
    3110    -2397.965    189.59235   -2587.5573    297.68005    605.47163   -2364.8373    1.8652769    37.908205    7.7875222            0   -2635.1183   -1938.6552    2677.5122   -3373.9753            0    3751.6386 
    3120   -2396.7495    193.27146    -2590.021    303.45664    102.20484   -2391.1525      3.71886    31.534746    8.3934871            0   -2633.6681   -1938.2047    2679.1796    -3374.643            0    3755.0114 
    3130   -2392.5137    195.80698   -2588.3207    307.43768    1441.7207    -2313.901    2.1165611    30.368877    8.8714409            0   -2629.6776    -1922.766    2666.8558   -3373.7674            0     3738.831 
    3140   -2391.6528    183.57566   -2575.2285    288.23321   -1923.9773   -2497.5308    4.0810359    27.817959    9.5705082            0    -2616.698   -1932.6185    2689.2696   -3373.3491            0     3773.373 
    3150   -2387.9184    190.60858   -2578.5269    299.27564    3117.4034   -2218.9384     2.962453    32.170978    8.8923456            0   -2622.5527   -1921.6915    2670.9306   -3371.7918            0    3716.7745 
    3160   -2385.5587    209.42052   -2594.9792    328.81238   -610.11728   -2418.9722    1.5039554    33.995063    7.9955238            0   -2638.4738   -1933.5066    2668.8992   -3373.8663            0    3755.1979 
    3170   -2385.9876     195.3675   -2581.3551    306.74765   -2355.5046   -2515.1763    5.3896565    32.361114    8.1616442            0   -2627.2675   -1927.4418    2673.4069   -3373.2327            0    3760.6649 
    3180   -2386.4227     191.2582   -2577.6809    300.29562   -721.21955   -2425.9583    1.6502303    34.741529      8.87174            0   -2622.9444   -1927.4223    2678.2095   -3373.7316            0    3758.7683 
    3190   -2384.7609     204.3002   -2589.0611    320.77293      4408.71   -2146.6127    3.0763272      35.3779    8.1038953            0   -2635.6192   -1930.4469    2667.3852   -3372.5574            0    3703.9053 
    3200   -2384.7546     201.3565   -2586.1111    316.15101   -1204.0219   -2450.4702    2.3475106    33.544625    8.4853913            0   -2630.4887   -1937.2474    2678.9266   -3372.1678            0    3742.4668 
    3210     -2390.04    198.89278   -2588.9328    312.28272   -4710.7588   -2649.2405     2.990556    32.398138     7.868813            0   -2632.1903   -1949.8443     2691.441    -3373.787            0    3772.8457 
    3220   -2385.8974    198.30721   -2584.2046     311.3633    5436.3284   -2094.3514    3.2339866     31.94806    8.2676071            0   -2627.6542   -1936.7158    2682.8754   -3373.8138            0    3677.2698 
    3230   -2389.2348    202.78666   -2592.0215    318.39652   -2327.3352    -2517.036     3.206813    35.441201     8.489009            0   -2639.1585    -1952.348    2688.0326   -3374.8431            0    3765.3047 
    3240   -2391.9322    180.17971   -2572.1119    282.90121    438.12517   -2368.1889    5.7502595     38.79678    8.3414707            0   -2625.0005     -1938.93    2688.2904   -3374.3608            0    3715.9386 
    3250   -2396.0816    171.05697   -2567.1386    268.57754   -4219.5019   -2629.3627    4.1355156    33.693216    10.069208            0   -2615.0365   -1951.6754    2710.9896   -3374.3507            0    3790.9021 
    3260    -2397.102    174.59883   -2571.7008    274.13864    6282.0279   -2059.9116    7.3363556    35.252776    7.6845159            0   -2621.9745   -1935.9067    2684.8459   -3370.9136            0    3680.4376 
    3270    -2396.102    191.25396    -2587.356    300.28895   -269.48983   -2410.8351    2.5009019    34.577167    7.4975349            0   -2631.9316   -1952.2203    2693.0004   -3372.7116            0    3748.6368 
    3280   -2398.2985    194.47164   -2592.7701    305.34105   -3028.5229   -2563.5226    5.5417542    34.231698    6.6737065            0   -2639.2173   -1945.0605    2679.9829   -3374.1396            0    3740.8179 
    3290   -2400.0662    182.90292   -2582.9692    287.17694   -2306.7266   -2526.9242    4.6934387    34.842508    7.5275431            0   -2630.0326   -1940.6435    2684.0912   -3373.4803            0    3770.9053 
    3300   -2399.2329    186.16101   -2585.3939    292.29248    5779.4593   -2087.3653    4.5594289    31.371472    7.5538124            0   -2628.8786   -1922.4051    2667.8526   -3374.3262            0     3700.046 
    3310   -2397.8703    198.14807   -2596.0184    311.11343   -1270.1482   -2467.7449    3.0667938    34.525547    7.9270808            0   -2641.5378   -1937.7484    2670.8619   -3374.6513            0    3772.1516 
    3320   -2400.9443    204.63064    -2605.575    321.29176   -4287.2554   -2637.8278    5.4540585    33.206204     7.668478            0   -2651.9037   -1938.3086    2660.1616   -3373.7567            0    3788.6059 
    3330   -2403.2859    188.97284   -2592.2588    296.70736    2319.1968   -2276.1578    3.0968406    37.954031    7.7222645            0   -2641.0319   -1931.8963    2664.7323    -3373.868            0    3758.6172 
    3340   -2400.9345    185.95885   -2586.8933    291.97508    3060.4595   -2233.0411    2.9955988    30.896744    8.6311858            0   -2629.4168   -1913.0505    2658.4094   -3374.7757            0    3761.5867 
    3350   -2403.1322    197.52731   -2600.6595    310.13879    -2536.005   -2543.6987    3.4137177    27.983207    7.8534586            0   -2639.9099   -1932.7489    2665.9518   -3373.1127            0    3800.6338 
    3360   -2406.5248    201.77217   -2608.2969    316.80365   -930.71268   -2457.6761    3.8251087    32.292418    8.3603776            0   -2652.7748   -1941.1705    2661.0833   -3372.6876            0     3768.475 
    3370   -2408.5368      192.847   -2601.3838     302.7902    2709.2058   -2261.0571    3.7575518    34.753489    7.8114247            0   -2647.7063   -1937.5024    2663.4279   -3373.6318            0    3732.6237 
    3380   -2410.8124     177.6427   -2588.4551    278.91783   -1664.9535   -2502.2762     3.922743    33.441585    7.5350191            0   -2633.3544   -1943.4426    2684.2581   -3374.1699            0    3766.7891 
    3390   -2415.0201    172.22458   -2587.2447    270.41082   -605.28484    -2448.073    4.9686688    39.913942    7.1115168            0   -2639.2388   -1950.5827    2684.5971   -3373.2533            0    3744.3291 
    3400   -2414.3754    183.13071   -2597.5062     287.5346    461.31013   -2389.3017     4.116177    32.420597     7.743502            0   -2641.7864   -1952.6156    2686.4029   -3375.5737            0    3726.9224 
    3410   -2416.6947    188.66961   -2605.3643    296.23126    699.58068   -2378.6968    1.7774622    31.197348     8.342958            0   -2646.6821   -1956.2224    2682.8613   -3373.3209            0    3724.3109 
    3420   -2415.5504    196.41736   -2611.9677    308.39604    1046.5243   -2359.0622     2.885776    36.412607    8.1996621            0   -2659.4658   -1956.6788    2671.2466   -3374.0336            0    3701.1122 
    3430   -2420.1289    200.25465   -2620.3835    314.42099   -3033.2231   -2585.7823    2.4604241    29.850683    7.9945617            0   -2660.6892   -1951.6812    2664.8723   -3373.8804            0    3744.7283 
    3440   -2422.4061    201.42284    -2623.829    316.25517    565.42444      -2391.7    4.2878434    28.080005    8.0786876            0   -2664.2755   -1941.7506    2650.2387   -3372.7637            0    3723.7072 
    3450   -2423.1151    183.20449   -2606.3196    287.65043    3316.9762   -2244.5193    2.5107922    35.424653    7.6202521            0   -2651.8753   -1931.4214    2653.5055   -3373.9594            0    3691.9273 
    3460   -2425.9786    178.60813   -2604.5868    280.43367   -3171.1695   -2599.7995    1.8563952    34.079553    7.1659062            0   -2647.6886   -1931.7057    2658.1094   -3374.0923            0    3758.4312 
    3470   -2429.4107    182.61146   -2612.0222    286.71932    980.86531   -2376.5846    2.4847301    32.866386    7.2047917            0   -2654.5781   -1932.3558    2651.5713   -3373.7936            0    3692.8662 
    3480    -2428.435    195.13825   -2623.5733     306.3877     120.6349   -2421.9321    3.6125215    37.407098    7.4212051            0   -2672.0141   -1948.3551    2650.3204   -3373.9794            0    3696.2514 
    3490   -2429.5539    180.56912   -2610.1231    283.51263    617.01754   -2396.5251    5.7503352    36.373126    7.1194864            0    -2659.366   -1946.2449    2661.4794   -3374.6005            0    3670.4534 
    3500   -2429.5243    183.88108   -2613.4054    288.71276   -1530.5077    -2511.818    4.0745534    35.657833    6.9140547            0   -2660.0519   -1957.4193    2670.5477   -3373.1803            0    3686.8442 
    3510   -2430.1013    170.10214   -2600.2034    267.07835   -295.43485   -2445.8581    5.4415168    37.352299    7.6281969            0   -2650.6254    -1952.418    2675.9359   -3374.1434            0    3657.0578 
    3520   -2428.1866     192.5674    -2620.754     302.3512    417.67583    -2405.984    3.0999691    35.547674    7.1952243            0   -2666.5969    -1956.454     2663.539   -3373.6819            0    3644.9361 
    3530   -2427.3748    192.96773   -2620.3425    302.97976   -492.44414   -2453.5314    3.6608055    36.573641    7.8485422            0   -2668.4255   -1955.7973    2661.4448    -3374.073            0    3642.0669 
    3540   -2426.8709      197.344   -2624.2149    309.85097    93.008347   -2421.9385     4.443501    33.199427     7.135905            0   -2668.9937   -1957.0945    2662.9464   -3374.8456            0    3636.2859 
    3550   -2426.9832    199.71626   -2626.6995    313.57566   -843.12982   -2471.8588    3.6093957    29.992328    7.9540399            0   -2668.2552   -1947.0841    2655.1766   -3376.3478            0     3649.551 
    3560   -2427.9278    180.08526   -2608.0131    282.75291    2104.0162   -2316.6054    5.0809744     32.88118    7.2552285            0   -2653.2305   -1937.8728    2657.9346   -3373.2922            0    3627.9207 
    3570   -2426.0121    179.52375   -2605.5359    281.87128    -1383.296   -2499.7336     3.229069    35.872405    7.5419526            0   -2652.1793   -1942.9333    2665.4138   -3374.6598            0    3654.2876 
    3580   -2427.9377    185.78628   -2613.7239    291.70412   -1739.6135   -2520.4072    4.9585214    31.106674    7.9770146            0   -2657.7661   -1948.8039    2665.3099   -3374.2721            0    3644.7678 
    3590   -2423.5211    207.71811   -2631.2392    326.13941    1535.7829   -2342.4918    4.0505794    31.260676    8.4716271            0   -2675.0221   -1953.9554     2653.711   -3374.7777            0    3617.7317 
    3600   -2423.3326    192.60326   -2615.9359    302.40749    487.49179   -2397.6419    4.1155596     29.47956    9.4990643            0   -2659.0301   -1956.3059    2670.6475   -3373.3717            0    3613.5374 
    3610   -2422.8937    189.60278   -2612.4965    297.69642   -2431.5513   -2552.1107    2.6798722    35.993586    9.1784983            0   -2660.3484   -1952.9236    2667.2585   -3374.6833            0    3643.8492 
    3620   -2424.1913     190.2471   -2614.4384    298.70808    452.95026     -2400.33    5.2976624    33.425653     8.623862            0   -2661.7855   -1945.6155    2656.0668   -3372.2369            0    3612.1548 
    3630   -2421.3254    198.78293   -2620.1083    312.11024    2556.6007    -2287.134    2.8085443    29.928269     7.693372            0   -2660.5385   -1943.3967    2656.2535   -3373.3953            0    3599.0338 
    3640   -2421.8879    190.64902   -2612.5369    299.33913    -2499.945    -2554.666    4.3999286      28.2249     7.009914            0   -2652.1716   -1949.3686    2671.4737   -3374.2768            0    3641.8352 
    3650   -2423.1299    191.05675   -2614.1867    299.97931    2041.3857   -2316.1983    2.5144682    36.262187    6.6243423            0   -2659.5877   -1941.7953    2656.7138   -3374.5062            0    3591.7422 
    3660   -2421.4214    184.42571   -2605.8471    289.56787   -1040.7547   -2476.3726     4.866145    35.741956    7.4999968            0   -2653.9552   -1946.3766    2667.7718   -3375.3504            0    3620.3692 
    3670    -2424.947    190.89273   -2615.8397    299.72178   -259.49221   -2438.6133    3.8412305    31.430149    8.4016011            0   -2659.5127   -1933.6885    2648.4099   -3374.2342            0    3611.1943 
    3680   -2421.1068    175.36425    -2596.471    275.34044     649.5333   -2386.9824    3.4545915    33.863343    7.2372119            0   -2641.0262   -1934.1631    2666.7317   -3373.5948            0    3602.3639 
    3690   -2421.9522    186.59095   -2608.5432    292.96754   -1941.1831   -2523.9617    3.5315159    36.958467    7.5769848            0   -2656.6101   -1958.5359    2676.1207   -3374.1949            0    3603.2811 
    3700   -2419.9538    187.15806   -2607.1119    293.85797    1954.6681    -2318.275    5.7585357    31.803452    6.5391563            0    -2651.213   -1943.2578    2666.3417   -3374.2969            0    3566.8224 
    3710   -2417.7408    184.19612   -2601.9369     289.2074    888.82485   -2371.1751    6.2114164    28.179853    6.6550453            0   -2642.9832   -1941.2892    2672.0965   -3373.7905            0    3592.3078 
    3720   -2415.6268    204.07145   -2619.6982    320.41377    897.00455   -2368.8224    4.0424408    28.745886    6.9934966            0     -2659.48   -1929.7481    2646.4301   -3376.1621            0    3577.7999 
    3730   -2416.5045    205.88291   -2622.3874    323.25795   -2104.4808   -2527.3544    4.0406522    33.038187    8.4816581            0   -2667.9479    -1944.507     2651.022   -3374.4629            0    3611.7223 
    3740    -2416.399    199.72925   -2616.1282    313.59606    2652.4278   -2278.3983    4.2878414    36.736591    7.2826449            0   -2664.4353   -1923.9868    2631.7654   -3372.2138            0    3567.4807 
    3750   -2417.1048     197.2826   -2614.3874    309.75456   -1142.7441    -2477.257    5.4432568    31.410502    7.5706262            0   -2658.8118   -1925.5729    2641.2441   -3374.4829            0    3609.3294 
    3760   -2420.3738    196.06416   -2616.4379    307.84148   -2016.8589   -2526.1318     3.537724    33.473571    7.0450011            0   -2660.4942   -1930.1506    2645.2967   -3375.6404            0    3595.5212 
    3770   -2423.1514    195.51324   -2618.6646    306.97648    877.12169   -2377.6107    5.3233755    34.252078    8.6096505            0   -2666.8497   -1944.5514    2651.5912   -3373.8896            0      3560.11 
    3780   -2425.0386    188.39453   -2613.4331    295.79934    618.57514   -2392.9449    4.3981967    30.917365    7.9026212            0   -2656.6513   -1952.8164    2670.5656   -3374.4005            0    3557.5547 
    3790   -2428.0795    183.99331   -2612.0728    288.88897    1900.1192   -2330.2846    4.9964686    33.012186     7.885909            0   -2657.9674   -1954.3966    2671.6982    -3375.269            0    3529.0618 
    3800   -2430.2753    171.44823   -2601.7236    269.19186   -1461.6334   -2506.1558    3.0279876     32.27697    8.5246504            0   -2645.5532   -1961.6347    2691.0247   -3374.9432            0    3559.7181 
    3810   -2432.5966    180.74523   -2613.3418    283.78914    926.05967   -2385.0289    6.7307463    32.209335    7.8075621            0   -2660.0895   -1959.3515    2675.4511   -3376.1891            0    3522.0636 
    3820   -2431.8282    169.89756   -2601.7258    266.75714   -826.34677   -2474.7118     3.058675    37.759247    7.4176076            0   -2649.9613    -1959.546    2685.4491   -3375.8644            0    3558.3836 
    3830   -2431.1088    175.70734   -2606.8161    275.87912    862.95378   -2386.8353    5.8307586    32.524631    7.4941078            0   -2652.6656   -1938.9748    2660.6845   -3374.3752            0    3517.8743 
    3840   -2430.4963    193.47522   -2623.9715    303.77658    -3979.535   -2637.5084    3.4652477    29.791324    7.5193938            0   -2664.7474   -1945.4084    2656.7909   -3376.1299            0    3566.8728 
    3850   -2431.2646    207.65602   -2638.9207    326.04193    3424.2033   -2257.1624    4.6079961    31.422348    8.7125953            0   -2683.6636   -1924.6456    2616.4377   -3375.4557            0    3486.3338 
    3860   -2427.0074    186.78351   -2613.7909    293.26988    661.03703   -2392.9983    4.7383679    34.643785    9.1826942            0   -2662.3558   -1926.7882    2638.4248   -3373.9924            0     3527.718 
    3870   -2428.3283    200.39832   -2628.7266    314.64656   -2156.3091   -2539.0133    4.7941978    31.761259    9.2810387            0   -2674.5631   -1938.8804    2638.9687   -3374.6515            0    3519.6677 
    3880   -2429.9682    199.05282    -2629.021      312.534    936.61803   -2382.1475    3.7003407    31.347164    8.6360825            0   -2672.7046    -1942.659    2644.5938   -3374.6394            0     3500.884 
    3890   -2428.2592    197.58738   -2625.8465     310.2331     1424.402   -2355.7741    4.3413706    35.662396    8.7208948            0   -2674.5712   -1940.7399    2641.1654   -3374.9968            0    3489.3123 
    3900   -2431.4397    204.76269   -2636.2024    321.49908   -1475.4643   -2506.7352    4.6797758    33.287424    7.4984738            0    -2681.668    -1942.793    2637.4493   -3376.3243            0    3499.1675 
    3910   -2433.3342    197.55172   -2630.8859    310.17711   -862.92211   -2477.2262    5.3791414    31.138168    8.1197212            0   -2675.5229   -1934.6395    2633.7544   -3374.6379            0    3487.6944 
    3920   -2437.2405    187.61295   -2624.8534    294.57218    855.06796   -2394.0326    6.5654158    36.943449    8.5392862            0   -2676.9016   -1934.4158    2632.9878   -3375.4736            0    3464.8703 
    3930   -2438.2754    186.70057    -2624.976    293.13965    1321.3831   -2371.7106    3.9835847    32.011267    8.2072167            0   -2669.1781   -1938.8224    2642.5874   -3372.9431            0     3454.141 
    3940   -2441.4744     175.8731   -2617.3475    276.13938    -693.6292   -2476.4255    5.4243917    43.325563    8.7691006            0   -2674.8665   -1945.4863    2643.8326   -3373.2128            0    3455.0834 
    3950    -2443.786    179.95272   -2623.7387    282.54481   -339.30313   -2460.9072    2.3763946    36.317217    9.1207877            0   -2671.5531   -1938.4418    2639.7618   -3372.8731            0    3459.9698 
    3960   -2445.1942    172.97779    -2618.172    271.59344    2325.1657    -2328.653    4.3906039     36.48614    9.2944978            0   -2668.3432   -1929.6444    2635.6498   -3374.3486            0    3436.7634 
    3970   -2444.2392    173.90011   -2618.1393    273.04157   -1181.2325   -2503.9651    2.0457096    33.730641    9.2260613            0   -2663.1417   -1929.9842    2640.8558   -3374.0133            0    3466.9795 
    3980   -2444.9419     174.0323   -2618.9742    273.24912   -2816.9297   -2586.6611    6.4345293    34.913565    7.0185925            0   -2667.3408   -1938.0971    2646.1336   -3375.3773            0    3449.6654 
    3990   -2442.4857    195.12194   -2637.6077     306.3621    1112.3943   -2387.0923    1.7485175    36.600927    9.4205087            0   -2685.3776   -1939.6432    2630.3892   -3376.1236            0    3414.4746 
    4000   -2439.5809      189.922   -2629.5029    298.19764    3044.6301   -2288.9856    4.1565074    34.432075    9.0491784            0   -2677.1407   -1933.0002    2630.8719   -3375.0123            0    3391.5719 
    4010   -2437.4889    183.93915    -2621.428    288.80393   -3487.4261   -2612.7561    3.4607788    29.518045    9.5283168            0   -2663.9352   -1941.4356    2652.8721   -3375.3717            0    3446.0364 
    4020   -2437.4242    186.23403   -2623.6582    292.40713   -198.24917   -2447.2431    7.1634722    35.049546    8.7578369            0   -2674.6291   -1940.6994    2641.9987   -3375.9284            0    3396.0441 
    4030   -2430.7807    213.69823   -2644.4789    335.52884    4440.4818   -2212.5674    4.3361846    37.864605    8.7068133            0   -2695.3865    -1942.225    2623.2262   -3376.3877            0    3369.5751 
    4040   -2429.7422    204.22569   -2633.9679    320.65594   -1205.1334   -2489.4799    2.5098674    38.893478     10.34844            0   -2685.7196   -1948.5795    2638.2781   -3375.4182            0    3398.8942 
    4050   -2432.0937    200.03167   -2632.1254    314.07088   -3205.8476   -2591.5576    3.8994483    32.094975    7.8910508            0   -2676.0109   -1941.9103    2640.3182   -3374.4189            0    3410.7005 
    4060   -2432.9478    208.03412   -2640.9819    326.63559     499.3917   -2408.2322    2.3643281    35.253451    8.4661963            0   -2687.0659   -1931.4773    2619.6248   -3375.2134            0    3393.5428 
    4070    -2432.526    187.78441   -2620.3104    294.84139    4166.1249   -2228.6875    3.5096176    39.774465    7.5412042            0   -2671.1357   -1921.2392    2626.0818   -3375.9783            0    3354.8875 
    4080   -2434.5152    194.18185    -2628.697    304.88605   -4328.5805   -2650.0675    3.2336996    35.067522    9.3054448            0   -2676.3037   -1941.8097    2639.7022   -3374.1962            0    3414.5327 
    4090   -2438.3898    185.35014   -2623.7399    291.01934    1073.9084   -2386.1029    5.3549097    36.323699    9.1307921            0   -2674.5493    -1933.071    2634.3148   -3375.7931            0    3338.4849 
    4100   -2435.9963    193.76397   -2629.7603    304.22993    -152.1888   -2443.4733    3.2192099    40.990341    8.8024975            0   -2682.7723    -1952.763    2644.9947    -3375.004            0    3368.7371 
    4110   -2439.0491    205.03954   -2644.0886    321.93378    3739.2216   -2259.0194     2.717761    41.090951    9.3065438            0   -2697.2039   -1938.7826    2616.5551   -3374.9764            0    3301.3158 
    4120   -2440.8449    188.29185   -2629.1368    295.63814   -4566.8256   -2665.8788    4.6400503    39.215675     8.660954            0   -2681.6535   -1959.0776    2652.4944   -3375.0702            0    3378.7617 
    4130   -2447.4197     197.9765   -2645.3962    310.84406    -722.8545   -2482.3818    5.5898339    37.365642     11.38895            0   -2699.7406   -1960.0889    2634.6055   -3374.2572            0    3316.4371 
    4140   -2446.8768    186.52235   -2633.3991    292.85983    3496.3799   -2277.9252    5.0472261    40.067237    9.0509796            0   -2687.5646   -1954.4005    2642.3927   -3375.5567            0    3313.3526 
    4150   -2449.7163     186.2133   -2635.9296    292.37459    555.79864   -2422.8765    4.3418529    36.756387    9.0553566            0   -2686.0832   -1948.1535    2635.3829   -3373.3126            0    3311.2098 
    4160    -2454.875    182.18632   -2637.0613     286.0518   -4874.5108   -2692.8302    4.5033491    40.194794    8.1612004            0   -2689.9207   -1953.3953    2637.9773   -3374.5026            0    3347.2503 
    4170   -2457.2916    196.41978   -2653.7114    308.39984    1206.2345   -2399.2347    3.8896356    39.402861    9.4310189            0   -2706.4349   -1940.4875    2608.6525      -3374.6            0    3300.2464 
    4180   -2459.9362    194.57054   -2654.5068    305.49633    4133.1998   -2261.3326    4.4644374    30.187362    8.9143424            0   -2698.0729   -1935.5666    2611.5695   -3374.0758            0    3294.7687 
    4190   -2462.2061     188.7968   -2651.0029    296.43096   -2145.6924   -2566.2783    7.3786054    39.630918    7.5800771            0   -2705.5925   -1944.5692    2613.0159   -3374.0392            0    3325.7631 
    4200    -2470.515    190.39716   -2660.9122    298.94369   -3535.3255   -2642.2398     2.388471    35.321181    9.1086715            0   -2707.7305   -1956.6719     2621.301   -3372.3597            0    3330.6402 
    4210    -2468.774    182.93931   -2651.7133    287.23408    2974.9963   -2326.0865    4.3303207      38.2045    8.8079473            0   -2703.0561   -1956.6864     2629.577   -3375.9466            0    3288.6944 
    4220   -2472.8273    187.02295   -2659.8503    293.64582    607.74812    -2443.478     2.619033     34.93922    8.8921302            0   -2706.3007   -1966.3144    2633.7129   -3373.6991            0    3311.2965 
    4230   -2474.0562     173.7801   -2647.8363    272.85314   -672.88607   -2506.6026    5.0045783    35.578202     9.763624            0   -2698.1827   -1967.1833    2644.7072   -3375.7066            0     3316.543 
    4240   -2477.4889    179.58256   -2657.0715    281.96362    -2861.124   -2616.9861    3.8485452    34.208531    8.5674325            0    -2703.696   -1970.5618    2641.2324   -3374.3665            0    3343.1253 
    4250    -2476.407    188.25409   -2664.6611    295.57884    3512.3294   -2307.2399     2.279766    33.595179    8.4013291            0   -2708.9374   -1960.8124    2627.7771    -3375.902            0    3302.5148 
    4260    -2474.394    192.12689   -2666.5209    301.65954    663.27603   -2442.2604    5.3371283    35.887323    9.0040343            0   -2716.7494   -1958.3324    2615.5568   -3373.9738            0    3321.9217 
    4270   -2475.9566    201.89401   -2677.8507    316.99495   -1973.7549   -2572.1485    2.5460912    32.860898    10.672119            0   -2723.9298   -1951.2991    2601.8646   -3374.4953            0    3341.7147 
    4280   -2475.7383    189.82147   -2665.5598    298.03979   -67.251189   -2479.0069    3.8926388    34.154004    11.363835            0   -2714.9703   -1945.7391    2606.3072   -3375.5384            0    3332.5551 
    4290   -2475.1254    197.63861    -2672.764    310.31353    2641.7237   -2347.6488    3.0075529    35.039802    10.521382            0   -2721.3327   -1950.6496    2604.2313   -3374.9144            0    3308.7733 
    4300   -2474.5985    178.77815   -2653.3767    280.70062   -620.57548   -2504.6384    7.5953129    37.915992    9.3953577            0   -2708.2833   -1951.2905    2617.6599   -3374.6528            0    3319.1538 
    4310   -2477.2952    198.43953   -2675.7348    311.57107   -3080.0759   -2627.4679     3.870128    36.561034    8.8896701            0   -2725.0556    -1966.043    2616.9811   -3375.9937            0    3343.1324 
    4320   -2475.0291    178.54601   -2653.5751    280.33612    3578.1595   -2303.1672    4.0642662    37.219492     8.991955            0   -2703.8509   -1950.6952     2622.555   -3375.7107            0    3293.3966 
    4330   -2473.5116    189.64508   -2663.1566    297.76285   -949.21564   -2519.5761    6.1779163    33.218061    8.7585217            0   -2711.3111   -1970.7226    2634.6881   -3375.2766            0    3327.5601 
    4340   -2473.4189    189.45375   -2662.8727    297.46244   -1143.4475   -2528.5496    4.2160282    38.433749    7.2578274            0   -2712.7803   -1972.8869    2635.8838   -3375.7772            0     3305.988 
    4350   -2472.9755    188.90478   -2661.8803    296.60049    196.57094   -2463.5009    2.5286594    36.162989     7.735481            0   -2708.3074   -1968.1639    2634.4602   -3374.6037            0    3304.9446 
    4360   -2470.6545    187.88736   -2658.5419    295.00303    2036.4015   -2373.0191    1.9042885    34.647282    7.6261566            0   -2702.7196   -1964.4203    2638.4572   -3376.7565            0    3287.5163 
    4370   -2469.7703    194.27453   -2664.0449    305.03157   -172.29831   -2478.0586    6.7644183    35.301953    8.5862846            0   -2714.6975   -1972.1371    2632.5623   -3375.1227            0    3298.4068 
    4380   -2469.8479    200.22159   -2670.0695    314.36908   -2859.6872   -2607.7342    6.9291566    33.814631     8.414279            0   -2719.2276   -1964.0091    2620.7627   -3375.9812            0    3306.1806 
    4390   -2473.9353    188.93723   -2662.8725    296.65145   -38.972879    -2475.808    4.2386633    34.945467    8.4302813            0    -2710.487   -1956.9018    2620.5727   -3374.1578            0    3294.7206 
    4400   -2469.7774    187.19341   -2656.9708    293.91346    3649.3021    -2295.385    1.4474139    43.202148    8.2044248            0   -2709.8248   -1948.0743     2613.721   -3375.4716            0    3276.7393 
    4410   -2470.7227    181.53036   -2652.2531    285.02188   -1128.0438   -2525.0146    3.8141705    39.318249    8.2376983            0   -2703.6232   -1948.8912    2619.6207   -3374.3527            0    3300.1415 
    4420   -2471.6497    188.20391   -2659.8536    295.50005   -2928.2643   -2612.8396    4.3882742    36.399476    8.2327432            0   -2708.8741   -1942.3526    2609.4317   -3375.9532            0    3306.1128 
    4430   -2473.6479    191.26202   -2664.9099    300.30161    1314.3528   -2410.8426    6.2005247    36.720206    8.5721386            0   -2716.4028   -1945.0227    2602.7664   -3374.1466            0    3276.4888 
    4440   -2469.1594    189.59292   -2658.7523    297.68095    5695.7851   -2200.9226    3.7681185    37.398888    7.9313394            0   -2707.8507   -1951.1696     2618.977    -3375.658            0    3229.1553 
    4450   -2471.0133    187.21642   -2658.2297     293.9496   -5883.0136   -2754.8919    4.2716798     38.37138    6.4298886            0   -2707.3026   -1976.3322    2642.8665   -3373.8369            0    3308.6968 
    4460   -2474.6617    198.94513   -2673.6068     312.3649   -115.16081   -2480.1345    2.3419714    32.815747    7.4262616            0   -2716.1908   -1972.3504    2630.6242   -3374.4646            0    3258.6025 
    4470   -2470.6564    184.03278   -2654.6892    288.95094    3356.7159   -2311.6992    2.6454215    39.608996    7.6656708            0   -2704.6093   -1974.0937    2643.1054    -3373.621            0    3247.0553 
    4480   -2470.3767    173.94017   -2644.3168    273.10447   -1152.6362   -2525.5413    3.1586694    40.179795    8.9471611            0   -2696.6025   -1965.8226    2644.6121    -3375.392            0    3281.6496 
    4490   -2470.4149    179.37264   -2649.7875    281.63403   -418.35144   -2490.4106     4.278517    41.030619    7.7916148            0   -2702.8883   -1967.3679    2637.5917   -3373.1121            0    3277.3332 
    4500   -2467.9921     201.3198   -2669.3118    316.09339    411.22959   -2448.3657    1.8881622    35.543999    7.8903929            0   -2714.6344   -1969.8309    2629.9961   -3374.7996            0    3272.5018 
    4510   -2466.9217    186.80586   -2653.7275    293.30497     673.4669   -2434.7794    6.6536349    35.798296    7.0057477            0   -2703.1852   -1964.9706    2637.1582   -3375.3729            0    3272.5318 
    4520   -2464.1775    181.27094   -2645.4484    284.61455   -1549.2084   -2538.6738    3.0807584    34.680167     8.245878            0   -2691.4552   -1959.7998    2641.9417   -3373.5971            0    3297.2284 
    4530   -2464.0909    186.12033   -2650.2112    292.22861   -13.808608   -2464.7521    3.7661817    40.753267    7.2107967            0   -2701.9415   -1963.4971    2636.1539   -3374.5983            0    3283.4209 
    4540   -2459.0353    196.46548   -2655.5008    308.47159    780.59377   -2421.7345    3.7164768    34.751067     6.770901            0   -2700.7392   -1967.6618    2641.4064   -3374.4838            0    3276.5528 
    4550   -2458.2872     191.5373   -2649.8245    300.73384    285.52075   -2444.6237     3.520677    36.559778    7.1909492            0   -2697.0959   -1965.2925    2643.5066     -3375.31            0    3281.3029 
    4560   -2453.9046    195.85659   -2649.7612    307.51558    -925.2201    -2498.335    4.2353965     40.67434    8.0936046            0   -2702.7645   -1978.0634    2650.8394   -3375.5405            0    3292.7553 
    4570   -2454.4021    198.69957   -2653.1017    311.97934   -659.27338     -2485.94    5.3743138    31.164164    7.7164936            0   -2697.3567   -1980.5984     2657.634   -3374.3922            0    3280.1332 
    4580   -2450.9159    202.98483   -2653.9007    318.70766    1225.0924     -2392.41    3.4824294    31.586524     6.670935            0   -2695.6406   -1984.4862     2662.164   -3373.3183            0    3274.5725 
    4590   -2450.7141     196.0013   -2646.7154    307.74278    1420.3694   -2383.1006    4.9507425    39.386196    7.2284316            0   -2698.2808   -1974.8189    2651.3783   -3374.8401            0    3264.0463 
    4600   -2450.8408    197.77061   -2648.6115    310.52079   -2952.2226   -2593.1372    6.8761041    34.888475    7.8938438            0   -2698.2699   -1990.4376    2667.1602   -3374.9925            0    3304.9795 
    4610   -2456.0205    208.75353    -2664.774    327.76513    1190.1097   -2399.2764     3.722559     31.16431    8.5759546            0   -2708.2368   -1973.6597    2641.8629     -3376.44            0    3269.3179 
    4620    -2455.118    186.30928   -2641.4273    292.52529    581.42779   -2427.2133    5.4433643    37.502943    9.9277307            0   -2694.3014   -1983.4336    2665.1066   -3375.9743            0    3290.8331 
    4630   -2459.9393    202.73833   -2662.6776    318.32063    -1184.978    -2516.639    4.6106438    30.588995     9.637189            0   -2707.5145   -1982.3897     2650.232   -3375.3568            0    3280.9114 
    4640   -2464.2839    184.02405    -2648.308    288.93723   -178.48374   -2472.8386    5.2878745    37.252596    9.0747473            0   -2699.9232   -1982.6791    2657.6673   -3374.9114            0    3286.4496 
    4650   -2466.7842    190.50849   -2657.2926     299.1185    137.68168   -2460.1944   0.97277943    36.506956    8.8533246            0   -2703.6257   -1977.3702    2648.0891   -3374.3446            0    3281.8518 
    4660   -2472.1961    182.67323   -2654.8693     286.8163   -946.73955   -2517.6198    3.0257392    30.364213    10.095286            0   -2698.3545   -1983.9808     2660.627   -3375.0007            0    3289.8504 
    4670   -2472.6332    190.78529   -2663.4185     299.5531    2638.9828   -2347.2706    3.1260721    38.113104    10.504935            0   -2715.1626   -1974.5103     2633.229   -3373.8813            0    3257.2827 
    4680    -2476.858    198.19106    -2675.049    311.18093    130.74726   -2470.6307    3.3361838    31.573654    9.9583364            0   -2719.9172   -1987.2746    2642.2646   -3374.9072            0    3265.7916 
    4690   -2480.4054    192.68941   -2673.0948    302.54276   -2332.4935   -2591.8476    4.0339351     36.87011    8.8461077            0   -2722.8449   -1992.7524    2645.3275     -3375.42            0    3276.0706 
    4700   -2486.0178    194.74815   -2680.7659    305.77521    118.01286   -2480.4228    3.1227175    38.197445    8.5327921            0   -2730.6189   -1985.7899     2628.861     -3373.69            0    3250.8091 
    4710   -2487.4161    185.01798    -2672.434    290.49781    1310.9118    -2425.274    2.9358865    31.508111    9.9179857            0    -2716.796   -1988.1226    2647.6577   -3376.3311            0    3250.3952 
    4720   -2491.3013    195.78423   -2687.0855    307.40195    -11.75388   -2491.8561    3.3113353      36.3035    9.8165552            0   -2736.5169   -1987.7426    2626.9376   -3375.7119            0    3236.5376 
    4730   -2495.6524     181.6611   -2677.3135    285.22715    -1563.444   -2569.7908    6.0372964    37.642305    9.2919292            0    -2730.285   -1990.9014    2636.2807   -3375.6643            0    3251.5108 
    4740   -2499.2703    179.72155   -2678.9919    282.18186    876.98509    -2457.846    2.2613476    31.747335    7.6370289            0   -2720.6376   -1973.8927    2626.4315   -3373.1764            0    3238.8255 
    4750   -2501.4833    183.48628   -2684.9696    288.09287    1363.2613   -2436.8857    5.2567549    30.505542     8.828919            0   -2729.5608    -1986.255    2630.8089   -3374.1148            0    3249.0909 
    4760   -2502.9243    187.51163    -2690.436    294.41311    882.45247   -2461.2291    1.2391242    30.710639    9.4050437            0   -2731.7908   -1984.3241    2627.6758   -3375.1425            0      3239.81 
    4770   -2507.0323    173.14612   -2680.1785    271.85774   -5714.8755   -2782.3431    3.2483689    31.539574    9.4077423            0   -2724.3741   -1991.9874    2642.8199   -3375.2066            0    3303.2433 
    4780    -2505.185    172.48995   -2677.6749    270.82748    4295.9549   -2303.4367    2.2940085    30.291661     9.282587            0   -2719.5432   -1979.9672    2635.4014   -3374.9774            0    3220.1366 
    4790   -2503.5813    176.94612   -2680.5274    277.82413    1133.5939   -2449.8928    4.7101676    29.324786    11.208949            0   -2725.7713   -2002.2139     2652.421   -3375.9785            0     3247.489 
    4800    -2501.996    180.76909   -2682.7651    283.82659   -2233.7395   -2607.8856    4.6188832    35.515591    9.3283764            0    -2732.228    -2001.899    2646.2659   -3376.5949            0    3250.4592 
    4810   -2503.1862      181.023   -2684.2092    284.22526   -2427.1481   -2618.7015    3.8630475    36.512681    8.0352212            0   -2732.6202   -1997.7533    2639.3093   -3374.1762            0    3263.3771 
    4820   -2496.0715    182.14586   -2678.2174    285.98828    4434.2028   -2287.0576    4.0188821    35.552704    8.8878578            0   -2726.6768   -1974.9353     2624.055   -3375.7965            0    3232.0923 
    4830   -2492.1442    183.00115   -2675.1453    287.33117   -35.855131   -2493.8488    3.3217351    38.056139    8.0822419            0   -2724.6055   -1972.9002     2623.825   -3375.5302            0    3259.7818 
    4840    -2490.331    177.04277   -2667.3737    277.97589   -4556.7991   -2709.3954     1.884957    33.653502    7.3097353            0   -2710.2219    -1975.526    2639.9963   -3374.6923            0    3296.3711 
    4850    -2485.928    165.63445   -2651.5625    260.06362    2652.4979    -2360.488    2.7949936    37.616105    7.5617322            0   -2699.5353   -1966.1535    2639.6806   -3373.0624            0    3242.6882 
    4860   -2476.7372     183.1819   -2659.9191    287.61497    2342.0714   -2365.9453    5.7008642     36.07395    9.0207103            0   -2710.7146   -1982.3742    2647.0031   -3375.3435            0    3243.6361 
    4870    -2470.349    206.14157   -2676.4906    323.66407   -1297.7187   -2531.6021    4.0373687    34.035683    7.5288049            0   -2722.0924   -1984.8658    2637.7698   -3374.9965            0    3236.4686 
    4880   -2464.6562    198.30119   -2662.9574    311.35385   -4362.1432    -2671.904    4.0273242    38.656847    8.8285181            0   -2714.4701   -1993.0722    2654.2699   -3375.6678            0    3257.7217 
    4890   -2458.1498      226.254   -2684.4038    355.24272    4485.4433    -2249.875    2.1182582     35.79483     9.312947            0   -2731.6298    -1984.906    2629.0802    -3375.804            0    3183.8716 
    4900   -2451.6173    226.55203   -2678.1694    355.71066    1696.9115   -2372.1741    5.1616119    40.011153    6.5377053            0   -2729.8798    -1996.081    2642.2769   -3376.0757            0    3210.1248 
    4910   -2451.5819    221.69487   -2673.2768    348.08441   -3327.7612   -2607.5696    6.1714519    38.441749     8.126877            0   -2726.0169   -2001.8601    2651.7277   -3375.8844            0    3214.1208 
    4920   -2457.6487    219.25497   -2676.9036    344.25351      -3856.9   -2638.7967    4.4635636    34.277298    9.0672213            0   -2724.7117   -2009.0493    2658.7253   -3374.3877            0    3220.4713 
    4930   -2460.2406    193.81882   -2654.0594    304.31606    7059.2132   -2134.7794    3.3465276    34.154627    7.7719833            0   -2699.3326   -1981.9159    2655.9782   -3373.3948            0    3161.3091 
    4940   -2461.5884    178.09152   -2639.6799    279.62254    672.78287   -2430.1091    3.1164617    37.227595    8.0928307            0   -2688.1168   -1984.8992    2671.3421   -3374.5596            0    3208.2914 
    4950   -2465.9853    178.55179   -2644.5371    280.34521   -6017.7325    -2749.382    5.7006007     37.20619     9.768763            0   -2697.2127   -1983.6255    2661.3246   -3374.9118            0    3229.1334 
    4960    -2471.138    194.90549   -2666.0435    306.02225    597.95747   -2443.3206    2.1278255    34.470229    11.579284            0   -2714.2208   -1974.4998    2635.1663   -3374.8873            0    3189.8448 
    4970   -2468.5728    189.23782   -2657.8106    297.12341    5008.5922   -2237.6466    4.3793942    40.145381    12.619814            0   -2714.9552   -1968.0922    2628.5025   -3375.3656            0    3161.4162 
    4980   -2470.4796    182.66785   -2653.1474    286.80785    -2213.499   -2573.5504    3.0375231    43.180475    10.511966            0   -2709.8774   -1973.6438    2640.7886   -3377.0222            0    3192.8644 
    4990   -2474.3465    182.30108   -2656.6476    286.23199   -3121.8983   -2619.3431    3.8184687    43.887096    10.088915            0   -2714.4421   -1982.6412    2643.8874   -3375.6883            0     3184.661 
    5000   -2475.0278    204.43655   -2679.4644    320.98702    2234.5001   -2372.7064    2.1225916    37.234985    10.992123            0   -2729.8141   -1991.5192    2637.4941    -3375.789            0    3139.8588 
