Step TotEng KinEng PotEng Temp Press Enthalpy E_bond E_angle E_dihed E_impro E_pair E_vdwl E_coul E_long E_tail Volume 
    2500   -4868.6619    193.21465   -5061.8766    263.85148   -6727.7843   -5292.2532    1.4787907    32.860804    12.164234            0   -5108.3804   -4577.8631     1940.003   -2470.5203            0    4317.1693 
    2600   -4850.7416    226.95726   -5077.6989    309.92995   -2370.1081   -4996.7715    3.1816125    33.585982    12.524021            0   -5126.9905   -4600.3991    1944.0658   -2470.6572            0    4224.7178 
    2700   -4885.9756    239.54427   -5125.5199    327.11861   -10.278584    -4886.585    2.8829919    31.594986      10.8985            0   -5170.8964   -4636.1061    1933.2051   -2467.9953            0    4065.1464 
    2800   -4932.8416     205.5431   -5138.3847    280.68705   -5436.4501   -5253.2339    1.9391713    34.604338    9.7828172            0    -5184.711   -4633.0784    1918.6461   -2470.2787            0    4041.0181 
    2900   -4885.2916     243.5559   -5128.8475    332.59684   -3323.3377    -5082.084    2.5393519    33.477868    14.636347            0    -5179.501   -4596.6267     1888.442   -2471.3163            0    4060.2984 
    3000   -4870.5919    224.67916   -5095.2711    306.81901   -622.92495   -4907.5975    1.7261199    34.280881    12.599759            0   -5143.8778    -4594.354    1919.6603    -2469.184            0    4073.3894 
    3100    -4915.001    213.52339   -5128.5244    291.58482   -3057.7391    -5096.799     2.009368     28.47184    11.991318            0   -5170.9969   -4616.5814    1916.7419   -2471.1575            0     4076.737 
    3200   -4898.3139    208.16531   -5106.4793     284.2679   -4927.1584   -5195.8925     1.997922    31.780802    11.413148            0   -5151.6711   -4594.5105     1912.664   -2469.8246            0    4141.2288 
    3300   -4869.1224    225.77794   -5094.9003    308.31949    152.70997   -4859.9428    3.1295624    33.707811    12.531508            0   -5144.2692   -4596.4822    1922.3414   -2470.1284            0    4121.7311 
    3400   -4906.8202    196.77442   -5103.5946    268.71264    3063.2973    -4723.777    2.4571262    36.477242    11.756964            0    -5154.286   -4590.5115     1907.563   -2471.3375            0    4097.2128 
    3500   -4916.3594     211.4876    -5127.847    288.80478    3880.8228   -4686.2676    2.2698575    34.112048    13.556176            0    -5177.785   -4620.7599    1913.2346   -2470.2598            0    4065.3827 
    3600   -4882.5459    229.09722   -5111.6431    312.85224    5938.4693   -4530.6512     2.706597    38.169766    11.868042            0   -5164.3875   -4605.8509    1909.4381   -2467.9746            0    4063.1441 
    3700   -4880.1556    232.19482   -5112.3504    317.08229       2127.9   -4753.1037    3.6409918    38.033508    10.270576            0   -5164.2955   -4607.1403    1913.5089    -2470.664            0    4094.0568 
    3800   -4912.3705    219.80294   -5132.1735    300.16009   -281.52817   -4929.1414     4.296687    34.989775    12.324781            0   -5183.7847   -4618.5659    1904.5603   -2469.7791            0     4084.669 
    3900   -4900.9184    218.82246   -5119.7408    298.82116   -2492.2977   -5049.7624    3.6048735    37.214615    11.143589            0   -5171.7039   -4613.4478    1912.9003   -2471.1564            0     4095.016 
    4000   -4883.2151    229.19138   -5112.4064    312.98084   -1665.3359   -4982.4202    3.0895507      34.1094    9.9126234            0    -5159.518   -4615.9022    1924.8731   -2468.4889            0    4084.6648 
    4100   -4921.5958    228.82274   -5150.4185    312.47743   -1707.4034   -5023.5976    2.8838005    37.881202    10.887045            0   -5202.0706   -4642.5673    1911.6484   -2471.1517            0    4096.3407 
    4200   -4933.8949    205.65187   -5139.5468    280.83558    2245.5779   -4799.4504    2.6858992    32.294699     12.11005            0   -5186.6374   -4617.2179    1901.4104   -2470.8299            0    4105.2447 
    4300    -4893.419    221.70257   -5115.1216    302.75421    3112.6341   -4707.2862    1.5919527    34.914335    11.884228            0   -5163.5121   -4611.5147    1918.5303   -2470.5276            0    4100.3305 
    4400    -4908.273    223.39589   -5131.6689    305.06659    3384.2495   -4708.9329    3.8151384    32.234163       11.737            0   -5179.4552   -4622.9351     1914.687    -2471.207            0    4038.8367 
    4500   -4922.3109    222.12305    -5144.434    303.32841    376.92891   -4900.0929    3.8690784    30.646233     11.45003            0   -5190.3993   -4637.4325    1916.7402    -2469.707            0    4041.7509 
    4600   -4884.4623    237.78024   -5122.2425    324.70967    1179.9313   -4814.5769    4.2631399    34.314367    10.012555            0   -5170.8326    -4625.711    1926.1749   -2471.2964            0    4061.1908 
    4700   -4914.0318    219.17533   -5133.2072    299.30305    1136.6415   -4846.5658    3.4150749    35.193919    10.538386            0   -5182.3545   -4605.0969    1891.8857   -2469.1434            0    4069.9209 
    4800   -4922.9117    210.62912   -5133.5408    287.63244   -1508.8536   -5012.3804    3.7075955    30.140218    12.293157            0   -5179.6818    -4634.522    1925.3829   -2470.5427            0    4065.8186 
    4900   -4892.8838    220.56071   -5113.4445     301.1949   -457.17312   -4920.1674    1.1848462    32.391832     7.515284            0   -5154.5365   -4618.9411    1935.3922   -2470.9876            0     4092.081 
    5000   -4905.3026    229.63152   -5134.9341    313.58189    139.07478   -4897.0152    1.6092998    32.121823    10.972376            0   -5179.6376   -4626.3832    1916.8365   -2470.0909            0    4085.9617 
