# Time-averaged data for fix vectorOut
# TimeStep Number-of-rows
# Row c_chunkCount c_molecularCOM[1] c_molecularCOM[2] c_molecularCOM[3] c_molecularMSD[1] c_molecularMSD[2] c_molecularMSD[3] c_molecularMSD[4]
0 1
1 42 3.5336 -1.98297 2.16071 0 0 1.97215e-31 1.97215e-31
100 1
1 42 3.27552 -2.14888 2.09845 0.0666087 0.027526 0.00387576 0.0980104
200 1
1 42 3.16958 -2.22665 2.18893 0.132509 0.0593768 0.000796697 0.192682
300 1
1 42 3.53717 -2.11492 2.2225 1.27451e-05 0.0174097 0.00381805 0.0212405
400 1
1 42 3.64222 -1.98799 2.31496 0.0117972 2.51634e-05 0.0237943 0.0356166
500 1
1 42 3.62851 -1.65892 2.36071 0.00900716 0.105009 0.0400018 0.154018
600 1
1 42 3.74067 -1.61102 2.34029 0.0428785 0.138344 0.0322492 0.213472
700 1
1 42 3.53629 -1.60271 2.26757 7.21893e-06 0.144599 0.0114204 0.156026
800 1
1 42 3.38807 -1.6652 1.85115 0.0211804 0.100977 0.0958266 0.217984
900 1
1 42 3.47767 -1.41585 1.95991 0.00312876 0.32163 0.0403172 0.365076
1000 1
1 42 3.66281 -1.5671 2.20902 0.016696 0.172953 0.00233446 0.191983
1100 1
1 42 3.5763 -1.52636 2.39792 0.00182349 0.208494 0.0562727 0.266591
1200 1
1 42 3.45257 -1.98004 2.56701 0.00656551 8.62252e-06 0.165081 0.171655
1300 1
1 42 3.32351 -2.36311 2.40631 0.0441376 0.144503 0.060321 0.248961
1400 1
1 42 3.2032 -2.30405 2.42401 0.109164 0.103089 0.0693277 0.281581
1500 1
1 42 3.25942 -2.0517 2.34525 0.0751783 0.00472392 0.0340559 0.113958
1600 1
1 42 3.44429 -1.99161 2.4309 0.00797605 7.45786e-05 0.0730066 0.0810572
1700 1
1 42 3.65909 -1.8019 2.3958 0.0157475 0.0327869 0.0552672 0.103802
1800 1
1 42 3.38312 -1.83613 2.23852 0.0226452 0.0215623 0.00605517 0.0502626
1900 1
1 42 3.22012 -2.02492 2.03087 0.0982679 0.00176 0.0168576 0.116885
2000 1
1 42 3.13254 -2.05699 2.21356 0.160853 0.00547925 0.00279324 0.169126
2100 1
1 42 3.15337 -2.08677 2.32252 0.144574 0.0107737 0.0261843 0.181532
2200 1
1 42 3.18821 -2.00269 2.43646 0.119298 0.000388669 0.0760425 0.195729
2300 1
1 42 3.28191 -2.34368 2.19016 0.0633509 0.13011 0.000867483 0.194328
2400 1
1 42 3.31798 -2.34406 2.095 0.0464919 0.130387 0.00431704 0.181196
2500 1
1 42 3.35578 -2.50395 2.19034 0.0316222 0.271415 0.000878453 0.303916
2600 1
1 42 3.25353 -2.54328 2.20808 0.0784397 0.313948 0.00224458 0.394632
2700 1
1 42 2.90076 -2.44296 2.06266 0.400494 0.211593 0.00961334 0.621701
2800 1
1 42 2.93778 -2.57871 2.13881 0.355004 0.354909 0.00047922 0.710392
2900 1
1 42 2.97947 -3.06025 2.18637 0.307057 1.16054 0.000658833 1.46825
3000 1
1 42 2.9299 -3.41903 2.2598 0.364455 2.06226 0.00981895 2.43653
3100 1
1 42 2.7757 -3.42666 2.08376 0.574416 2.08424 0.00592124 2.66458
3200 1
1 42 2.79885 -3.42802 2.07479 0.539863 2.08817 0.00738185 2.63541
3300 1
1 42 2.90005 -3.1139 2.16509 0.401385 1.279 1.92123e-05 1.68041
3400 1
1 42 3.15947 -3.1176 2.29445 0.139973 1.28738 0.0178863 1.44524
3500 1
1 42 3.05658 -3.16067 2.41181 0.227551 1.38697 0.0630534 1.67757
3600 1
1 42 2.73424 -3.19704 2.52069 0.638975 1.47397 0.129587 2.24253
3700 1
1 42 2.60438 -3.1128 2.73828 0.863456 1.27651 0.333592 2.47356
3800 1
1 42 2.64711 -3.0485 2.94782 0.785871 1.13534 0.619547 2.54076
3900 1
1 42 2.94046 -3.38749 3.02576 0.35182 1.97266 0.748318 3.0728
4000 1
1 42 3.06259 -3.44023 3.13545 0.22185 2.12361 0.950124 3.29559
4100 1
1 42 2.8884 -3.4198 2.87231 0.416284 2.06448 0.506384 2.98715
4200 1
1 42 2.77752 -3.46332 2.62722 0.571664 2.19144 0.217639 2.98074
4300 1
1 42 2.8769 -3.35322 2.65423 0.431251 1.87758 0.243569 2.5524
4400 1
1 42 3.07496 -3.31179 2.86807 0.210348 1.76576 0.500362 2.47647
4500 1
1 42 3.12848 -3.14967 2.78438 0.164122 1.36118 0.388964 1.91427
4600 1
1 42 3.11543 -3.22868 2.83359 0.174864 1.55179 0.45278 2.17944
4700 1
1 42 2.81704 -3.22541 2.98389 0.513466 1.54366 0.677627 2.73476
4800 1
1 42 2.61997 -3.60744 2.79961 0.834726 2.63889 0.408205 3.88182
4900 1
1 42 2.74911 -3.88411 2.67638 0.615427 3.61431 0.265924 4.49566
5000 1
1 42 2.80526 -3.82134 2.72628 0.530483 3.3796 0.319873 4.22995
