# Time-averaged data for fix scalarOut
# TimeStep v_Dtwopoint v_DmolTwopoint v_DxMolTwopoint v_DyMolTwopoint v_DzMolTwopoint v_Dfitslope v_DmolFitslope v_DxMolFitslope v_DyMolFitslope v_DzMolFitslope v_Dvacf v_Dxvacf v_Dyvacf v_Dzvacf
0 25715.4 3.28692e-17 0 0 9.86076e-17 8.33333e+18 8.33333e+18 2.5e+19 2.5e+19 2.5e+19 0 0 0 0
10 0.000144147 1.57596e-05 4.55892e-05 8.74684e-07 8.14785e-07 0.000201373 8.94123e-06 2.61013e-05 3.98799e-07 3.23555e-07 -4.80071e-05 -0.000140673 4.30887e-05 -4.64371e-05
20 0.000236675 3.64275e-05 0.000102773 3.91986e-06 2.58958e-06 0.000185574 2.23273e-05 6.35256e-05 1.9597e-06 1.49656e-06 2.05028e-05 6.62161e-05 -4.04264e-05 3.57186e-05
30 0.000245857 4.98783e-05 0.000143872 4.34739e-06 1.41506e-06 0.000214786 3.39529e-05 9.67763e-05 3.27524e-06 1.80713e-06 -3.32264e-05 -3.726e-06 -4.906e-05 -4.68931e-05
40 0.000274104 5.75527e-05 0.00017085 1.69182e-06 1.16325e-07 0.000234647 4.24899e-05 0.000123061 3.13651e-06 1.27187e-06 1.26143e-05 0.000219998 -5.5096e-05 -0.00012706
50 0.000273419 6.22683e-05 0.000186795 3.09164e-09 6.35379e-09 0.000244009 4.85112e-05 0.000142505 2.19855e-06 8.30584e-07 0.000114887 0.000192027 -3.42199e-06 0.000156057
60 0.000275178 6.68584e-05 0.000197584 2.97617e-06 1.55902e-08 0.000254325 5.32545e-05 0.000157292 1.88652e-06 5.85282e-07 -2.1251e-05 0.000180546 -0.000108057 -0.000136243
70 0.000254883 7.12618e-05 0.000199859 1.36851e-05 2.40861e-07 0.000255561 5.73243e-05 0.000167977 3.54052e-06 4.54915e-07 -5.25331e-05 -1.94522e-05 -4.61734e-07 -0.000137685
80 0.000271016 7.43765e-05 0.000191271 3.0054e-05 1.80505e-06 0.000258247 6.0875e-05 0.000174147 7.90582e-06 5.72441e-07 -0.000220578 -0.000312829 -0.000272515 -7.639e-05
90 0.000243989 7.69989e-05 0.000177771 4.80997e-05 5.12569e-06 0.000256614 6.38626e-05 0.000175925 1.44866e-05 1.17645e-06 -9.64507e-05 -0.000178012 -0.000232485 0.000121145
100 0.000217535 8.16753e-05 0.000166522 6.88149e-05 9.6894e-06 0.00025289 6.67068e-05 0.000174906 2.2838e-05 2.37637e-06 -0.00021253 -0.000395539 -0.000162277 -7.97737e-05
110 0.000181043 8.84092e-05 0.000160176 9.06958e-05 1.43554e-05 0.000242165 6.9833e-05 0.000172657 3.27694e-05 4.07216e-06 -0.000198737 -0.00033566 -6.39748e-05 -0.000196576
120 0.000188484 9.49285e-05 0.000156169 0.000110552 1.80645e-05 0.000233672 7.33033e-05 0.000170254 4.36295e-05 6.02621e-06 -0.000124208 -0.00019631 -2.45115e-05 -0.000151803
130 0.000181549 9.89259e-05 0.000153061 0.000125063 1.86541e-05 0.000225922 7.67712e-05 0.000167814 5.46176e-05 7.88175e-06 -9.90313e-05 -0.000129372 -6.44616e-05 -0.00010326
140 0.000167998 0.000100627 0.000151492 0.000135481 1.49077e-05 0.00021939 7.98962e-05 0.000165607 6.49858e-05 9.09562e-06 -0.000121587 -0.000118075 -0.000143262 -0.000103426
150 0.000153806 0.000101034 0.000149576 0.000143949 9.57893e-06 0.000211514 8.25488e-05 0.00016363 7.45564e-05 9.45942e-06 -2.74263e-05 0.000107988 -6.29363e-05 -0.00012733
160 0.000137826 9.81344e-05 0.000146523 0.000143182 4.69871e-06 0.000203279 8.45801e-05 0.000161662 8.29415e-05 9.13672e-06 -0.000202771 -0.000343193 -6.76121e-05 -0.000197507
170 0.000128804 9.30158e-05 0.000149761 0.000127999 1.2883e-06 0.000195425 8.57694e-05 0.000160026 8.88776e-05 8.40509e-06 -4.2622e-05 -0.000148417 0.00022933 -0.000208779
180 0.000128323 8.80973e-05 0.000157551 0.000106738 2.4417e-09 0.000187916 8.62175e-05 0.000159318 9.17891e-05 7.54527e-06 -0.000236674 -0.000333508 9.70145e-05 -0.000473527
190 0.000135286 8.45009e-05 0.000165036 8.80393e-05 4.2749e-07 0.000181979 8.61831e-05 0.000159552 9.21997e-05 6.79725e-06 -0.00017592 -0.000295456 0.000285263 -0.000517568
200 0.00013389 8.02843e-05 0.000165636 7.4221e-05 9.95872e-07 0.000177174 8.57849e-05 0.000160129 9.10136e-05 6.21176e-06 -0.000256847 -0.00041334 0.000232105 -0.000589305
210 0.000138486 7.4522e-05 0.000158931 6.2639e-05 1.99573e-06 0.000173359 8.49874e-05 0.000160334 8.88548e-05 5.77371e-06 -0.000219023 -0.000375518 0.000328254 -0.000609805
220 0.000145964 6.48878e-05 0.000137627 5.28936e-05 4.14312e-06 0.000170569 8.36105e-05 0.00015925 8.60447e-05 5.53667e-06 -0.0002603 -0.000796916 0.000422614 -0.000406597
230 0.000145951 5.25735e-05 0.000104938 4.61356e-05 6.64645e-06 0.000168666 8.145e-05 0.000155916 8.2897e-05 5.53687e-06 -0.000319769 -0.000759953 0.000384688 -0.000584043
240 0.000149992 4.10929e-05 7.28184e-05 4.16966e-05 8.76367e-06 0.000167282 7.85748e-05 0.000150296 7.97026e-05 5.72561e-06 -0.000439585 -0.00109677 0.000394128 -0.000616117
250 0.000147935 3.12306e-05 4.53949e-05 3.93235e-05 8.97344e-06 0.000165602 7.52135e-05 0.000143034 7.66195e-05 5.98662e-06 -0.000375186 -0.000862297 0.000474227 -0.000737489
260 0.00015986 2.31666e-05 2.48511e-05 3.7123e-05 7.52579e-06 0.0001647 7.15647e-05 0.000134802 7.37426e-05 6.14938e-06 -0.000356933 -0.00120821 0.000508749 -0.000371335
270 0.000149071 1.62639e-05 1.17741e-05 3.02551e-05 6.76252e-06 0.000163764 6.77817e-05 0.000126289 7.08416e-05 6.21454e-06 -0.000245743 -0.000860154 0.000608262 -0.000485336
280 0.000156783 1.10434e-05 4.29922e-06 2.29046e-05 5.92643e-06 0.000162979 6.39712e-05 0.00011798 6.77106e-05 6.22269e-06 -6.83704e-05 -0.000816089 0.000802046 -0.000191068
290 0.000157666 7.75586e-06 8.65196e-07 1.78169e-05 4.58548e-06 0.000162713 6.0269e-05 0.000110167 6.44863e-05 6.15396e-06 -0.000145836 -0.00091866 0.000706058 -0.000224906
300 0.000160749 5.90013e-06 1.06209e-08 1.45081e-05 3.18171e-06 0.000162486 5.67687e-05 0.000102992 6.13131e-05 6.00058e-06 -0.000231898 -0.00122651 0.000689261 -0.00015844
310 0.000163622 5.06158e-06 1.29672e-06 1.18331e-05 2.05491e-06 0.000162558 5.35202e-05 9.65178e-05 5.82627e-05 5.77999e-06 -0.000381685 -0.00127854 0.000630555 -0.000497067
320 0.000156109 4.99844e-06 4.49929e-06 9.00456e-06 1.49148e-06 0.000162166 5.05455e-05 9.07842e-05 5.53218e-05 5.53047e-06 -0.000381003 -0.00112257 0.000652346 -0.00067278
330 0.00016291 5.27705e-06 8.11718e-06 6.34993e-06 1.36403e-06 0.000162131 4.78466e-05 8.57765e-05 5.24803e-05 5.2831e-06 -0.000506479 -0.00143651 0.000708367 -0.000791298
340 0.000162262 5.32273e-06 1.01008e-05 3.72989e-06 2.13752e-06 0.000162058 4.53909e-05 8.13636e-05 4.97334e-05 5.07584e-06 -0.000425833 -0.000954636 0.000790442 -0.0011133
350 0.000178516 5.36961e-06 1.01802e-05 1.72657e-06 4.20204e-06 0.000162397 4.31424e-05 7.73732e-05 4.7085e-05 4.96911e-06 -0.000322479 -0.000952331 0.00084848 -0.000863585
360 0.000188478 5.55938e-06 9.21734e-06 7.75966e-07 6.68483e-06 0.000163522 4.10854e-05 7.36753e-05 4.4577e-05 5.00383e-06 -0.000476069 -0.00116167 0.00088719 -0.00115373
370 0.00021535 5.67621e-06 8.60584e-06 2.73876e-07 8.14892e-06 0.000165775 3.92e-05 7.02266e-05 4.22337e-05 5.13982e-06 -0.000444744 -0.00139046 0.000964798 -0.000908571
380 0.000221863 6.10891e-06 8.61462e-06 8.2622e-08 9.62948e-06 0.000168551 3.74741e-05 6.70343e-05 4.00553e-05 5.33283e-06 -0.000418855 -0.00136418 0.00107204 -0.000964423
390 0.000227125 6.75848e-06 8.24132e-06 3.60667e-08 1.19981e-05 0.00017136 3.59092e-05 6.40776e-05 3.80368e-05 5.61326e-06 -0.00053673 -0.0013215 0.000978935 -0.00126763
400 0.000236576 7.42013e-06 7.37322e-06 1.57272e-08 1.48714e-05 0.00017438 3.44907e-05 6.13055e-05 3.61659e-05 6.00071e-06 -0.000544292 -0.0014889 0.00103474 -0.00117871
410 0.000227847 8.22216e-06 6.01406e-06 3.19755e-10 1.86521e-05 0.000177141 3.32108e-05 5.86798e-05 3.44287e-05 6.52399e-06 -0.000449874 -0.00123767 0.00121 -0.00132195
420 0.000230842 8.96182e-06 4.48237e-06 1.0145e-07 2.23016e-05 0.000179512 3.20568e-05 5.61672e-05 3.28153e-05 7.18781e-06 -0.000446237 -0.00154826 0.00120685 -0.0009973
430 0.000216718 9.37842e-06 3.30331e-06 5.43605e-07 2.42883e-05 0.000181489 3.10102e-05 5.37658e-05 3.1325e-05 7.93983e-06 -0.000518225 -0.00189897 0.00116236 -0.000818064
440 0.000222396 9.03321e-06 2.60999e-06 1.60607e-06 2.28836e-05 0.000183225 3.00336e-05 5.14851e-05 2.99685e-05 8.64726e-06 -0.000295008 -0.00184517 0.00127728 -0.000317132
450 0.000204248 9.01929e-06 2.01436e-06 3.97907e-06 2.10645e-05 0.000184531 2.91075e-05 4.93274e-05 2.8776e-05 9.21913e-06 -0.000355535 -0.00163982 0.00115144 -0.000578223
460 0.000205384 1.06867e-05 1.60036e-06 8.66258e-06 2.17971e-05 0.000185409 2.82772e-05 4.72865e-05 2.78118e-05 9.73332e-06 -0.000350704 -0.00174106 0.00109139 -0.00040244
470 0.000194392 1.41769e-05 1.63982e-06 1.66319e-05 2.42589e-05 0.0001861 2.76139e-05 4.53664e-05 2.71803e-05 1.02949e-05 -0.000350213 -0.00178092 0.0011249 -0.000394627
480 0.000188561 1.84712e-05 2.30285e-06 2.77515e-05 2.53592e-05 0.000186194 2.7157e-05 4.35799e-05 2.6988e-05 1.09032e-05 -0.000382596 -0.00189183 0.00108772 -0.000343688
490 0.000180516 2.24529e-05 3.38083e-06 4.05775e-05 2.34004e-05 0.000185979 2.68951e-05 4.19394e-05 2.72979e-05 1.14479e-05 -0.00036921 -0.00190891 0.000995972 -0.000194695
500 0.000174265 2.56697e-05 4.50358e-06 5.25046e-05 2.00009e-05 0.000185662 2.67927e-05 4.04398e-05 2.80889e-05 1.18493e-05 -0.000315161 -0.0016023 0.000835905 -0.000179082
510 0.000195515 2.72827e-05 5.42341e-06 6.04023e-05 1.60225e-05 0.000185602 2.67861e-05 3.90668e-05 2.9213e-05 1.20783e-05 -0.000242392 -0.00153691 0.000735367 7.43636e-05
520 0.000205306 2.79982e-05 6.38162e-06 6.48783e-05 1.27348e-05 0.000186164 2.68204e-05 3.78072e-05 3.04972e-05 1.21569e-05 -0.000139993 -0.00146711 0.000946964 0.000100169
530 0.000235636 2.84656e-05 7.64641e-06 6.70751e-05 1.06754e-05 0.000187589 2.68706e-05 3.66586e-05 3.18231e-05 1.213e-05 -0.000163702 -0.00169323 0.000885324 0.000316799
540 0.000242033 2.90289e-05 8.78793e-06 6.85909e-05 9.70787e-06 0.000189503 2.69398e-05 3.56197e-05 3.31431e-05 1.20565e-05 -0.000166178 -0.00140558 0.000909251 -2.20148e-06
550 0.000272643 2.94339e-05 9.97644e-06 6.93825e-05 8.94294e-06 0.000191794 2.70218e-05 3.46768e-05 3.44326e-05 1.19559e-05 -0.000166752 -0.00123955 0.000556491 0.000182806
560 0.000273335 2.95654e-05 1.1315e-05 6.89155e-05 8.4658e-06 0.000194815 2.71097e-05 3.38297e-05 3.56597e-05 1.18397e-05 -0.000302818 -0.00105702 0.000327275 -0.000178712
570 0.000297563 2.91996e-05 1.24807e-05 6.6924e-05 8.19422e-06 0.000197991 2.71868e-05 3.30697e-05 3.67747e-05 1.1716e-05 -0.000372205 -0.0013446 0.000263599 -3.56176e-05
580 0.000300821 2.86664e-05 1.395e-05 6.32828e-05 8.76643e-06 0.000201447 2.72439e-05 3.23917e-05 3.77366e-05 1.16034e-05 -0.00049135 -0.0017367 0.000355689 -9.30379e-05
590 0.000313963 2.87217e-05 1.60235e-05 5.93688e-05 1.07727e-05 0.000205028 2.72888e-05 3.18104e-05 3.85142e-05 1.15416e-05 -0.000413643 -0.00201219 0.00043788 0.000333383
600 0.000315784 2.96489e-05 1.78661e-05 5.76435e-05 1.34372e-05 0.000208742 2.73504e-05 3.13227e-05 3.91639e-05 1.15648e-05 -0.00049895 -0.00223592 0.000598428 0.000140645
610 0.000314113 3.07297e-05 1.87063e-05 5.80004e-05 1.54823e-05 0.000212151 2.74434e-05 3.09053e-05 3.97602e-05 1.16648e-05 -0.000542975 -0.00227775 0.00063234 1.64866e-05
620 0.000306374 3.14938e-05 1.71323e-05 6.09823e-05 1.63668e-05 0.000215177 2.75619e-05 3.04922e-05 4.03894e-05 1.18041e-05 -0.000547154 -0.00214767 0.000841486 -0.00033528
630 0.000284681 3.1602e-05 1.3835e-05 6.46043e-05 1.63667e-05 0.000217662 2.76871e-05 3.00174e-05 4.10945e-05 1.19494e-05 -0.000629776 -0.00204746 0.000729266 -0.000571135
640 0.000263888 3.12148e-05 9.90006e-06 6.80778e-05 1.56667e-05 0.000219351 2.78033e-05 2.9449e-05 4.18855e-05 1.20754e-05 -0.000533736 -0.00164821 0.000881452 -0.000834445
650 0.000253296 3.00182e-05 6.43664e-06 6.93439e-05 1.4274e-05 0.000220538 2.78869e-05 2.87923e-05 4.27057e-05 1.21628e-05 -0.000615098 -0.00160035 0.000522824 -0.000767765
660 0.000247313 2.89458e-05 3.88552e-06 7.02367e-05 1.27152e-05 0.000221451 2.79317e-05 2.80771e-05 4.35184e-05 1.21996e-05 -0.000532896 -0.00137993 0.000673363 -0.000892119
670 0.000238423 2.75567e-05 1.85496e-06 6.93444e-05 1.14709e-05 0.000222153 2.79402e-05 2.7327e-05 4.42995e-05 1.21941e-05 -0.000388349 -0.00138882 0.000713244 -0.000489469
680 0.000238415 2.56382e-05 6.88372e-07 6.62443e-05 9.9818e-06 0.000222583 2.78985e-05 2.65632e-05 4.49816e-05 1.21507e-05 -0.000498867 -0.00187882 0.000996574 -0.000614352
690 0.000235295 2.26364e-05 1.94147e-07 6.02554e-05 7.45963e-06 0.000222983 2.77891e-05 2.58111e-05 4.55054e-05 1.20506e-05 -0.000361576 -0.00169989 0.00104129 -0.000426131
700 0.000233625 1.85746e-05 2.57819e-09 5.16424e-05 4.0787e-06 0.000223302 2.75802e-05 2.50818e-05 4.57894e-05 1.18694e-05 -0.000392724 -0.00159888 0.00101818 -0.000597479
710 0.000239602 1.45525e-05 1.01856e-07 4.26248e-05 9.30882e-07 0.000223633 2.72656e-05 2.43823e-05 4.58142e-05 1.16005e-05 -0.000475638 -0.00185977 0.000882295 -0.000449443
720 0.000233677 1.14541e-05 4.76429e-07 3.3798e-05 8.78501e-08 0.000223986 2.6865e-05 2.37185e-05 4.55896e-05 1.1287e-05 -0.000530662 -0.00183427 0.000724923 -0.00048264
730 0.000226494 1.01263e-05 1.30443e-06 2.65513e-05 2.52314e-06 0.000224194 2.64222e-05 2.30978e-05 4.51566e-05 1.10121e-05 -0.000556732 -0.001833 0.000728535 -0.000565731
740 0.000216797 1.07379e-05 2.96836e-06 2.10994e-05 8.14594e-06 0.000224114 2.59899e-05 2.2536e-05 4.45726e-05 1.08612e-05 -0.000547391 -0.00192869 0.000878251 -0.000591731
750 0.000216758 1.30158e-05 5.37941e-06 1.80368e-05 1.56313e-05 0.000223882 2.56171e-05 2.20524e-05 4.3902e-05 1.08969e-05 -0.000472683 -0.00193324 0.000903551 -0.00038836
760 0.000212366 1.59107e-05 7.79277e-06 1.71941e-05 2.27453e-05 0.000223639 2.53294e-05 2.16526e-05 4.32108e-05 1.11247e-05 -0.000379197 -0.00173304 0.000944599 -0.000349145
770 0.000216189 1.86806e-05 9.33852e-06 1.83119e-05 2.83914e-05 0.000223381 2.51264e-05 2.13197e-05 4.2552e-05 1.15076e-05 -0.000351156 -0.00157762 0.000704506 -0.00018036
780 0.000216267 2.07454e-05 9.16893e-06 2.13735e-05 3.16938e-05 0.000223168 2.4993e-05 2.1016e-05 4.19748e-05 1.1988e-05 -0.000362889 -0.0018137 0.000648615 7.64197e-05
790 0.00021001 2.19162e-05 7.76689e-06 2.59648e-05 3.2017e-05 0.000222949 2.49035e-05 2.06997e-05 4.15184e-05 1.24924e-05 -0.000244365 -0.00164823 0.000710805 0.000204327
800 0.000210841 2.27066e-05 6.61887e-06 3.15553e-05 2.99458e-05 0.000222674 2.48403e-05 2.03616e-05 4.12057e-05 1.29536e-05 -0.000255607 -0.00181094 0.00085955 0.000184567
810 0.000206841 2.34575e-05 5.79181e-06 3.85882e-05 2.59924e-05 0.000222365 2.4797e-05 2.00132e-05 4.10616e-05 1.33163e-05 -0.000278235 -0.00190559 0.000964105 0.000106774
820 0.000212835 2.47316e-05 5.28186e-06 4.64378e-05 2.24751e-05 0.000222018 2.478e-05 1.96607e-05 4.11044e-05 1.3575e-05 -0.000313497 -0.00196291 0.000983514 3.8907e-05
830 0.000212893 2.63606e-05 5.28763e-06 5.43069e-05 1.94872e-05 0.00022177 2.47996e-05 1.93163e-05 4.13363e-05 1.37462e-05 -0.000290189 -0.00190623 0.000930201 0.000105457
840 0.000223882 2.7971e-05 5.29455e-06 6.09905e-05 1.76281e-05 0.000221667 2.48573e-05 1.89847e-05 4.17315e-05 1.38557e-05 -0.000259754 -0.00207691 0.000997128 0.000300521
850 0.000228611 2.95631e-05 5.14348e-06 6.72381e-05 1.63077e-05 0.000221742 2.49495e-05 1.86634e-05 4.22591e-05 1.3926e-05 -0.000171712 -0.00220027 0.00103162 0.000653506
860 0.000234344 3.12353e-05 4.51406e-06 7.41866e-05 1.50052e-05 0.000222066 2.50774e-05 1.83441e-05 4.29233e-05 1.39647e-05 -0.000198346 -0.00230754 0.0010099 0.000702608
870 0.000242401 3.23979e-05 3.3665e-06 8.01138e-05 1.37135e-05 0.000222433 2.52327e-05 1.80143e-05 4.37123e-05 1.39715e-05 -0.000100853 -0.00223133 0.00112313 0.000805648
880 0.000238021 3.34477e-05 2.20286e-06 8.52238e-05 1.29164e-05 0.000222841 2.5407e-05 1.76688e-05 4.45977e-05 1.39545e-05 -0.000244392 -0.00234609 0.00102037 0.000592546
890 0.000230011 3.40694e-05 1.34711e-06 8.85843e-05 1.22767e-05 0.000223086 2.55949e-05 1.73123e-05 4.55484e-05 1.39241e-05 -0.000238175 -0.00221649 0.0010708 0.000431169
900 0.000218287 3.38033e-05 8.69099e-07 8.93417e-05 1.11992e-05 0.000223072 2.57798e-05 1.69535e-05 4.65111e-05 1.38749e-05 -0.000290487 -0.00232726 0.00109078 0.000365012
910 0.000216079 3.26294e-05 5.64434e-07 8.6991e-05 1.03329e-05 0.00022295 2.59419e-05 1.65986e-05 4.74217e-05 1.38053e-05 -0.000165726 -0.00212734 0.00106471 0.000565457
920 0.000214129 3.08234e-05 2.21499e-07 8.30969e-05 9.15185e-06 0.000222778 2.60652e-05 1.62482e-05 4.82293e-05 1.37179e-05 -0.000105915 -0.00199323 0.000939074 0.000736408
930 0.000194802 2.86074e-05 4.05322e-09 7.87084e-05 7.10963e-06 0.000222379 2.61408e-05 1.59027e-05 4.89225e-05 1.35972e-05 -0.000129326 -0.00174219 0.00075555 0.00059866
940 0.00018444 2.64015e-05 1.59176e-07 7.41276e-05 4.91782e-06 0.00022166 2.61666e-05 1.55677e-05 4.94975e-05 1.34346e-05 -0.000252319 -0.00166809 0.000660939 0.000250189
950 0.000172714 2.3936e-05 6.34479e-07 6.83504e-05 2.82321e-06 0.000220715 2.6144e-05 1.52505e-05 4.99495e-05 1.32319e-05 -0.00025555 -0.00166022 0.000629494 0.000264075
960 0.000167133 2.09141e-05 1.11801e-06 6.04592e-05 1.1651e-06 0.00021966 2.6064e-05 1.49536e-05 5.02417e-05 1.29966e-05 -0.000395006 -0.00176076 0.000570898 4.84581e-06
970 0.000163051 1.81397e-05 1.50656e-06 5.26791e-05 2.33274e-07 0.000218544 2.59258e-05 1.46745e-05 5.03605e-05 1.27425e-05 -0.00045687 -0.00189583 0.000568865 -4.36502e-05
980 0.000166594 1.62577e-05 2.02357e-06 4.67494e-05 2.27947e-12 0.000217456 2.57451e-05 1.44125e-05 5.03373e-05 1.24854e-05 -0.000444688 -0.0021279 0.000743313 5.05243e-05
990 0.000162282 1.54915e-05 2.88315e-06 4.3426e-05 1.65286e-07 0.000216383 2.55438e-05 1.41726e-05 5.02226e-05 1.22362e-05 -0.000385395 -0.00197633 0.000795086 2.50624e-05
1000 0.000158129 1.59986e-05 4.174e-06 4.32382e-05 5.83615e-07 0.000215301 2.53477e-05 1.39616e-05 5.00811e-05 1.20006e-05 -0.000428647 -0.00185163 0.000796988 -0.000231294
1010 0.000149923 1.72365e-05 5.48166e-06 4.47564e-05 1.47155e-06 0.000214089 2.51764e-05 1.37838e-05 4.9961e-05 1.17845e-05 -0.000475377 -0.00199138 0.000885795 -0.000320546
1020 0.000139337 1.87179e-05 6.13546e-06 4.69051e-05 3.11304e-06 0.000212696 2.5037e-05 1.36298e-05 4.98812e-05 1.15999e-05 -0.000575287 -0.0021845 0.000959434 -0.00050079
1030 0.000130969 2.05009e-05 6.17807e-06 5.00818e-05 5.24286e-06 0.000211187 2.49335e-05 1.34863e-05 4.98559e-05 1.14582e-05 -0.000636089 -0.00228626 0.000780552 -0.000402559
1040 0.000128043 2.23679e-05 5.9783e-06 5.38774e-05 7.24797e-06 0.000209633 2.48682e-05 1.33441e-05 4.9899e-05 1.13615e-05 -0.000612787 -0.00221053 0.000820763 -0.000448594
1050 0.000114688 2.40124e-05 5.72844e-06 5.75642e-05 8.74451e-06 0.000207927 2.48385e-05 1.32026e-05 5.00131e-05 1.12997e-05 -0.000494165 -0.0019194 0.000996924 -0.000560021
1060 0.000115046 2.50697e-05 4.81966e-06 6.05677e-05 9.82176e-06 0.000206193 2.48348e-05 1.30538e-05 5.01872e-05 1.12635e-05 -0.000428137 -0.00176122 0.00107008 -0.00059327
1070 0.000118699 2.49371e-05 3.5399e-06 6.07653e-05 1.05062e-05 0.00020452 2.48401e-05 1.28882e-05 5.0388e-05 1.12442e-05 -0.000530068 -0.0018466 0.00100103 -0.000744635
1080 0.000122151 2.35839e-05 2.11455e-06 5.76337e-05 1.10034e-05 0.000202978 2.48288e-05 1.27012e-05 5.05498e-05 1.12356e-05 -0.000567203 -0.00198356 0.00108547 -0.00080352
1090 0.000128284 2.19738e-05 1.05665e-06 5.31348e-05 1.17299e-05 0.00020156 2.47899e-05 1.24966e-05 5.06352e-05 1.12379e-05 -0.000555243 -0.0019393 0.00112774 -0.000854168
1100 0.000134914 2.01963e-05 4.1443e-07 4.73851e-05 1.27893e-05 0.000200296 2.47213e-05 1.22829e-05 5.06241e-05 1.1257e-05 -0.000613291 -0.00193741 0.00104631 -0.000948768
1110 0.000152038 1.83568e-05 7.81769e-08 4.11826e-05 1.38095e-05 0.000199313 2.46219e-05 1.20664e-05 5.05049e-05 1.12945e-05 -0.000584627 -0.00198885 0.000886258 -0.000651285
1120 0.000154113 1.65706e-05 1.5523e-09 3.4916e-05 1.47941e-05 0.000198471 2.44931e-05 1.18524e-05 5.02781e-05 1.13487e-05 -0.000573899 -0.00189157 0.000933535 -0.000763657
1130 0.000161315 1.46603e-05 1.45786e-07 2.8331e-05 1.55042e-05 0.000197777 2.43353e-05 1.16448e-05 4.99446e-05 1.14165e-05 -0.000548513 -0.00209296 0.0010858 -0.000638376
1140 0.000162322 1.27807e-05 5.48545e-07 2.13334e-05 1.64603e-05 0.000197171 2.41478e-05 1.14476e-05 4.95e-05 1.14958e-05 -0.00048389 -0.00197454 0.0010672 -0.000544323
1150 0.00015746 1.15952e-05 1.24108e-06 1.52561e-05 1.82883e-05 0.00019652 2.39387e-05 1.12652e-05 4.89533e-05 1.15977e-05 -0.000495842 -0.00180879 0.00101024 -0.000688972
1160 0.000148818 1.1147e-05 2.03796e-06 1.02655e-05 2.11375e-05 0.000195788 2.37218e-05 1.11009e-05 4.8327e-05 1.17375e-05 -0.000635974 -0.00197481 0.000760533 -0.000693649
1170 0.000137468 1.1104e-05 2.58645e-06 6.25092e-06 2.44746e-05 0.00019486 2.35073e-05 1.09525e-05 4.7641e-05 1.19286e-05 -0.000555223 -0.00178982 0.000649657 -0.000525503
1180 0.000125896 1.12454e-05 2.54758e-06 3.0906e-06 2.8098e-05 0.000193782 2.32992e-05 1.08119e-05 4.69132e-05 1.21726e-05 -0.000594707 -0.00172244 0.000491894 -0.000553575
1190 0.000113529 1.15591e-05 2.02464e-06 8.46397e-07 3.18062e-05 0.000192528 2.31005e-05 1.06693e-05 4.61584e-05 1.24738e-05 -0.000584388 -0.0014956 0.000470067 -0.000727634
1200 0.000108347 1.19205e-05 1.36781e-06 1.79636e-09 3.43918e-05 0.000191177 2.2912e-05 1.05198e-05 4.53976e-05 1.28187e-05 -0.000487236 -0.00154279 0.000484354 -0.000403268
1210 0.000101848 1.27452e-05 9.60489e-07 5.89438e-07 3.66858e-05 0.000189762 2.27381e-05 1.03651e-05 4.4655e-05 1.31941e-05 -0.000502953 -0.00146469 0.000378807 -0.000422977
1220 9.92137e-05 1.3634e-05 7.59491e-07 2.08085e-06 3.80616e-05 0.000188291 2.25833e-05 1.02097e-05 4.39491e-05 1.35913e-05 -0.000530962 -0.0014268 0.000211328 -0.000377415
1230 0.000100583 1.40787e-05 6.69693e-07 4.12182e-06 3.74445e-05 0.000186868 2.24432e-05 1.00559e-05 4.32894e-05 1.39845e-05 -0.000516298 -0.00142547 0.000211862 -0.000335288
1240 0.000101099 1.37162e-05 6.44558e-07 6.71027e-06 3.37937e-05 0.000185498 2.23069e-05 9.90487e-06 4.2683e-05 1.43328e-05 -0.000595533 -0.00139483 0.000169489 -0.000561259
1250 9.94614e-05 1.2954e-05 7.52214e-07 1.00028e-05 2.8107e-05 0.000184113 2.21632e-05 9.75807e-06 4.21381e-05 1.45933e-05 -0.000448577 -0.00116781 0.00033897 -0.000516887
1260 9.71998e-05 1.28386e-05 1.21091e-06 1.44727e-05 2.28322e-05 0.000182754 2.20153e-05 9.61916e-06 4.16678e-05 1.47589e-05 -0.000600866 -0.00136623 0.000397836 -0.0008342
1270 0.000104785 1.37459e-05 2.14776e-06 1.98335e-05 1.92566e-05 0.000181467 2.18782e-05 9.49473e-06 4.12874e-05 1.48526e-05 -0.000537096 -0.00121546 0.000233584 -0.000629413
1280 0.000110326 1.48647e-05 3.75347e-06 2.44348e-05 1.6406e-05 0.000180343 2.17617e-05 9.39315e-06 4.09956e-05 1.48962e-05 -0.000508105 -0.00122153 0.000249809 -0.000552592
1290 0.000116962 1.55436e-05 6.00779e-06 2.66981e-05 1.39248e-05 0.000179301 2.16615e-05 9.32478e-06 4.07619e-05 1.4898e-05 -0.000439595 -0.0014206 0.000336906 -0.000235093
1300 0.00012742 1.5959e-05 8.488e-06 2.7789e-05 1.16002e-05 0.000178466 2.15713e-05 9.29431e-06 4.05565e-05 1.48632e-05 -0.000445208 -0.00159049 0.000404984 -0.000150121
1310 0.000130403 1.63594e-05 1.14053e-05 2.80887e-05 9.58409e-06 0.000177707 2.14894e-05 9.30606e-06 4.0366e-05 1.4796e-05 -0.000479602 -0.00175181 0.000435847 -0.000122847
1320 0.000135878 1.66347e-05 1.42783e-05 2.75056e-05 8.12023e-06 0.000177032 2.14145e-05 9.3615e-06 4.0177e-05 1.47048e-05 -0.00061396 -0.00191545 0.000525314 -0.00045174
1330 0.000134743 1.66373e-05 1.73051e-05 2.56984e-05 6.90845e-06 0.000176412 2.13432e-05 9.45985e-06 3.9974e-05 1.45958e-05 -0.000629911 -0.00176285 0.000528252 -0.000655134
1340 0.000145197 1.62611e-05 1.93377e-05 2.30119e-05 6.43367e-06 0.000175855 2.12707e-05 9.59505e-06 3.97402e-05 1.44767e-05 -0.000713601 -0.00202909 0.000552171 -0.000663883
1350 0.000151203 1.57425e-05 2.01735e-05 2.06078e-05 6.44612e-06 0.000175457 2.1192e-05 9.74543e-06 3.94728e-05 1.43579e-05 -0.000730794 -0.00211747 0.000550227 -0.000625141
1360 0.000162629 1.56291e-05 2.09239e-05 1.90803e-05 6.88298e-06 0.00017517 2.1111e-05 9.9045e-06 3.91835e-05 1.42451e-05 -0.000767995 -0.00224623 0.0005134 -0.000571153
1370 0.000173762 1.56277e-05 2.09035e-05 1.81716e-05 7.80806e-06 0.000175095 2.10311e-05 1.00652e-05 3.88832e-05 1.41449e-05 -0.000665071 -0.00210549 0.000754146 -0.000643869
1380 0.000187151 1.60468e-05 2.05784e-05 1.8078e-05 9.48402e-06 0.000175193 2.09556e-05 1.02186e-05 3.85827e-05 1.40655e-05 -0.000736182 -0.00239979 0.000592966 -0.000401725
1390 0.000204309 1.67807e-05 2.04206e-05 1.83695e-05 1.15522e-05 0.000175484 2.08912e-05 1.03657e-05 3.82912e-05 1.40167e-05 -0.000675072 -0.00243615 0.000606059 -0.000195122
1400 0.000213276 1.67608e-05 1.94936e-05 1.84087e-05 1.23799e-05 0.00017596 2.08338e-05 1.05026e-05 3.8009e-05 1.39899e-05 -0.000610944 -0.00231321 0.000410849 6.95246e-05
1410 0.000224733 1.59074e-05 1.81812e-05 1.70435e-05 1.24974e-05 0.000176568 2.07701e-05 1.06189e-05 3.77236e-05 1.3968e-05 -0.000490578 -0.00204927 0.000307518 0.000270015
1420 0.000230115 1.48757e-05 1.72817e-05 1.45614e-05 1.2784e-05 0.000177297 2.0694e-05 1.07175e-05 3.74148e-05 1.39496e-05 -0.000436016 -0.00207911 0.000395609 0.000375453
1430 0.000229449 1.32984e-05 1.59886e-05 1.21577e-05 1.1749e-05 0.000178048 2.06019e-05 1.07997e-05 3.70778e-05 1.39281e-05 -0.000285066 -0.00186593 0.000252338 0.000758389
1440 0.00022378 1.13318e-05 1.45823e-05 9.90397e-06 9.509e-06 0.000178725 2.04857e-05 1.08601e-05 3.6716e-05 1.38808e-05 -0.000161417 -0.0017702 0.000299235 0.000986715
1450 0.000211421 9.59067e-06 1.34926e-05 7.71847e-06 7.56096e-06 0.000179237 2.03464e-05 1.09026e-05 3.63311e-05 1.38056e-05 -0.000240743 -0.00158279 8.73905e-05 0.000773168
1460 0.000197359 8.19341e-06 1.29514e-05 5.63752e-06 5.99129e-06 0.000179577 2.01888e-05 1.09329e-05 3.59252e-05 1.37083e-05 -0.000301783 -0.00167683 0.000107879 0.000663607
1470 0.000183067 7.15984e-06 1.29223e-05 3.75664e-06 4.80064e-06 0.00017971 2.00181e-05 1.09598e-05 3.55004e-05 1.35942e-05 -0.000398193 -0.00191043 0.000232907 0.000482943
1480 0.00017449 6.51481e-06 1.27665e-05 2.32207e-06 4.45588e-06 0.000179672 1.98398e-05 1.0985e-05 3.50622e-05 1.34723e-05 -0.000565558 -0.0021352 0.000315812 0.00012271
1490 0.000169424 6.30471e-06 1.27401e-05 1.28646e-06 4.88752e-06 0.000179575 1.96598e-05 1.10084e-05 3.46165e-05 1.33543e-05 -0.00071999 -0.00243007 0.000412713 -0.000142616
1500 0.000162802 6.33101e-06 1.25297e-05 7.87319e-07 5.67599e-06 0.00017939 1.94825e-05 1.10303e-05 3.41699e-05 1.32474e-05 -0.000779658 -0.00245703 0.000460258 -0.000342203
1510 0.000161689 6.35725e-06 1.18379e-05 6.10369e-07 6.62346e-06 0.000179176 1.93092e-05 1.10452e-05 3.37281e-05 1.31543e-05 -0.000720779 -0.00200044 0.000605104 -0.000767006
1520 0.000157874 6.4947e-06 1.12659e-05 4.8502e-07 7.7332e-06 0.000178906 1.91404e-05 1.10512e-05 3.32934e-05 1.30766e-05 -0.000724119 -0.00198342 0.000510638 -0.000699572
1530 0.000161875 6.61168e-06 1.06396e-05 3.29466e-07 8.86594e-06 0.000178666 1.89767e-05 1.10498e-05 3.28652e-05 1.30152e-05 -0.000747824 -0.0021981 0.000568109 -0.000613482
1540 0.000160502 6.56656e-06 9.73138e-06 1.98407e-07 9.76989e-06 0.000178429 1.88166e-05 1.10381e-05 3.24434e-05 1.29684e-05 -0.000653158 -0.00208346 0.00065366 -0.000529679
1550 0.000159321 6.32269e-06 8.50524e-06 1.56781e-07 1.0306e-05 0.000178188 1.86578e-05 1.1013e-05 3.20287e-05 1.29316e-05 -0.000655459 -0.00218658 0.000400513 -0.000180306
1560 0.000159975 5.62867e-06 6.85316e-06 1.8135e-07 9.8515e-06 0.000177968 1.84959e-05 1.09698e-05 3.16219e-05 1.2896e-05 -0.00072138 -0.00222335 0.000394954 -0.00033574
1570 0.000156945 4.8236e-06 5.02567e-06 1.93686e-07 9.25146e-06 0.00017771 1.83267e-05 1.09046e-05 3.12232e-05 1.28523e-05 -0.000606197 -0.00202178 0.000474161 -0.000270973
1580 0.00015846 4.38747e-06 3.41914e-06 1.18663e-07 9.6246e-06 0.000177469 1.81531e-05 1.08191e-05 3.08316e-05 1.28085e-05 -0.000388645 -0.00163047 0.000583462 -0.000118927
1590 0.000157204 4.25846e-06 2.11455e-06 4.93383e-08 1.06115e-05 0.000177204 1.79794e-05 1.07169e-05 3.04463e-05 1.27751e-05 -0.000485836 -0.00168199 0.000454879 -0.000230393
1600 0.000157397 4.22173e-06 1.24626e-06 1.16529e-08 1.14073e-05 0.000176968 1.78084e-05 1.06035e-05 3.00675e-05 1.27541e-05 -0.000400693 -0.00163314 0.000525988 -9.49284e-05
1610 0.000155832 4.10121e-06 6.80316e-07 1.69499e-09 1.16216e-05 0.00017672 1.76396e-05 1.04836e-05 2.96956e-05 1.27398e-05 -0.000309479 -0.00166185 0.000630394 0.000103024
1620 0.000157075 3.70037e-06 3.48904e-07 1.6729e-10 1.0752e-05 0.000176463 1.74707e-05 1.03606e-05 2.93304e-05 1.27212e-05 -0.000451403 -0.00196359 0.000441332 0.00016805
1630 0.000152647 3.12465e-06 1.03388e-07 1.70756e-08 9.25348e-06 0.000176198 1.72986e-05 1.02365e-05 2.8972e-05 1.26872e-05 -0.000457084 -0.00196617 0.000568679 2.62407e-05
1640 0.000148132 2.66884e-06 1.84646e-10 7.99679e-08 7.92636e-06 0.000175875 1.71231e-05 1.01126e-05 2.86207e-05 1.26362e-05 -0.000305174 -0.00175356 0.000576491 0.00026155
1650 0.000146084 2.46575e-06 9.84073e-08 2.47318e-07 7.05154e-06 0.000175537 1.6947e-05 9.99089e-06 2.8277e-05 1.2573e-05 -0.000392341 -0.00184092 0.000549593 0.000114303
1660 0.000143527 2.57048e-06 3.796e-07 6.86222e-07 6.6456e-06 0.000175165 1.67735e-05 9.87387e-06 2.79431e-05 1.25035e-05 -0.000332522 -0.00170298 0.000463497 0.000241916
1670 0.000145464 2.97527e-06 8.29972e-07 1.41268e-06 6.68316e-06 0.000174795 1.66065e-05 9.76338e-06 2.76225e-05 1.24336e-05 -0.000339297 -0.00176418 0.000681391 6.48957e-05
1680 0.000142256 3.50079e-06 1.37541e-06 2.31097e-06 6.81599e-06 0.000174419 1.64482e-05 9.66097e-06 2.73174e-05 1.23662e-05 -0.000299867 -0.00186587 0.000634879 0.000331392
1690 0.000142894 4.1587e-06 1.91235e-06 3.36706e-06 7.19669e-06 0.000174043 1.62996e-05 9.56678e-06 2.70292e-05 1.23028e-05 -0.000261503 -0.00174697 0.000691678 0.000270782
1700 0.000138347 5.08832e-06 2.31582e-06 4.8216e-06 8.12753e-06 0.000173646 1.6163e-05 9.47988e-06 2.67607e-05 1.22485e-05 -0.000235034 -0.00172918 0.000743371 0.000280706
1710 0.00014024 6.04214e-06 2.4538e-06 6.59915e-06 9.07349e-06 0.00017325 1.60402e-05 9.39752e-06 2.65164e-05 1.22068e-05 -8.04515e-05 -0.001537 0.00073193 0.000563712
1720 0.00014041 6.75233e-06 2.33609e-06 8.15961e-06 9.76127e-06 0.00017287 1.59292e-05 9.31661e-06 2.62959e-05 1.21751e-05 -6.48883e-05 -0.00149516 0.000698889 0.000601609
1730 0.000142096 7.08826e-06 1.81916e-06 9.34572e-06 1.00999e-05 0.000172507 1.5826e-05 9.23331e-06 2.6095e-05 1.21499e-05 -0.00011874 -0.00150967 0.000636777 0.000516672
1740 0.000146394 6.92335e-06 1.07572e-06 9.93103e-06 9.76331e-06 0.000172179 1.57254e-05 9.14378e-06 2.59075e-05 1.2125e-05 -5.23469e-05 -0.00139109 0.00065068 0.000583373
1750 0.000146199 6.27705e-06 3.92507e-07 9.80913e-06 8.6295e-06 0.000171879 1.56213e-05 9.04741e-06 2.57252e-05 1.20914e-05 -4.14197e-05 -0.00140662 0.000814334 0.000468029
1760 0.000151913 5.63824e-06 1.88459e-08 9.42523e-06 7.47065e-06 0.000171635 1.55115e-05 8.94669e-06 2.55428e-05 1.20449e-05 -0.000106173 -0.00151464 0.000771465 0.000424655
1770 0.000150555 4.83591e-06 1.42607e-07 8.39231e-06 5.97283e-06 0.000171396 1.53956e-05 8.84645e-06 2.53558e-05 1.19847e-05 5.57223e-05 -0.0016366 0.00102279 0.000780969
1780 0.000150515 3.81871e-06 7.30264e-07 6.68728e-06 4.03859e-06 0.000171166 1.52712e-05 8.75224e-06 2.51557e-05 1.19056e-05 3.90777e-05 -0.00155146 0.000905852 0.000762841
1790 0.000146797 2.92806e-06 1.78389e-06 4.78595e-06 2.21434e-06 0.000170914 1.51379e-05 8.6689e-06 2.49384e-05 1.18066e-05 -2.73098e-05 -0.00168102 0.000739865 0.00085923
1800 0.000143388 2.32697e-06 3.14516e-06 2.99476e-06 8.40995e-07 0.000170625 1.49989e-05 8.60087e-06 2.47042e-05 1.16915e-05 -0.000105074 -0.00188948 0.000817884 0.000756378
1810 0.000140135 2.05615e-06 4.65816e-06 1.40827e-06 1.0201e-07 0.000170312 1.48573e-05 8.54973e-06 2.44553e-05 1.15669e-05 -3.94222e-05 -0.00170822 0.000847028 0.000742921
1820 0.000135816 2.25133e-06 6.45207e-06 2.7566e-07 2.62697e-08 0.000169947 1.47178e-05 8.51761e-06 2.41953e-05 1.14405e-05 -0.000103934 -0.00174268 0.000881294 0.00054959
1830 0.000129912 2.90932e-06 8.43764e-06 1.24346e-09 2.89083e-07 0.000169548 1.45857e-05 8.50721e-06 2.39325e-05 1.13175e-05 -0.000277516 -0.00175298 0.000664752 0.000255681
1840 0.000123197 3.54712e-06 9.77337e-06 1.38165e-07 7.29822e-07 0.000169082 1.44632e-05 8.51513e-06 2.3674e-05 1.12006e-05 -0.00018138 -0.00162155 0.000629193 0.000448218
1850 0.000116534 4.04628e-06 1.05629e-05 2.94816e-07 1.28112e-06 0.000168549 1.43487e-05 8.5336e-06 2.34214e-05 1.1091e-05 -0.000225665 -0.00162297 0.000360456 0.000585518
1860 0.000108896 4.38484e-06 1.10118e-05 3.60671e-07 1.78201e-06 0.000167945 1.42404e-05 8.55829e-06 2.3174e-05 1.0989e-05 -0.000185856 -0.00143469 0.000291404 0.000585716
1870 0.000104651 4.53407e-06 1.1135e-05 3.53003e-07 2.11425e-06 0.000167286 1.41364e-05 8.58531e-06 2.29308e-05 1.08929e-05 -8.69677e-05 -0.00121881 0.000193297 0.000764606
1880 9.59941e-05 4.62528e-06 1.13262e-05 2.49278e-07 2.30032e-06 0.000166571 1.40351e-05 8.61313e-06 2.2691e-05 1.08011e-05 -1.92727e-05 -0.00120805 0.000287598 0.000862629
1890 9.10711e-05 4.77887e-06 1.18574e-05 1.45391e-07 2.33384e-06 0.000165803 1.39366e-05 8.64436e-06 2.24535e-05 1.07118e-05 -0.000131083 -0.00116124 0.000170274 0.000597717
1900 8.61796e-05 5.12656e-06 1.293e-05 2.31579e-07 2.2181e-06 0.000164985 1.38423e-05 8.68388e-06 2.22198e-05 1.06233e-05 -0.000220956 -0.00132741 1.83186e-05 0.000646222
1910 8.40202e-05 5.47206e-06 1.40016e-05 4.10485e-07 2.00407e-06 0.00016415 1.37535e-05 8.73457e-06 2.19914e-05 1.05345e-05 -0.000259452 -0.00113582 -9.99094e-05 0.000457374
1920 8.13386e-05 5.68694e-06 1.48376e-05 5.25625e-07 1.69763e-06 0.000163292 1.36688e-05 8.79406e-06 2.17681e-05 1.04442e-05 -0.00038756 -0.00119719 -0.000178429 0.000212939
1930 8.21243e-05 5.81712e-06 1.56926e-05 4.89681e-07 1.26904e-06 0.000162461 1.3587e-05 8.86103e-06 2.15486e-05 1.03515e-05 -0.000414141 -0.00129112 -0.000298025 0.000346728
1940 8.79495e-05 5.99391e-06 1.66963e-05 4.14352e-07 8.71074e-07 0.000161664 1.35082e-05 8.93695e-06 2.13318e-05 1.02558e-05 -0.000311176 -0.00126363 -0.000136338 0.000466442
1950 9.21327e-05 6.11708e-06 1.74387e-05 2.94485e-07 6.17999e-07 0.00016093 1.34321e-05 9.0206e-06 2.11172e-05 1.01584e-05 -0.000337332 -0.00151432 -0.000117965 0.000620288
1960 9.61801e-05 6.26865e-06 1.81955e-05 2.11135e-07 3.99349e-07 0.000160255 1.33584e-05 9.11018e-06 2.09049e-05 1.00602e-05 -0.00039194 -0.00167387 -0.000165804 0.000663852
1970 9.97277e-05 6.51544e-06 1.92564e-05 1.53394e-07 1.3649e-07 0.000159618 1.3288e-05 9.2078e-06 2.06952e-05 9.96093e-06 -0.000448557 -0.00165544 -0.000202669 0.00051244
1980 9.859e-05 6.80839e-06 2.02628e-05 1.61076e-07 1.29236e-09 0.000159014 1.32214e-05 9.3147e-06 2.04883e-05 9.8611e-06 -0.000439443 -0.00136888 -0.000194623 0.000245172
1990 0.000103204 7.02885e-06 2.06662e-05 3.14846e-07 1.05519e-07 0.00015844 1.31584e-05 9.42728e-06 2.02853e-05 9.76269e-06 -0.000466735 -0.00146495 -0.00025569 0.000320439
2000 0.000106172 7.0469e-06 2.01066e-05 6.84906e-07 3.49155e-07 0.000157903 1.30976e-05 9.53687e-06 2.00881e-05 9.66778e-06 -0.000526909 -0.00149958 -0.000195897 0.000114747
2010 0.000111994 6.92288e-06 1.91322e-05 1.12646e-06 5.0995e-07 0.000157422 1.30369e-05 9.63627e-06 1.98981e-05 9.57633e-06 -0.000412715 -0.00128863 -0.000121023 0.000171503
2020 0.0001151 6.73729e-06 1.8219e-05 1.36735e-06 6.25483e-07 0.000156986 1.29755e-05 9.72483e-06 1.97143e-05 9.48744e-06 -0.000430591 -0.00159709 -0.000157295 0.000462611
2030 0.000120923 6.62153e-06 1.75186e-05 1.51957e-06 8.26369e-07 0.000156603 1.29135e-05 9.80431e-06 1.95349e-05 9.40139e-06 -0.000545928 -0.00187911 -0.000149791 0.000391119
2040 0.000125233 6.5085e-06 1.67199e-05 1.61956e-06 1.18602e-06 0.000156278 1.28515e-05 9.87555e-06 1.93594e-05 9.31943e-06 -0.000414066 -0.00162103 -2.98327e-05 0.00040867
2050 0.00013093 6.37514e-06 1.58611e-05 1.66028e-06 1.60403e-06 0.000156005 1.2789e-05 9.93742e-06 1.91871e-05 9.24252e-06 -0.000437391 -0.00156029 -0.000145393 0.000393513
2060 0.000137806 6.19718e-06 1.48654e-05 1.753e-06 1.97316e-06 0.000155796 1.27261e-05 9.98964e-06 1.90179e-05 9.17068e-06 -0.000510689 -0.00184594 -8.75531e-05 0.00040142
2070 0.000145553 5.96202e-06 1.387e-05 1.87564e-06 2.14044e-06 0.000155665 1.26619e-05 1.0031e-05 1.88522e-05 9.10238e-06 -0.000459881 -0.00180459 -8.39503e-05 0.000508899
2080 0.000153591 5.98423e-06 1.36978e-05 1.8704e-06 2.38453e-06 0.000155618 1.25974e-05 1.00658e-05 1.86896e-05 9.03669e-06 -0.00032909 -0.00178768 0.000127436 0.000672972
2090 0.000164002 6.48099e-06 1.49685e-05 1.67915e-06 2.79527e-06 0.000155652 1.25366e-05 1.0106e-05 1.85283e-05 8.97542e-06 -0.000312065 -0.00174795 -4.53194e-05 0.000857074
2100 0.000167088 7.20364e-06 1.72112e-05 1.28259e-06 3.11717e-06 0.000155738 1.24827e-05 1.01633e-05 1.83663e-05 8.91849e-06 -0.000228942 -0.00189936 1.9904e-05 0.00119263
2110 0.000168779 8.03973e-06 1.9734e-05 8.2526e-07 3.55993e-06 0.00015586 1.24371e-05 1.02432e-05 1.82025e-05 8.86562e-06 -0.000266104 -0.00194315 -0.000127161 0.001272
2120 0.000170592 8.83181e-06 2.15816e-05 4.21499e-07 4.4923e-06 0.000155983 1.23999e-05 1.03425e-05 1.80368e-05 8.82032e-06 -0.000139064 -0.00170711 -1.29277e-05 0.00130285
2130 0.000169936 9.38729e-06 2.26883e-05 1.56334e-07 5.31723e-06 0.000156125 1.23696e-05 1.04541e-05 1.78704e-05 8.78436e-06 -0.000280188 -0.00212955 -6.89757e-05 0.00135796
2140 0.000168742 9.42171e-06 2.255e-05 2.8821e-08 5.68635e-06 0.000156253 1.23425e-05 1.05685e-05 1.77046e-05 8.75429e-06 -0.000231814 -0.00204397 2.15484e-05 0.00132698
2150 0.000162407 8.8934e-06 2.09652e-05 1.01343e-11 5.71497e-06 0.000156335 1.2313e-05 1.06725e-05 1.75405e-05 8.72609e-06 -0.000359837 -0.00214966 -2.65243e-05 0.00109668
2160 0.000158431 8.18671e-06 1.87326e-05 1.92431e-08 5.80824e-06 0.000156379 1.22777e-05 1.07559e-05 1.73786e-05 8.69853e-06 -0.000445595 -0.00235852 0.000146117 0.000875622
2170 0.000149981 7.85674e-06 1.72245e-05 5.03672e-08 6.29535e-06 0.000156346 1.22381e-05 1.0821e-05 1.72192e-05 8.67407e-06 -0.000544385 -0.00238787 0.000237041 0.000517676
2180 0.000142037 7.74217e-06 1.60293e-05 2.58986e-08 7.17131e-06 0.00015624 1.21973e-05 1.08734e-05 1.70621e-05 8.65654e-06 -0.000535099 -0.00220585 0.000301381 0.000299173
2190 0.00014183 7.62023e-06 1.47776e-05 1.51807e-11 8.08303e-06 0.000156114 1.21562e-05 1.09142e-05 1.69068e-05 8.6476e-06 -0.000595725 -0.00231786 0.000240167 0.00029052
2200 0.000140194 7.41398e-06 1.35566e-05 4.4167e-08 8.6412e-06 0.000155966 1.21141e-05 1.09429e-05 1.67536e-05 8.64578e-06 -0.000605581 -0.00253395 0.000272756 0.000444448
2210 0.000135854 7.06458e-06 1.25194e-05 1.99456e-07 8.47487e-06 0.00015581 1.207e-05 1.09612e-05 1.66035e-05 8.64539e-06 -0.000533643 -0.0024126 0.000365193 0.000446475
2220 0.000130323 6.67403e-06 1.17923e-05 4.79693e-07 7.7501e-06 0.000155608 1.20231e-05 1.09713e-05 1.64574e-05 8.64059e-06 -0.000481804 -0.00236242 0.000529324 0.000387685
2230 0.000130049 6.32947e-06 1.11908e-05 9.34766e-07 6.86289e-06 0.000155386 1.19735e-05 1.09756e-05 1.63166e-05 8.62824e-06 -0.000578581 -0.00249644 0.000489627 0.000271066
2240 0.000123587 6.1636e-06 1.07876e-05 1.71249e-06 5.99067e-06 0.000155124 1.19223e-05 1.09754e-05 1.61831e-05 8.60825e-06 -0.000576859 -0.00232052 0.000573326 1.66139e-05
2250 0.000124518 6.11203e-06 1.03078e-05 3.10701e-06 4.92123e-06 0.000154844 1.18709e-05 1.09715e-05 1.60611e-05 8.58e-06 -0.000623767 -0.00220971 0.000467527 -0.000129123
2260 0.000126134 6.18211e-06 9.6727e-06 5.11248e-06 3.76115e-06 0.000154581 1.18203e-05 1.09626e-05 1.59562e-05 8.54212e-06 -0.000595561 -0.00236933 0.000529571 5.30764e-05
2270 0.000129052 6.27202e-06 9.0105e-06 7.36729e-06 2.43827e-06 0.000154341 1.17712e-05 1.09482e-05 1.58717e-05 8.49383e-06 -0.000591309 -0.00227429 0.000660791 -0.000160433
2280 0.000130521 6.33771e-06 8.24504e-06 9.62602e-06 1.14208e-06 0.000154137 1.17234e-05 1.09276e-05 1.58082e-05 8.43437e-06 -0.00052537 -0.00209808 0.000587222 -6.52547e-05
2290 0.00013487 6.64407e-06 7.49417e-06 1.20616e-05 3.76487e-07 0.000153962 1.16777e-05 1.09004e-05 1.57658e-05 8.36676e-06 -0.000561058 -0.00249244 0.000712501 9.67649e-05
2300 0.000138414 7.04088e-06 6.88597e-06 1.41424e-05 9.42917e-08 0.000153808 1.1636e-05 1.0868e-05 1.57441e-05 8.2959e-06 -0.000662456 -0.00249084 0.000637673 -0.000134201
2310 0.000136486 7.19671e-06 6.35573e-06 1.52262e-05 8.23276e-09 0.000153657 1.15972e-05 1.08309e-05 1.57362e-05 8.22461e-06 -0.000632378 -0.00237021 0.000561961 -8.88814e-05
2320 0.000140818 7.16161e-06 6.05671e-06 1.5409e-05 1.91276e-08 0.000153535 1.15593e-05 1.07909e-05 1.57331e-05 8.15395e-06 -0.000620649 -0.00246801 0.00038676 0.000219303
2330 0.00014243 6.99231e-06 5.92388e-06 1.4946e-05 1.07027e-07 0.000153429 1.15209e-05 1.07496e-05 1.57285e-05 8.0847e-06 -0.000580185 -0.00240364 0.000440722 0.000222365
2340 0.000142383 6.78875e-06 5.96721e-06 1.4182e-05 2.1709e-07 0.000153336 1.14814e-05 1.07086e-05 1.57183e-05 8.01721e-06 -0.000458259 -0.00220161 0.000482486 0.000344343
2350 0.000143478 6.64487e-06 5.98433e-06 1.36386e-05 3.1166e-07 0.000153252 1.14407e-05 1.06685e-05 1.57023e-05 7.95147e-06 -0.000565857 -0.00242935 0.000334206 0.000397573
2360 0.000141389 6.55179e-06 5.87475e-06 1.3391e-05 3.89628e-07 0.000153163 1.13998e-05 1.06285e-05 1.56835e-05 7.88728e-06 -0.000601653 -0.0026259 0.000472455 0.000348488
2370 0.000141594 6.49545e-06 5.61095e-06 1.34207e-05 4.54744e-07 0.000153071 1.13586e-05 1.05874e-05 1.56641e-05 7.82449e-06 -0.000562214 -0.00247848 0.000457263 0.000334576
2380 0.000139007 6.3828e-06 5.22175e-06 1.34442e-05 4.82409e-07 0.000152962 1.13175e-05 1.05439e-05 1.56456e-05 7.76289e-06 -0.000639853 -0.00256762 0.000273059 0.000375002
2390 0.000138239 6.23952e-06 4.97227e-06 1.32776e-05 4.68667e-07 0.000152836 1.12755e-05 1.04981e-05 1.56263e-05 7.70208e-06 -0.000571782 -0.00245558 0.000328356 0.000411878
2400 0.000134699 6.29154e-06 4.84291e-06 1.3582e-05 4.49691e-07 0.00015269 1.12338e-05 1.04517e-05 1.56077e-05 7.64188e-06 -0.000515166 -0.00243954 0.000514893 0.000379152
2410 0.000130768 6.45794e-06 4.48007e-06 1.4459e-05 4.34777e-07 0.000152533 1.11935e-05 1.04038e-05 1.55946e-05 7.58227e-06 -0.000566564 -0.00257175 0.000488436 0.000383621
2420 0.000126583 6.67907e-06 4.00654e-06 1.56117e-05 4.19032e-07 0.000152343 1.11555e-05 1.03528e-05 1.55904e-05 7.52329e-06 -0.000601279 -0.00250432 0.000405819 0.000294667
2430 0.00011736 6.91602e-06 3.60379e-06 1.67491e-05 3.9518e-07 0.000152092 1.11197e-05 1.02988e-05 1.55956e-05 7.46487e-06 -0.000640246 -0.00235371 0.000452974 -1.99996e-05
2440 0.000111774 7.16542e-06 3.25528e-06 1.79045e-05 3.36482e-07 0.000151782 1.10865e-05 1.02425e-05 1.56102e-05 7.40686e-06 -0.00067487 -0.00209385 0.000176566 -0.000107327
2450 0.000103853 7.37988e-06 2.90456e-06 1.90381e-05 1.96976e-07 0.000151414 1.10555e-05 1.0184e-05 1.56339e-05 7.34871e-06 -0.000693064 -0.00187174 7.63839e-05 -0.000283839
2460 0.000100953 7.66174e-06 2.58121e-06 2.03643e-05 3.96574e-08 0.000151012 1.10269e-05 1.01235e-05 1.56672e-05 7.28997e-06 -0.000752424 -0.00179585 -5.30392e-05 -0.000408379
2470 9.74351e-05 8.16209e-06 2.45289e-06 2.20275e-05 5.89964e-09 0.000150591 1.10017e-05 1.00618e-05 1.57122e-05 7.23116e-06 -0.000542715 -0.00144411 0.000159254 -0.000343286
2480 9.27408e-05 8.83521e-06 2.51111e-06 2.39228e-05 7.17562e-08 0.000150145 1.09818e-05 1.00008e-05 1.57712e-05 7.17331e-06 -0.000545479 -0.00138109 6.2456e-05 -0.000317803
2490 8.66665e-05 9.49871e-06 2.72826e-06 2.56522e-05 1.1565e-07 0.000149662 1.09675e-05 9.9416e-06 1.58444e-05 7.11666e-06 -0.000587279 -0.00129598 -7.839e-06 -0.000458013
2500 7.82848e-05 1.01305e-05 3.16222e-06 2.71415e-05 8.78453e-08 0.000149118 1.09586e-05 9.88584e-06 1.59291e-05 7.06072e-06 -0.000640626 -0.00113866 -1.18753e-05 -0.000771345
2510 7.38366e-05 1.08009e-05 3.69431e-06 2.86835e-05 2.48602e-08 0.000148536 1.09549e-05 9.83466e-06 1.6025e-05 7.00501e-06 -0.000570346 -0.00111372 -6.85801e-05 -0.000528734
2520 6.62949e-05 1.13638e-05 4.32278e-06 2.97605e-05 8.00836e-09 0.000147915 1.09562e-05 9.78875e-06 1.61302e-05 6.94964e-06 -0.0006598 -0.00115723 -5.55317e-05 -0.000766637
2530 6.13498e-05 1.17261e-05 4.94108e-06 3.02057e-05 3.15496e-08 0.000147245 1.09611e-05 9.74837e-06 1.624e-05 6.89498e-06 -0.000618576 -0.00119501 0.000174759 -0.000835479
2540 5.73595e-05 1.18447e-05 5.36522e-06 3.00577e-05 1.11329e-07 0.000146559 1.09678e-05 9.71263e-06 1.63493e-05 6.84138e-06 -0.00073318 -0.00150633 0.000237847 -0.000931054
2550 5.5594e-05 1.17412e-05 5.55358e-06 2.9447e-05 2.22854e-07 0.000145848 1.09743e-05 9.67957e-06 1.6454e-05 6.78921e-06 -0.000703623 -0.00146871 9.65751e-05 -0.000738737
2560 5.168e-05 1.15472e-05 5.37501e-06 2.89861e-05 2.80361e-07 0.000145127 1.09794e-05 9.64695e-06 1.65529e-05 6.73834e-06 -0.000709098 -0.00137196 5.29904e-05 -0.000808328
2570 4.92178e-05 1.14114e-05 5.02468e-06 2.89479e-05 2.61488e-07 0.000144393 1.09831e-05 9.61216e-06 1.66489e-05 6.68815e-06 -0.000708478 -0.00134463 9.72054e-05 -0.000878006
2580 5.05893e-05 1.16375e-05 5.1552e-06 2.95109e-05 2.46263e-07 0.00014366 1.09871e-05 9.57679e-06 1.6746e-05 6.63837e-06 -0.000613046 -0.00133959 -2.44852e-05 -0.000475059
2590 4.93377e-05 1.21344e-05 6.0086e-06 3.01462e-05 2.48305e-07 0.000142941 1.09941e-05 9.54585e-06 1.68472e-05 6.58915e-06 -0.000585101 -0.00123683 -6.57468e-05 -0.000452726
2600 5.03748e-05 1.26485e-05 7.54228e-06 3.01873e-05 2.15825e-07 0.000142222 1.1005e-05 9.52479e-06 1.69498e-05 6.54038e-06 -0.000562421 -0.00111903 6.09775e-06 -0.000574333
2610 4.94184e-05 1.31892e-05 9.70834e-06 2.97024e-05 1.56807e-07 0.000141521 1.10197e-05 9.51836e-06 1.70491e-05 6.49178e-06 -0.000411391 -0.00098056 -1.7411e-05 -0.000236203
2620 5.1126e-05 1.38075e-05 1.24648e-05 2.88671e-05 9.06166e-08 0.000140823 1.10387e-05 9.53085e-06 1.71421e-05 6.44329e-06 -0.000513033 -0.00126613 -0.000205345 -6.76276e-05
2630 5.04732e-05 1.45869e-05 1.60963e-05 2.76581e-05 6.30783e-09 0.000140144 1.1063e-05 9.56783e-06 1.72264e-05 6.39472e-06 -0.000566623 -0.00127788 -0.000199806 -0.000222179
2640 5.06807e-05 1.50702e-05 1.97561e-05 2.53846e-05 6.98745e-08 0.000139463 1.10918e-05 9.63255e-06 1.72962e-05 6.34655e-06 -0.000556595 -0.00139708 -0.000230397 -4.23123e-05
2650 5.01204e-05 1.55628e-05 2.32718e-05 2.31143e-05 3.02308e-07 0.000138793 1.11236e-05 9.72342e-06 1.73473e-05 6.30022e-06 -0.000567973 -0.0015765 -8.71555e-05 -4.02617e-05
2660 5.05358e-05 1.60749e-05 2.63799e-05 2.13432e-05 5.01524e-07 0.000138132 1.1159e-05 9.83807e-06 1.7383e-05 6.25609e-06 -0.000690213 -0.00172128 -6.73513e-05 -0.000282009
2670 5.23192e-05 1.67577e-05 2.92841e-05 2.02704e-05 7.18706e-07 0.000137482 1.11984e-05 9.97359e-06 1.74075e-05 6.21396e-06 -0.000641301 -0.00176679 0.000114541 -0.00027165
2680 5.55907e-05 1.76254e-05 3.21071e-05 1.98461e-05 9.22966e-07 0.000136859 1.12432e-05 1.01288e-05 1.74269e-05 6.17391e-06 -0.000655117 -0.00183336 -5.21355e-05 -7.98576e-05
2690 6.01317e-05 1.84465e-05 3.46939e-05 1.96239e-05 1.02179e-06 0.000136269 1.1294e-05 1.03027e-05 1.74437e-05 6.13547e-06 -0.000667574 -0.00174507 -0.000105771 -0.000151878
2700 6.49798e-05 1.91883e-05 3.70828e-05 1.9592e-05 8.90124e-07 0.00013573 1.13498e-05 1.04926e-05 1.74596e-05 6.09729e-06 -0.000666335 -0.00171437 -0.000289051 4.41488e-06
2710 7.20473e-05 1.96546e-05 3.86993e-05 1.96563e-05 6.08183e-07 0.000135237 1.14096e-05 1.06956e-05 1.74755e-05 6.05785e-06 -0.000581659 -0.00161316 -0.000287872 0.000156061
2720 7.85475e-05 1.98929e-05 3.9366e-05 1.99587e-05 3.54102e-07 0.000134801 1.1471e-05 1.0904e-05 1.74923e-05 6.01678e-06 -0.000526639 -0.00174533 -0.000187932 0.000353348
2730 8.39451e-05 2.02343e-05 3.95515e-05 2.09817e-05 1.69596e-07 0.000134405 1.15339e-05 1.1113e-05 1.7514e-05 5.97461e-06 -0.000536326 -0.00177238 -0.000277054 0.000440456
2740 8.76171e-05 2.05362e-05 3.92262e-05 2.23174e-05 6.49937e-08 0.000134056 1.15985e-05 1.1319e-05 1.75445e-05 5.93187e-06 -0.000453571 -0.00164517 -0.000265562 0.000550016
2750 9.02491e-05 2.07198e-05 3.84449e-05 2.36912e-05 2.34465e-08 0.000133733 1.16641e-05 1.15185e-05 1.75847e-05 5.88911e-06 -0.000593005 -0.00182829 -0.000390053 0.000439327
2760 9.17652e-05 2.07146e-05 3.72991e-05 2.48413e-05 3.45931e-09 0.000133424 1.17297e-05 1.17089e-05 1.76335e-05 5.84661e-06 -0.000682534 -0.00179006 -0.000370254 0.000112713
2770 9.42632e-05 2.0574e-05 3.57599e-05 2.59621e-05 1.83157e-12 0.000133133 1.17938e-05 1.18872e-05 1.76897e-05 5.8045e-06 -0.000739836 -0.00185873 -0.000390892 3.01139e-05
2780 9.53322e-05 2.04338e-05 3.41658e-05 2.71356e-05 6.30132e-11 0.000132854 1.18561e-05 1.20521e-05 1.77535e-05 5.76283e-06 -0.000746418 -0.00205335 -0.000117638 -6.82691e-05
2790 9.73371e-05 2.04697e-05 3.25105e-05 2.88958e-05 2.83355e-09 0.000132599 1.19174e-05 1.22036e-05 1.78271e-05 5.72162e-06 -0.00082553 -0.00231308 4.58975e-05 -0.000209405
2800 9.74887e-05 2.11426e-05 3.16968e-05 3.16883e-05 4.27875e-08 0.000132344 1.19805e-05 1.23444e-05 1.79161e-05 5.68097e-06 -0.0006941 -0.0021073 0.000109952 -8.49494e-05
2810 9.46834e-05 2.23454e-05 3.18702e-05 3.49951e-05 1.70822e-07 0.000132088 1.20501e-05 1.2482e-05 1.80269e-05 5.64139e-06 -0.000835258 -0.00226579 0.000217712 -0.000457695
2820 9.29091e-05 2.36867e-05 3.25003e-05 3.82363e-05 3.23611e-07 0.000131818 1.21281e-05 1.26215e-05 1.81595e-05 5.60329e-06 -0.000879904 -0.0023377 0.000151205 -0.000453214
2830 9.25383e-05 2.5092e-05 3.3225e-05 4.16473e-05 4.03624e-07 0.000131544 1.22149e-05 1.27644e-05 1.8314e-05 5.56644e-06 -0.000987999 -0.00239616 0.000181958 -0.000749792
2840 9.44252e-05 2.67194e-05 3.3707e-05 4.60879e-05 3.63274e-07 0.000131274 1.23115e-05 1.29104e-05 1.8494e-05 5.53006e-06 -0.000917292 -0.00221032 0.000278841 -0.000820399
2850 9.74193e-05 2.88651e-05 3.35077e-05 5.283e-05 2.57453e-07 0.000131025 1.24202e-05 1.30554e-05 1.87116e-05 5.49349e-06 -0.000912998 -0.00198201 0.000239756 -0.000996744
2860 0.000104117 3.14767e-05 3.27909e-05 6.14907e-05 1.48655e-07 0.000130813 1.25448e-05 1.31957e-05 1.89821e-05 5.45653e-06 -0.000878016 -0.00198956 0.000124262 -0.000768748
2870 0.000108804 3.41074e-05 3.12809e-05 7.09843e-05 5.68903e-08 0.000130645 1.26865e-05 1.33265e-05 1.93137e-05 5.41926e-06 -0.00094115 -0.00210433 0.000153741 -0.000872857
2880 0.000113282 3.67807e-05 2.9646e-05 8.06943e-05 1.71576e-09 0.000130514 1.2845e-05 1.34445e-05 1.97085e-05 5.38185e-06 -0.000872006 -0.00201528 0.000150848 -0.000751583
2890 0.000117231 3.95163e-05 2.81489e-05 9.03855e-05 1.44295e-08 0.000130415 1.30206e-05 1.35507e-05 2.01663e-05 5.34472e-06 -0.00100989 -0.00225758 9.94348e-05 -0.000871517
2900 0.000120521 4.21912e-05 2.64704e-05 0.000100046 5.6796e-08 0.000130334 1.3213e-05 1.36449e-05 2.0686e-05 5.3082e-06 -0.00104662 -0.00242802 0.000196445 -0.000908286
2910 0.000120623 4.48317e-05 2.48389e-05 0.000109588 6.77936e-08 0.000130268 1.34216e-05 1.37266e-05 2.1266e-05 5.27224e-06 -0.000984689 -0.0023314 0.000275033 -0.000897698
2920 0.000122361 4.75569e-05 2.33608e-05 0.000119261 4.88055e-08 0.000130206 1.36464e-05 1.37968e-05 2.19058e-05 5.23662e-06 -0.00103825 -0.00232571 0.000180852 -0.0009699
2930 0.000123736 5.05083e-05 2.24425e-05 0.000129066 1.68224e-08 0.00013015 1.38881e-05 1.38579e-05 2.26052e-05 5.20115e-06 -0.00100307 -0.00247206 0.000145239 -0.000682394
2940 0.000124479 5.36183e-05 2.21538e-05 0.000138697 3.93733e-09 0.000130111 1.41483e-05 1.39149e-05 2.3364e-05 5.1659e-06 -0.000973423 -0.00234809 4.78221e-05 -0.000620006
2950 0.000123463 5.68646e-05 2.24744e-05 0.000148105 1.41149e-08 0.000130073 1.44271e-05 1.39713e-05 2.4179e-05 5.131e-06 -0.000981688 -0.00247392 0.000130592 -0.000601733
2960 0.000122716 6.02313e-05 2.34592e-05 0.000157155 7.93265e-08 0.000130028 1.47257e-05 1.4032e-05 2.50484e-05 5.09669e-06 -0.001033 -0.0027494 7.54748e-05 -0.000425073
2970 0.000117305 6.32378e-05 2.49493e-05 0.000164487 2.77423e-07 0.000129958 1.50428e-05 1.41006e-05 2.59642e-05 5.06361e-06 -0.000919527 -0.00279692 0.000515185 -0.000476848
2980 0.000115647 6.5474e-05 2.66434e-05 0.00016923 5.48378e-07 0.000129866 1.53742e-05 1.41794e-05 2.69106e-05 5.03258e-06 -0.000946494 -0.00290437 0.000537925 -0.000473038
2990 0.0001094 6.6898e-05 2.85055e-05 0.000171445 7.43633e-07 0.000129747 1.57142e-05 1.42693e-05 2.78697e-05 5.00341e-06 -0.000954604 -0.00310002 0.000641706 -0.000405495
3000 0.0001042 6.76814e-05 3.03712e-05 0.000171855 8.18246e-07 0.000129593 1.60577e-05 1.43709e-05 2.88269e-05 4.97542e-06 -0.000949579 -0.00298281 0.000617116 -0.000483041
3010 9.75898e-05 6.77998e-05 3.19415e-05 0.000170661 7.97395e-07 0.000129402 1.64007e-05 1.44829e-05 2.97714e-05 4.94781e-06 -0.00104725 -0.00292904 0.000466394 -0.000679116
3020 9.32692e-05 6.75003e-05 3.33183e-05 0.00016848 7.0247e-07 0.000129173 1.67393e-05 1.46032e-05 3.06946e-05 4.92008e-06 -0.0010231 -0.00284001 0.000345686 -0.000574991
3030 8.67383e-05 6.73765e-05 3.49822e-05 0.000166609 5.38315e-07 0.000128915 1.70729e-05 1.47322e-05 3.15949e-05 4.89172e-06 -0.000923639 -0.00268907 0.000498701 -0.000580544
3040 8.13857e-05 6.76052e-05 3.73334e-05 0.000165147 3.35103e-07 0.000128619 1.74037e-05 1.48732e-05 3.24755e-05 4.86242e-06 -0.000967723 -0.00260866 0.000360279 -0.000654792
3050 7.53373e-05 6.81323e-05 3.99202e-05 0.000164354 1.22755e-07 0.000128286 1.77339e-05 1.50297e-05 3.334e-05 4.832e-06 -0.000863331 -0.00248273 0.000395219 -0.000502485
3060 7.16506e-05 6.88257e-05 4.1967e-05 0.000164491 1.92963e-08 0.000127928 1.80648e-05 1.51994e-05 3.41942e-05 4.80084e-06 -0.000956645 -0.00244282 0.000210824 -0.000637936
3070 6.8002e-05 6.95928e-05 4.35492e-05 0.000165229 2.5285e-10 0.00012755 1.83977e-05 1.53796e-05 3.50438e-05 4.76966e-06 -0.000898153 -0.00222911 0.000162463 -0.000627807
3080 6.6007e-05 6.99354e-05 4.45006e-05 0.000165264 4.15529e-08 0.000127155 1.87307e-05 1.55655e-05 3.58877e-05 4.73885e-06 -0.00103514 -0.00233578 -0.000127497 -0.000642149
3090 6.3859e-05 7.04649e-05 4.55283e-05 0.000165663 2.03505e-07 0.000126752 1.90629e-05 1.5756e-05 3.67237e-05 4.70901e-06 -0.00114048 -0.00254979 -0.000114283 -0.000757373
3100 6.60572e-05 7.16284e-05 4.63239e-05 0.000168084 4.77519e-07 0.000126354 1.93977e-05 1.59507e-05 3.75614e-05 4.68094e-06 -0.00110198 -0.00238398 -0.000191922 -0.000730025
3110 6.80405e-05 7.28132e-05 4.64418e-05 0.000171241 7.56638e-07 0.000125973 1.97371e-05 1.61464e-05 3.84099e-05 4.65497e-06 -0.00105632 -0.00217528 -0.000222635 -0.000771043
3120 7.25791e-05 7.38381e-05 4.61072e-05 0.000174476 9.31495e-07 0.00012562 2.00801e-05 1.6339e-05 3.92706e-05 4.63071e-06 -0.00107591 -0.00219338 -0.000300559 -0.000733802
3130 7.5743e-05 7.48215e-05 4.58041e-05 0.000177593 1.06703e-06 0.000125292 2.04263e-05 1.65277e-05 4.01437e-05 4.60758e-06 -0.0011251 -0.00233198 -0.000260444 -0.00078286
3140 7.77562e-05 7.57319e-05 4.56379e-05 0.000180384 1.1739e-06 0.000124982 2.07752e-05 1.6713e-05 4.10271e-05 4.5855e-06 -0.00119487 -0.00253656 -9.08979e-05 -0.000957139
3150 7.65456e-05 7.66161e-05 4.5591e-05 0.000183126 1.13115e-06 0.000124678 2.11265e-05 1.68961e-05 4.19197e-05 4.56383e-06 -0.00116525 -0.00250995 -7.80886e-06 -0.000977979
3160 7.6734e-05 7.68495e-05 4.55283e-05 0.000184147 8.73776e-07 0.000124373 2.14782e-05 1.70771e-05 4.28161e-05 4.54131e-06 -0.00120043 -0.00257049 0.000247372 -0.00127816
3170 7.70943e-05 7.61142e-05 4.53354e-05 0.000182373 6.33896e-07 0.000124079 2.18247e-05 1.72556e-05 4.37012e-05 4.51731e-06 -0.00113052 -0.00258076 0.000309878 -0.00112067
3180 7.96678e-05 7.43147e-05 4.48233e-05 0.000177538 5.83392e-07 0.000123797 2.21597e-05 1.74302e-05 4.45562e-05 4.49269e-06 -0.00120087 -0.00263724 0.000215017 -0.00118038
3190 8.16645e-05 7.17665e-05 4.39679e-05 0.000170738 5.93984e-07 0.000123524 2.24775e-05 1.75989e-05 4.53653e-05 4.46825e-06 -0.00125695 -0.00274165 0.000311393 -0.00134059
3200 8.36092e-05 6.86306e-05 4.21768e-05 0.000163138 5.76707e-07 0.000123266 2.27743e-05 1.77576e-05 4.61212e-05 4.44406e-06 -0.00129409 -0.00272412 0.000258964 -0.00141712
3210 8.59612e-05 6.52364e-05 4.00082e-05 0.000155223 4.77794e-07 0.000123027 2.30478e-05 1.79021e-05 4.68217e-05 4.41971e-06 -0.0011793 -0.00264967 0.000279794 -0.00116803
3220 8.84838e-05 6.16944e-05 3.75297e-05 0.000147204 3.50048e-07 0.000122808 2.32972e-05 1.80308e-05 4.74661e-05 4.39483e-06 -0.00115577 -0.00262543 0.000181345 -0.00102324
3230 9.05874e-05 5.83547e-05 3.52172e-05 0.000139581 2.65493e-07 0.000122603 2.35229e-05 1.81431e-05 4.80562e-05 4.36952e-06 -0.00108443 -0.00250727 0.000257756 -0.00100377
3240 9.12396e-05 5.54121e-05 3.35125e-05 0.00013252 2.03328e-07 0.00012241 2.37272e-05 1.82422e-05 4.85953e-05 4.34402e-06 -0.00105941 -0.00249905 0.000270889 -0.000950075
3250 9.24394e-05 5.3147e-05 3.23811e-05 0.000126917 1.43189e-07 0.000122222 2.39137e-05 1.83316e-05 4.90911e-05 4.31839e-06 -0.00118114 -0.00259428 0.00025224 -0.00120137
3260 9.16326e-05 5.12965e-05 3.22534e-05 0.000121564 7.26107e-08 0.000122038 2.40864e-05 1.84169e-05 4.95497e-05 4.29258e-06 -0.00112102 -0.00262085 0.000354564 -0.00109679
3270 9.42383e-05 4.94866e-05 3.26334e-05 0.000115796 2.99902e-08 0.000121857 2.42463e-05 1.85024e-05 4.99699e-05 4.26666e-06 -0.00120339 -0.00266588 0.000282126 -0.00122642
3280 9.48488e-05 4.75744e-05 3.29358e-05 0.00010978 6.94504e-09 0.000121693 2.43936e-05 1.85898e-05 5.03504e-05 4.24079e-06 -0.00121442 -0.00303035 0.000416501 -0.00102939
3290 9.61029e-05 4.51681e-05 3.20449e-05 0.000103459 1.51117e-10 0.000121532 2.45265e-05 1.86744e-05 5.069e-05 4.21507e-06 -0.00118615 -0.00295109 0.000528953 -0.00113632
3300 9.85353e-05 4.24345e-05 3.04079e-05 9.68942e-05 1.45548e-09 0.000121387 2.46422e-05 1.875e-05 5.09871e-05 4.18958e-06 -0.00113892 -0.0029133 0.000597252 -0.00110072
3310 9.98105e-05 3.98199e-05 2.8279e-05 9.11698e-05 1.07654e-08 0.000121255 2.47407e-05 1.88135e-05 5.12443e-05 4.16434e-06 -0.00114177 -0.00292654 0.00052576 -0.00102453
3320 0.000101351 3.76302e-05 2.58657e-05 8.69707e-05 5.42603e-08 0.000121136 2.48238e-05 1.88625e-05 5.14695e-05 4.13949e-06 -0.00120549 -0.0029566 0.000308899 -0.000968768
3330 0.000100796 3.60406e-05 2.32622e-05 8.47128e-05 1.46942e-07 0.00012101 2.4895e-05 1.88959e-05 5.1674e-05 4.11527e-06 -0.00116508 -0.0029415 0.000219148 -0.000772881
3340 9.95283e-05 3.49479e-05 2.08229e-05 8.37287e-05 2.92131e-07 0.000120883 2.49579e-05 1.89138e-05 5.18677e-05 4.09201e-06 -0.00109394 -0.00289097 0.00025471 -0.00064555
3350 9.64018e-05 3.41094e-05 1.84266e-05 8.34175e-05 4.8396e-07 0.000120748 2.50145e-05 1.89174e-05 5.2056e-05 4.06998e-06 -0.000996412 -0.00287701 0.000356599 -0.000468827
3360 9.35805e-05 3.36553e-05 1.6082e-05 8.41676e-05 7.16249e-07 0.000120594 2.50668e-05 1.89067e-05 5.22443e-05 4.04939e-06 -0.00101479 -0.00273154 0.000424185 -0.000737002
3370 9.19648e-05 3.36426e-05 1.40742e-05 8.58485e-05 1.00522e-06 0.00012043 2.51174e-05 1.88832e-05 5.24384e-05 4.03059e-06 -0.000915121 -0.0026754 0.000284879 -0.000354842
3380 8.93234e-05 3.41325e-05 1.24501e-05 8.87397e-05 1.20758e-06 0.000120256 2.51691e-05 1.88493e-05 5.26446e-05 4.01344e-06 -0.000982186 -0.00258667 0.000221751 -0.000581642
3390 8.71792e-05 3.48779e-05 1.12595e-05 9.20794e-05 1.29479e-06 0.000120068 2.52243e-05 1.88076e-05 5.28679e-05 3.99725e-06 -0.000992994 -0.00256019 -9.12422e-05 -0.000327551
3400 8.15107e-05 3.54224e-05 1.02921e-05 9.466e-05 1.31517e-06 0.000119855 2.52828e-05 1.87601e-05 5.31069e-05 3.98146e-06 -0.00101597 -0.00242092 -7.17369e-05 -0.000555259
3410 7.77593e-05 3.5779e-05 9.66111e-06 9.63389e-05 1.33716e-06 0.000119618 2.53434e-05 1.87083e-05 5.33559e-05 3.9659e-06 -0.000916143 -0.00233762 4.8883e-05 -0.000459696
3420 7.20224e-05 3.60886e-05 9.23828e-06 9.75731e-05 1.45449e-06 0.000119357 2.54052e-05 1.8654e-05 5.36107e-05 3.95083e-06 -0.00109165 -0.00256349 0.000156106 -0.000867577
3430 7.08535e-05 3.6583e-05 9.06904e-06 9.88711e-05 1.80878e-06 0.000119073 2.54688e-05 1.85986e-05 5.38704e-05 3.93733e-06 -0.00103907 -0.00270675 4.45999e-05 -0.000455077
3440 7.02021e-05 3.73033e-05 9.00786e-06 0.000100614 2.28835e-06 0.000118792 2.55355e-05 1.85431e-05 5.41368e-05 3.92656e-06 -0.00112486 -0.00269851 7.56262e-05 -0.000751697
3450 7.04964e-05 3.83462e-05 9.24842e-06 0.000103233 2.5575e-06 0.000118514 2.56067e-05 1.84885e-05 5.44137e-05 3.91802e-06 -0.00104743 -0.0026303 6.36884e-05 -0.000575686
3460 7.40538e-05 3.93463e-05 9.71136e-06 0.000105566 2.7612e-06 0.000118249 2.56835e-05 1.84366e-05 5.47032e-05 3.91081e-06 -0.00101339 -0.00265852 0.000304826 -0.000686485
3470 7.44776e-05 3.97886e-05 1.05548e-05 0.000105864 2.9466e-06 0.000117992 2.57639e-05 1.83889e-05 5.49979e-05 3.90481e-06 -0.000973422 -0.00268702 0.000384658 -0.0006179
3480 7.88929e-05 3.95341e-05 1.18285e-05 0.000103536 3.23793e-06 0.000117758 2.58437e-05 1.83477e-05 5.52833e-05 3.90008e-06 -0.000892376 -0.0029656 0.000576219 -0.000287748
3490 7.63696e-05 3.9444e-05 1.37295e-05 0.000100802 3.80012e-06 0.000117527 2.59213e-05 1.8316e-05 5.55501e-05 3.89795e-06 -0.000982603 -0.00303208 0.000378169 -0.000293896
3500 7.68325e-05 3.99422e-05 1.62537e-05 9.90691e-05 4.50382e-06 0.000117289 2.59998e-05 1.82975e-05 5.58024e-05 3.89955e-06 -0.000935904 -0.00268905 0.000292791 -0.000411455
3510 7.52671e-05 4.06983e-05 1.92656e-05 9.75094e-05 5.31988e-06 0.00011706 2.60813e-05 1.82951e-05 5.60433e-05 3.90548e-06 -0.000893572 -0.00247335 6.98137e-05 -0.000277176
3520 7.64431e-05 4.19445e-05 2.2577e-05 9.70803e-05 6.17603e-06 0.000116828 2.61678e-05 1.83108e-05 5.62765e-05 3.91621e-06 -0.000922074 -0.00250309 0.000139592 -0.00040272
3530 7.56147e-05 4.34789e-05 2.60864e-05 9.76393e-05 6.71091e-06 0.000116597 2.62618e-05 1.83458e-05 5.65086e-05 3.93084e-06 -0.000924657 -0.00226963 5.47065e-05 -0.000559047
3540 7.70401e-05 4.48801e-05 2.97828e-05 9.79037e-05 6.95381e-06 0.000116366 2.63633e-05 1.84008e-05 5.67417e-05 3.94736e-06 -0.000730407 -0.00204716 0.00026481 -0.00040887
3550 7.77929e-05 4.63094e-05 3.36672e-05 9.81645e-05 7.09659e-06 0.000116148 2.64717e-05 1.84768e-05 5.69735e-05 3.96469e-06 -0.000800588 -0.00219895 0.000232734 -0.000435552
3560 7.45278e-05 4.80018e-05 3.71108e-05 9.96077e-05 7.28697e-06 0.000115919 2.65881e-05 1.8573e-05 5.72084e-05 3.98283e-06 -0.000916908 -0.00219588 0.000116353 -0.000671194
3570 7.45484e-05 4.94604e-05 3.93324e-05 0.000101586 7.4628e-06 0.000115692 2.67125e-05 1.86841e-05 5.74515e-05 4.00184e-06 -0.000950804 -0.00235342 9.19795e-08 -0.00049908
3580 7.11833e-05 5.06471e-05 4.09553e-05 0.000103175 7.81133e-06 0.000115452 2.6843e-05 1.88041e-05 5.77028e-05 4.02203e-06 -0.0011918 -0.00269809 -0.000274043 -0.000603277
3590 7.18152e-05 5.1442e-05 4.25439e-05 0.00010334 8.44228e-06 0.000115208 2.6978e-05 1.89322e-05 5.79568e-05 4.04497e-06 -0.00105029 -0.00251561 -3.66224e-05 -0.000598647
3600 6.58544e-05 5.19104e-05 4.43733e-05 0.000102359 8.99912e-06 0.00011495 2.71151e-05 1.90684e-05 5.82058e-05 4.07112e-06 -0.00115194 -0.0025167 -5.92718e-05 -0.000879856
3610 6.66972e-05 5.27002e-05 4.70367e-05 0.000101551 9.51291e-06 0.000114682 2.72543e-05 1.9216e-05 5.8447e-05 4.09989e-06 -0.00116599 -0.00255627 0.000208788 -0.0011505
3620 6.51724e-05 5.40906e-05 5.07036e-05 0.000101496 1.00719e-05 0.000114414 2.73986e-05 1.93801e-05 5.86843e-05 4.13141e-06 -0.00111875 -0.00254115 3.92877e-05 -0.000854402
3630 6.4243e-05 5.57132e-05 5.5049e-05 0.000101182 1.09082e-05 0.000114137 2.75503e-05 1.95652e-05 5.89191e-05 4.16639e-06 -0.00112346 -0.00244551 -7.20631e-05 -0.000852815
3640 6.2701e-05 5.70272e-05 5.93386e-05 9.96047e-05 1.21383e-05 0.00011386 2.7709e-05 1.97731e-05 5.91469e-05 4.20694e-06 -0.00112165 -0.00250416 -0.000205219 -0.000655554
3650 5.89716e-05 5.75948e-05 6.25605e-05 9.69578e-05 1.3266e-05 0.000113569 2.78712e-05 1.99997e-05 5.93601e-05 4.25386e-06 -0.00120688 -0.00258743 -0.000258312 -0.000774883
3660 5.72138e-05 5.78112e-05 6.42653e-05 9.46283e-05 1.454e-05 0.000113267 2.80341e-05 2.02378e-05 5.9558e-05 4.30651e-06 -0.00125663 -0.00257584 -0.000197422 -0.000996627
3670 5.31809e-05 5.75364e-05 6.36984e-05 9.23931e-05 1.65178e-05 0.000112948 2.81955e-05 2.04765e-05 5.97421e-05 4.36796e-06 -0.00127513 -0.00235126 -0.000341052 -0.00113307
3680 5.39264e-05 5.68295e-05 6.20003e-05 9.02425e-05 1.82456e-05 0.000112626 2.83527e-05 2.07061e-05 5.99128e-05 4.43913e-06 -0.00124964 -0.0024289 -0.000215654 -0.00110436
3690 5.37714e-05 5.60527e-05 6.00924e-05 8.78956e-05 2.017e-05 0.000112306 2.85043e-05 2.09237e-05 6.00698e-05 4.51931e-06 -0.0011945 -0.00234399 -0.00025326 -0.000986246
3700 5.45306e-05 5.57108e-05 5.83416e-05 8.62509e-05 2.254e-05 0.000111993 2.86516e-05 2.11299e-05 6.02145e-05 4.61059e-06 -0.00114514 -0.00216781 -0.000429395 -0.000838205
3710 5.44651e-05 5.57267e-05 5.65282e-05 8.5148e-05 2.55038e-05 0.000111684 2.87972e-05 2.13246e-05 6.03514e-05 4.71558e-06 -0.00124177 -0.00224228 -0.000685507 -0.000797533
3720 5.52165e-05 5.5508e-05 5.46454e-05 8.34335e-05 2.84451e-05 0.00011138 2.89413e-05 2.15081e-05 6.04798e-05 4.83602e-06 -0.00111452 -0.00218354 -0.000416413 -0.000743603
3730 5.39216e-05 5.49795e-05 5.27448e-05 8.09592e-05 3.12346e-05 0.000111075 2.90819e-05 2.16797e-05 6.05954e-05 4.9705e-06 -0.00128807 -0.00217478 -0.000478544 -0.00121088
3740 5.53003e-05 5.45175e-05 5.11576e-05 7.86571e-05 3.37376e-05 0.000110774 2.92187e-05 2.18407e-05 6.0697e-05 5.11844e-06 -0.0012569 -0.00207974 -0.000523761 -0.0011672
3750 5.40137e-05 5.42621e-05 5.0283e-05 7.71611e-05 3.53423e-05 0.000110474 2.93525e-05 2.19937e-05 6.07879e-05 5.2758e-06 -0.00123148 -0.00210728 -0.000568669 -0.0010185
3760 5.37252e-05 5.4327e-05 5.03575e-05 7.61234e-05 3.65001e-05 0.000110176 2.94848e-05 2.21437e-05 6.08716e-05 5.43892e-06 -0.00117966 -0.00187644 -0.000870876 -0.000791676
3770 5.21061e-05 5.4708e-05 5.08285e-05 7.56205e-05 3.76752e-05 0.00010987 2.96173e-05 2.22947e-05 6.09506e-05 5.6066e-06 -0.00121243 -0.00190319 -0.000835661 -0.00089844
3780 5.02319e-05 5.51687e-05 5.09485e-05 7.54476e-05 3.91101e-05 0.000109559 2.97512e-05 2.24457e-05 6.10277e-05 5.78013e-06 -0.00124707 -0.00212825 -0.000695521 -0.000917436
3790 4.87692e-05 5.53999e-05 5.11695e-05 7.48024e-05 4.02279e-05 0.000109243 2.98858e-05 2.25964e-05 6.11019e-05 5.95923e-06 -0.00120773 -0.00236141 -0.000390254 -0.000871529
3800 4.73659e-05 5.57184e-05 5.17021e-05 7.46935e-05 4.07597e-05 0.000108919 3.00206e-05 2.27479e-05 6.1173e-05 6.14096e-06 -0.00127815 -0.00242846 -0.000238861 -0.00116713
3810 4.58789e-05 5.62625e-05 5.18456e-05 7.60174e-05 4.09243e-05 0.000108594 3.01567e-05 2.29005e-05 6.12468e-05 6.32291e-06 -0.00117314 -0.00242371 3.79675e-06 -0.00109952
3820 4.78128e-05 5.71893e-05 5.11571e-05 7.9475e-05 4.09359e-05 0.00010827 3.02955e-05 2.305e-05 6.13329e-05 6.50371e-06 -0.00100101 -0.00210205 0.000213852 -0.00111484
3830 4.99795e-05 5.86523e-05 4.96654e-05 8.51685e-05 4.11229e-05 0.000107962 3.04397e-05 2.31926e-05 6.14429e-05 6.68367e-06 -0.00094817 -0.00225865 5.03283e-05 -0.000636185
3840 5.10476e-05 6.03907e-05 4.71099e-05 9.26571e-05 4.1405e-05 0.000107661 3.05913e-05 2.33234e-05 6.15871e-05 6.8634e-06 -0.00100353 -0.0022782 0.000220021 -0.000952398
3850 5.18146e-05 6.19969e-05 4.33062e-05 0.000100778 4.19061e-05 0.000107374 3.07505e-05 2.34363e-05 6.17713e-05 7.04386e-06 -0.000965543 -0.00225774 0.000293168 -0.000932057
3860 5.36405e-05 6.34517e-05 3.91837e-05 0.000108426 4.27458e-05 0.000107089 3.09163e-05 2.35274e-05 6.19952e-05 7.22634e-06 -0.000967367 -0.00217819 0.000469737 -0.00119365
3870 5.47914e-05 6.46125e-05 3.49571e-05 0.000114808 4.40724e-05 0.000106817 3.10876e-05 2.35961e-05 6.22534e-05 7.41318e-06 -0.00104649 -0.00240607 0.000530572 -0.00126396
3880 5.59002e-05 6.51549e-05 3.05493e-05 0.000119505 4.54105e-05 0.00010655 3.12619e-05 2.36422e-05 6.25379e-05 7.60565e-06 -0.00114749 -0.00251205 0.000271952 -0.00120237
3890 5.9662e-05 6.52613e-05 2.61705e-05 0.000123104 4.65094e-05 0.000106303 3.14361e-05 2.36651e-05 6.28405e-05 7.80284e-06 -0.00114747 -0.00245871 0.000109518 -0.0010932
3900 6.06266e-05 6.56581e-05 2.25526e-05 0.000126453 4.79691e-05 0.000106068 3.16102e-05 2.36674e-05 6.31585e-05 8.00464e-06 -0.00118056 -0.00254575 -0.000105674 -0.000890273
3910 6.36228e-05 6.68514e-05 1.96411e-05 0.000129765 5.11484e-05 0.000105847 3.1787e-05 2.36532e-05 6.3491e-05 8.21685e-06 -0.00128078 -0.00267239 2.54568e-05 -0.0011954
3920 6.47084e-05 6.84078e-05 1.72876e-05 0.000132733 5.52025e-05 0.000105634 3.19699e-05 2.3626e-05 6.3837e-05 8.44671e-06 -0.00115602 -0.0025354 3.84891e-05 -0.000971151
3930 6.6631e-05 6.97821e-05 1.55316e-05 0.000134806 5.90085e-05 0.000105429 3.2159e-05 2.35886e-05 6.41932e-05 8.69523e-06 -0.00130247 -0.00284225 0.000194964 -0.00126014
3940 6.4694e-05 7.06477e-05 1.43941e-05 0.000135702 6.18469e-05 0.000105228 3.23524e-05 2.35444e-05 6.45541e-05 8.95856e-06 -0.00126584 -0.0028966 0.000194411 -0.00109533
3950 6.30772e-05 7.06682e-05 1.36547e-05 0.000134786 6.35641e-05 0.000105018 3.25462e-05 2.34959e-05 6.49118e-05 9.23101e-06 -0.00132432 -0.00260637 0.000118579 -0.00148517
3960 6.18042e-05 7.03425e-05 1.31983e-05 0.000133451 6.43777e-05 0.000104802 3.27376e-05 2.34449e-05 6.52602e-05 9.50758e-06 -0.00121943 -0.00252805 9.47907e-05 -0.00122502
3970 6.21728e-05 6.98342e-05 1.28478e-05 0.000132912 6.37429e-05 0.000104586 3.29254e-05 2.33924e-05 6.56013e-05 9.78244e-06 -0.00128547 -0.00239372 -5.12883e-05 -0.00141141
3980 6.29602e-05 6.92584e-05 1.27397e-05 0.00013266 6.2376e-05 0.000104376 3.31088e-05 2.3339e-05 6.59381e-05 1.00493e-05 -0.00126612 -0.00240225 -0.000169947 -0.00122617
3990 6.51682e-05 6.8942e-05 1.30686e-05 0.000132667 6.10906e-05 0.000104175 3.32887e-05 2.32867e-05 6.62718e-05 1.03077e-05 -0.00121395 -0.00229561 -0.000216249 -0.00113
4000 6.62147e-05 6.86581e-05 1.38656e-05 0.000132726 5.93828e-05 0.000103983 3.34659e-05 2.32376e-05 6.66035e-05 1.05565e-05 -0.00115278 -0.00234688 -8.63372e-05 -0.00102512
4010 6.73463e-05 6.818e-05 1.50777e-05 0.000132136 5.73268e-05 0.000103801 3.364e-05 2.31943e-05 6.69313e-05 1.07943e-05 -0.00109782 -0.00206881 -0.000264036 -0.000960622
4020 6.61526e-05 6.73879e-05 1.62974e-05 0.000131365 5.4501e-05 0.000103615 3.38094e-05 2.31573e-05 6.72529e-05 1.1018e-05 -0.0011277 -0.00199664 -0.000390958 -0.000995507
4030 6.47128e-05 6.62309e-05 1.74767e-05 0.000130222 5.09936e-05 0.000103425 3.39728e-05 2.31265e-05 6.75679e-05 1.12239e-05 -0.00121463 -0.00225825 -0.000413584 -0.000972051
4040 6.1293e-05 6.47449e-05 1.86398e-05 0.00012808 4.75146e-05 0.000103225 3.41282e-05 2.31018e-05 6.78718e-05 1.14109e-05 -0.00131593 -0.00251865 -0.000218708 -0.00121044
4050 5.79258e-05 6.32329e-05 1.96328e-05 0.000126091 4.39753e-05 0.000103009 3.42749e-05 2.30826e-05 6.81629e-05 1.15794e-05 -0.00122073 -0.00235115 7.35375e-06 -0.0013184
4060 5.47939e-05 6.21317e-05 2.0779e-05 0.000125061 4.05548e-05 0.000102778 3.44141e-05 2.30685e-05 6.84445e-05 1.17293e-05 -0.0012045 -0.00232789 4.77309e-05 -0.00133334
4070 5.27528e-05 6.173e-05 2.21885e-05 0.000125119 3.78826e-05 0.000102539 3.45487e-05 2.3061e-05 6.87221e-05 1.18631e-05 -0.0012462 -0.00242738 9.8594e-06 -0.0013211
4080 5.08051e-05 6.16939e-05 2.36551e-05 0.000125451 3.59762e-05 0.000102289 3.46816e-05 2.30607e-05 6.89988e-05 1.19851e-05 -0.00139063 -0.00228863 -0.000347177 -0.00153608
4090 5.02061e-05 6.13765e-05 2.47536e-05 0.000125808 3.35679e-05 0.000102036 3.48127e-05 2.30668e-05 6.92754e-05 1.20961e-05 -0.00132022 -0.00221658 -0.000359237 -0.00138484
4100 5.20869e-05 6.07145e-05 2.53832e-05 0.000125883 3.08771e-05 0.000101787 3.49404e-05 2.30768e-05 6.9551e-05 1.21933e-05 -0.00131237 -0.00231459 -0.000222556 -0.00139997
4110 5.2033e-05 5.99529e-05 2.5489e-05 0.000125634 2.87358e-05 0.000101546 3.50636e-05 2.30886e-05 6.9824e-05 1.22782e-05 -0.00118333 -0.00216815 0.00011664 -0.00149849
4120 5.30394e-05 5.91269e-05 2.51512e-05 0.000125136 2.70937e-05 0.000101307 3.5182e-05 2.30993e-05 7.00933e-05 1.23533e-05 -0.00120033 -0.0022992 0.000140158 -0.00144194
4130 5.36156e-05 5.85844e-05 2.51459e-05 0.000124731 2.58768e-05 0.000101076 3.52961e-05 2.3109e-05 7.0358e-05 1.24212e-05 -0.00124664 -0.00259116 2.0175e-05 -0.00116893
4140 5.54891e-05 5.85007e-05 2.55695e-05 0.000125318 2.46143e-05 0.000100853 3.5408e-05 2.31199e-05 7.06214e-05 1.24828e-05 -0.00124848 -0.00249648 5.30571e-05 -0.00130203
4150 5.59772e-05 5.90297e-05 2.62433e-05 0.00012746 2.33855e-05 0.000100636 3.55202e-05 2.31333e-05 7.08894e-05 1.25379e-05 -0.00118089 -0.00229746 -0.000235445 -0.00100976
4160 5.67365e-05 5.98872e-05 2.71495e-05 0.000130638 2.18745e-05 0.000100422 3.56353e-05 2.31505e-05 7.11693e-05 1.25862e-05 -0.00119043 -0.00246676 -0.00011926 -0.000985266
4170 5.7293e-05 6.04007e-05 2.85793e-05 0.000132809 1.9814e-05 0.000100215 3.5753e-05 2.31732e-05 7.14604e-05 1.26255e-05 -0.00117841 -0.0026043 -8.11403e-05 -0.000849777
4180 5.8317e-05 6.02152e-05 3.03284e-05 0.000133141 1.71758e-05 0.000100012 3.58705e-05 2.32035e-05 7.1755e-05 1.2653e-05 -0.00118905 -0.00264252 3.13738e-06 -0.000927781
4190 5.83714e-05 5.96321e-05 3.2151e-05 0.000132062 1.46829e-05 9.98139e-05 3.5985e-05 2.32422e-05 7.2045e-05 1.26678e-05 -0.00117562 -0.00248656 -0.000212927 -0.00082738
4200 5.87033e-05 5.91417e-05 3.40276e-05 0.000130443 1.29547e-05 9.96177e-05 3.60961e-05 2.32895e-05 7.23262e-05 1.26725e-05 -0.00106038 -0.00235988 -0.000244477 -0.000576793
4210 5.82943e-05 5.88109e-05 3.54315e-05 0.000129065 1.19358e-05 9.94244e-05 3.62044e-05 2.33444e-05 7.25978e-05 1.2671e-05 -0.00115365 -0.0023474 -0.000338089 -0.000775462
4220 5.79559e-05 5.87126e-05 3.57631e-05 0.00012912 1.12542e-05 9.92265e-05 3.63111e-05 2.34029e-05 7.28646e-05 1.26657e-05 -0.00120836 -0.00239139 -0.000392005 -0.000841679
4230 5.63649e-05 5.82961e-05 3.4811e-05 0.000129376 1.07009e-05 9.90281e-05 3.6416e-05 2.34593e-05 7.31312e-05 1.26574e-05 -0.00124974 -0.00244757 -0.000382774 -0.000918866
4240 5.65707e-05 5.73418e-05 3.30175e-05 0.000128475 1.05328e-05 9.88292e-05 3.65166e-05 2.35082e-05 7.3394e-05 1.26477e-05 -0.00115204 -0.00235329 -0.000376287 -0.000726561
4250 5.6159e-05 5.60461e-05 3.12942e-05 0.000126239 1.06049e-05 9.8629e-05 3.66113e-05 2.35483e-05 7.36476e-05 1.26378e-05 -0.00113219 -0.00219048 -0.000433496 -0.000772606
4260 5.63221e-05 5.45382e-05 2.97536e-05 0.000122845 1.10157e-05 9.84305e-05 3.66985e-05 2.35805e-05 7.38856e-05 1.26292e-05 -0.00111237 -0.00224361 -0.000488515 -0.000604999
4270 5.72028e-05 5.2948e-05 2.85251e-05 0.000118755 1.15639e-05 9.82354e-05 3.67778e-05 2.36062e-05 7.41043e-05 1.2623e-05 -0.000934721 -0.00218538 -0.000318821 -0.000299966
4280 5.81914e-05 5.13893e-05 2.75611e-05 0.000114246 1.23609e-05 9.80468e-05 3.68491e-05 2.36265e-05 7.43009e-05 1.26201e-05 -0.000999274 -0.00222794 -0.000242495 -0.000527383
4290 5.94985e-05 5.02482e-05 2.6512e-05 0.000111031 1.32015e-05 9.78648e-05 3.69137e-05 2.36423e-05 7.44779e-05 1.2621e-05 -0.00107159 -0.00233559 -0.000429208 -0.00044997
4300 6.01622e-05 4.94651e-05 2.50727e-05 0.000109162 1.4161e-05 9.76868e-05 3.69735e-05 2.3652e-05 7.46425e-05 1.26261e-05 -0.00103809 -0.00215468 -0.00027262 -0.000686973
4310 6.12032e-05 4.89669e-05 2.34474e-05 0.000108009 1.54444e-05 9.75172e-05 3.703e-05 2.36546e-05 7.47992e-05 1.26363e-05 -0.00111226 -0.00217592 -0.000399862 -0.000760997
4320 6.01234e-05 4.84688e-05 2.15698e-05 0.000106893 1.69442e-05 9.73464e-05 3.70839e-05 2.36489e-05 7.49499e-05 1.2653e-05 -0.00122283 -0.00219374 -0.000422331 -0.00105242
4330 5.94283e-05 4.80443e-05 1.97428e-05 0.000105725 1.86653e-05 9.71735e-05 3.71353e-05 2.36346e-05 7.50942e-05 1.26771e-05 -0.00120323 -0.00201329 -0.000538745 -0.00105765
4340 5.95921e-05 4.76992e-05 1.80665e-05 0.000104355 2.06763e-05 9.7002e-05 3.71846e-05 2.36124e-05 7.52318e-05 1.27096e-05 -0.0011787 -0.00204163 -0.000304888 -0.0011896
4350 5.99994e-05 4.73882e-05 1.64231e-05 0.000103146 2.25955e-05 9.6829e-05 3.7232e-05 2.35827e-05 7.53622e-05 1.27512e-05 -0.00116525 -0.00220819 -0.000313467 -0.000974082
4360 5.87419e-05 4.73156e-05 1.50771e-05 0.000102624 2.42459e-05 9.66576e-05 3.72782e-05 2.35464e-05 7.54878e-05 1.28005e-05 -0.00128338 -0.00240946 -0.000232522 -0.00120817
4370 5.8951e-05 4.75223e-05 1.39849e-05 0.000102851 2.5731e-05 9.64864e-05 3.73245e-05 2.35049e-05 7.56121e-05 1.28566e-05 -0.00132277 -0.00243337 -0.000144773 -0.00139018
4380 5.77657e-05 4.77946e-05 1.30135e-05 0.000103382 2.69887e-05 9.63121e-05 3.73717e-05 2.3459e-05 7.57376e-05 1.29185e-05 -0.00143112 -0.0026712 -0.000171999 -0.00145018
4390 5.51703e-05 4.7798e-05 1.23922e-05 0.000102945 2.80568e-05 9.61301e-05 3.74193e-05 2.34098e-05 7.58629e-05 1.29853e-05 -0.00136013 -0.00246335 -0.000120877 -0.00149616
4400 5.30778e-05 4.69029e-05 1.19516e-05 0.000100327 2.84297e-05 9.59392e-05 3.74645e-05 2.33586e-05 7.59801e-05 1.30549e-05 -0.00135881 -0.0025209 -4.56438e-06 -0.00155097
4410 4.99721e-05 4.53106e-05 1.1803e-05 9.58206e-05 2.83084e-05 9.57386e-05 3.75035e-05 2.33065e-05 7.60795e-05 1.31244e-05 -0.00139856 -0.00268221 0.000109998 -0.00162348
4420 4.91144e-05 4.34209e-05 1.17924e-05 9.08072e-05 2.76631e-05 9.5531e-05 3.75341e-05 2.32544e-05 7.61562e-05 1.31916e-05 -0.00134015 -0.00254082 7.30022e-05 -0.00155263
4430 4.73662e-05 4.13719e-05 1.183e-05 8.58046e-05 2.6481e-05 9.53153e-05 3.75555e-05 2.32028e-05 7.62098e-05 1.3254e-05 -0.00130771 -0.00242904 -9.05017e-05 -0.00140358
4440 4.82615e-05 3.94311e-05 1.18132e-05 8.11804e-05 2.52996e-05 9.51016e-05 3.75678e-05 2.31517e-05 7.62412e-05 1.33105e-05 -0.00118765 -0.00247219 0.000107865 -0.00119861
4450 4.6605e-05 3.78818e-05 1.14986e-05 7.76954e-05 2.44515e-05 9.48861e-05 3.75722e-05 2.31002e-05 7.62543e-05 1.3362e-05 -0.00123243 -0.00242399 -3.68148e-05 -0.00123647
4460 4.76946e-05 3.66693e-05 1.1014e-05 7.52328e-05 2.37611e-05 9.46733e-05 3.75705e-05 2.30471e-05 7.62544e-05 1.341e-05 -0.0013268 -0.00242709 -0.000168159 -0.00138514
4470 4.75915e-05 3.57411e-05 1.04685e-05 7.37035e-05 2.30513e-05 9.44639e-05 3.7564e-05 2.29919e-05 7.62455e-05 1.34544e-05 -0.00116415 -0.00218301 -0.000182176 -0.00112725
4480 4.87418e-05 3.53424e-05 9.94713e-06 7.35153e-05 2.25648e-05 9.42589e-05 3.75547e-05 2.29349e-05 7.62333e-05 1.3496e-05 -0.00115707 -0.00215938 -0.000160907 -0.00115091
4490 4.78642e-05 3.53008e-05 9.47828e-06 7.43178e-05 2.21063e-05 9.40532e-05 3.75446e-05 2.28759e-05 7.62229e-05 1.35352e-05 -0.00113508 -0.00194997 -0.000207673 -0.00124759
4500 4.89438e-05 3.54494e-05 9.11787e-06 7.56212e-05 2.16091e-05 9.38499e-05 3.7535e-05 2.28155e-05 7.62175e-05 1.3572e-05 -0.00124799 -0.00231111 -0.000119913 -0.00131293
4510 4.94386e-05 3.5682e-05 8.82774e-06 7.70901e-05 2.11283e-05 9.36521e-05 3.75263e-05 2.27541e-05 7.62183e-05 1.36064e-05 -0.00117997 -0.00251585 6.90281e-05 -0.00109309
4520 5.09129e-05 3.56686e-05 8.52378e-06 7.80118e-05 2.04702e-05 9.34601e-05 3.75183e-05 2.26919e-05 7.62248e-05 1.36382e-05 -0.00122319 -0.00266618 4.69925e-05 -0.00105038
4530 5.16233e-05 3.55237e-05 8.31743e-06 7.83908e-05 1.98627e-05 9.32745e-05 3.75097e-05 2.26288e-05 7.62336e-05 1.36667e-05 -0.00126026 -0.00286441 0.000135737 -0.00105211
4540 5.18685e-05 3.5554e-05 8.37983e-06 7.87909e-05 1.94912e-05 9.30928e-05 3.7501e-05 2.2566e-05 7.6244e-05 1.3693e-05 -0.00134609 -0.00293879 0.000129602 -0.00122908
4550 5.21718e-05 3.58291e-05 8.53336e-06 7.95622e-05 1.93918e-05 9.29134e-05 3.74929e-05 2.2504e-05 7.62567e-05 1.3718e-05 -0.00139259 -0.0030145 0.000194502 -0.00135777
4560 5.12522e-05 3.65693e-05 8.81461e-06 8.09933e-05 1.99001e-05 9.27321e-05 3.74873e-05 2.24435e-05 7.62745e-05 1.37439e-05 -0.00144723 -0.00301697 1.86385e-05 -0.00134334
4570 5.19411e-05 3.74687e-05 9.05172e-06 8.26595e-05 2.0695e-05 9.25525e-05 3.74854e-05 2.23845e-05 7.62991e-05 1.37726e-05 -0.00143984 -0.00274091 8.63373e-05 -0.00166494
4580 5.20988e-05 3.83761e-05 9.23412e-06 8.40608e-05 2.18334e-05 9.23732e-05 3.74875e-05 2.23268e-05 7.63303e-05 1.38053e-05 -0.00141521 -0.00271562 6.66066e-05 -0.00159661
4590 5.40153e-05 3.92072e-05 9.52469e-06 8.47942e-05 2.33028e-05 9.22031e-05 3.74934e-05 2.22706e-05 7.63659e-05 1.38437e-05 -0.00137852 -0.00286844 0.000189983 -0.0014571
4600 5.33485e-05 3.94825e-05 9.50349e-06 8.43365e-05 2.46076e-05 9.20363e-05 3.75018e-05 2.22153e-05 7.6402e-05 1.3888e-05 -0.00131947 -0.00286154 0.000222222 -0.00131908
4610 5.43372e-05 3.92434e-05 9.3997e-06 8.26462e-05 2.56844e-05 9.18735e-05 3.75099e-05 2.21599e-05 7.64326e-05 1.39371e-05 -0.0012578 -0.00278873 0.000391472 -0.00137615
4620 5.62111e-05 3.89453e-05 9.50063e-06 8.07729e-05 2.65625e-05 9.17167e-05 3.75166e-05 2.21049e-05 7.64549e-05 1.399e-05 -0.00110536 -0.0026695 0.000380392 -0.00102698
4630 5.80705e-05 3.89171e-05 9.94738e-06 7.91097e-05 2.76942e-05 9.15685e-05 3.75225e-05 2.20514e-05 7.64694e-05 1.40467e-05 -0.00119091 -0.00279687 0.000257843 -0.00103371
4640 5.86238e-05 3.94107e-05 1.11527e-05 7.78721e-05 2.92074e-05 9.1423e-05 3.75295e-05 2.20019e-05 7.64777e-05 1.41089e-05 -0.0011578 -0.00272752 0.00036433 -0.00111022
4650 5.98427e-05 4.03509e-05 1.29802e-05 7.72834e-05 3.07891e-05 9.12834e-05 3.75397e-05 2.19594e-05 7.6482e-05 1.41775e-05 -0.00122891 -0.0030376 0.00048886 -0.00113798
4660 6.30805e-05 4.15846e-05 1.52033e-05 7.72551e-05 3.22954e-05 9.11583e-05 3.75545e-05 2.19261e-05 7.64852e-05 1.42523e-05 -0.00135058 -0.00333362 0.000528385 -0.00124652
4670 6.48455e-05 4.28704e-05 1.76566e-05 7.74802e-05 3.34744e-05 9.10409e-05 3.75748e-05 2.1903e-05 7.64889e-05 1.43324e-05 -0.00123207 -0.00326187 0.000662167 -0.00109651
4680 6.63592e-05 4.43745e-05 2.05527e-05 7.83292e-05 3.42416e-05 9.09342e-05 3.76008e-05 2.18915e-05 7.64948e-05 1.4416e-05 -0.00124859 -0.00310207 0.000634843 -0.00127854
4690 6.7163e-05 4.62358e-05 2.38362e-05 7.99406e-05 3.49307e-05 9.08322e-05 3.76338e-05 2.18934e-05 7.65062e-05 1.45019e-05 -0.00133374 -0.00315746 0.000565942 -0.0014097
4700 6.78525e-05 4.84886e-05 2.7312e-05 8.21098e-05 3.6044e-05 9.07344e-05 3.76755e-05 2.19097e-05 7.65256e-05 1.45911e-05 -0.00127127 -0.00299969 0.000524679 -0.0013388
4710 6.58096e-05 5.12622e-05 3.11766e-05 8.47361e-05 3.78739e-05 9.0635e-05 3.77276e-05 2.19414e-05 7.65553e-05 1.46861e-05 -0.00123939 -0.00308387 0.000586775 -0.00122107
4720 6.66058e-05 5.44325e-05 3.57488e-05 8.75539e-05 3.99948e-05 9.05299e-05 3.77922e-05 2.19909e-05 7.65963e-05 1.47893e-05 -0.00126296 -0.00295166 0.000601325 -0.00143855
4730 6.43134e-05 5.75438e-05 4.01835e-05 9.14475e-05 4.10003e-05 9.04197e-05 3.78697e-05 2.20595e-05 7.6651e-05 1.48986e-05 -0.00113289 -0.00289033 0.000752142 -0.00126049
4740 6.43666e-05 6.05311e-05 4.36074e-05 9.76466e-05 4.03394e-05 9.03086e-05 3.79595e-05 2.21442e-05 7.67267e-05 1.50076e-05 -0.00121614 -0.00294986 0.000759244 -0.00145779
4750 6.39423e-05 6.33293e-05 4.54803e-05 0.000106201 3.83064e-05 9.01979e-05 3.8061e-05 2.22394e-05 7.68339e-05 1.51098e-05 -0.00132226 -0.00332572 0.000745128 -0.00138619
4760 6.46706e-05 6.5513e-05 4.60655e-05 0.000115117 3.5356e-05 9.009e-05 3.81723e-05 2.23385e-05 7.69779e-05 1.52006e-05 -0.00129678 -0.00333979 0.00086744 -0.001418
4770 6.39454e-05 6.69852e-05 4.5987e-05 0.000123215 3.17537e-05 8.99856e-05 3.82904e-05 2.24379e-05 7.71566e-05 1.52768e-05 -0.00134734 -0.00344238 0.000847447 -0.00144708
4780 6.25926e-05 6.75496e-05 4.51382e-05 0.00012979 2.77207e-05 8.98722e-05 3.84119e-05 2.25346e-05 7.73647e-05 1.53365e-05 -0.00141853 -0.00327309 0.000660928 -0.00164342
4790 6.1154e-05 6.75141e-05 4.41474e-05 0.000134415 2.39797e-05 8.97546e-05 3.85334e-05 2.26264e-05 7.75945e-05 1.53792e-05 -0.00146095 -0.00329216 0.000475405 -0.00156609
4800 6.1336e-05 6.73928e-05 4.34753e-05 0.000137442 2.12607e-05 8.96351e-05 3.86537e-05 2.27144e-05 7.78383e-05 1.54084e-05 -0.00146267 -0.00342308 0.000361761 -0.0013267
4810 6.05965e-05 6.72861e-05 4.28568e-05 0.00013929 1.97113e-05 8.95169e-05 3.87727e-05 2.27991e-05 7.80904e-05 1.54287e-05 -0.00155788 -0.00365206 0.000266536 -0.00128812
4820 6.03236e-05 6.72639e-05 4.24987e-05 0.000140266 1.90268e-05 8.93941e-05 3.88907e-05 2.28813e-05 7.83461e-05 1.54447e-05 -0.00136241 -0.00335348 0.000419294 -0.00115303
4830 6.06484e-05 6.76736e-05 4.19056e-05 0.000142393 1.87218e-05 8.92771e-05 3.90088e-05 2.29612e-05 7.86063e-05 1.54588e-05 -0.00123189 -0.0032128 0.000642849 -0.00112572
4840 6.29065e-05 6.87518e-05 4.08559e-05 0.00014742 1.79797e-05 8.91644e-05 3.91293e-05 2.30372e-05 7.888e-05 1.54708e-05 -0.00123106 -0.00317466 0.000655744 -0.00117426
4850 6.50109e-05 7.00712e-05 3.91933e-05 0.000154072 1.69479e-05 8.90615e-05 3.92542e-05 2.3107e-05 7.91768e-05 1.54788e-05 -0.00120576 -0.00326722 0.000764435 -0.00111449
4860 6.66948e-05 7.14654e-05 3.7131e-05 0.000161667 1.55987e-05 8.89661e-05 3.9384e-05 2.31685e-05 7.95015e-05 1.54819e-05 -0.00132708 -0.00327061 0.000498167 -0.00120881
4870 6.85896e-05 7.29135e-05 3.5008e-05 0.000169412 1.43202e-05 8.88793e-05 3.95188e-05 2.32209e-05 7.98559e-05 1.54794e-05 -0.0015382 -0.00352795 0.000406944 -0.0014936
4880 7.00152e-05 7.43379e-05 3.31532e-05 0.00017649 1.33701e-05 8.87988e-05 3.96587e-05 2.32648e-05 8.02389e-05 1.54724e-05 -0.00153621 -0.00348349 0.000386229 -0.00151137
4890 7.15454e-05 7.56121e-05 3.21073e-05 0.000181565 1.31641e-05 8.87245e-05 3.98032e-05 2.33026e-05 8.0644e-05 1.5463e-05 -0.00159527 -0.00331783 0.000379533 -0.00184751
4900 7.47798e-05 7.64568e-05 3.13993e-05 0.000184404 1.35675e-05 8.86632e-05 3.99513e-05 2.33368e-05 8.10626e-05 1.54544e-05 -0.00150317 -0.00335635 0.000487341 -0.0016405
4910 7.91765e-05 7.67963e-05 3.1068e-05 0.000185116 1.42052e-05 8.86156e-05 4.01006e-05 2.33687e-05 8.1485e-05 1.54481e-05 -0.00172202 -0.0035714 0.000268243 -0.00186292
4920 8.2501e-05 7.68935e-05 3.10276e-05 0.000184865 1.47883e-05 8.85847e-05 4.02498e-05 2.33998e-05 8.19053e-05 1.54445e-05 -0.00154436 -0.00344773 0.000445033 -0.00163038
4930 8.47331e-05 7.68042e-05 3.14604e-05 0.000183827 1.51255e-05 8.85659e-05 4.03981e-05 2.34315e-05 8.23202e-05 1.54426e-05 -0.00172766 -0.00355533 0.000501231 -0.00212888
4940 8.72521e-05 7.65146e-05 3.19734e-05 0.000182078 1.54926e-05 8.85556e-05 4.05447e-05 2.34651e-05 8.2727e-05 1.54421e-05 -0.00159781 -0.00371286 0.000762084 -0.00184264
4950 9.02864e-05 7.59415e-05 3.22677e-05 0.000179523 1.60334e-05 8.85557e-05 4.06886e-05 2.35001e-05 8.31223e-05 1.54435e-05 -0.00168618 -0.00377573 0.00064938 -0.0019322
4960 9.31942e-05 7.53561e-05 3.23935e-05 0.000177407 1.62679e-05 8.85684e-05 4.08292e-05 2.35358e-05 8.35054e-05 1.54465e-05 -0.00166769 -0.00364928 0.00048586 -0.00183964
4970 9.56353e-05 7.46646e-05 3.18506e-05 0.000175935 1.62086e-05 8.85941e-05 4.09665e-05 2.35705e-05 8.38793e-05 1.54497e-05 -0.00160088 -0.00370002 0.000566536 -0.00166915
4980 9.63788e-05 7.35981e-05 3.05008e-05 0.000174133 1.61601e-05 8.86259e-05 4.10995e-05 2.3601e-05 8.42448e-05 1.54527e-05 -0.00157553 -0.00367315 0.000598846 -0.0016523
4990 9.3653e-05 7.21418e-05 2.85496e-05 0.000171807 1.60692e-05 8.86501e-05 4.12264e-05 2.36244e-05 8.45995e-05 1.54553e-05 -0.00152665 -0.00336237 0.000563652 -0.00178124
5000 9.28291e-05 7.04992e-05 2.65242e-05 0.00016898 1.59936e-05 8.86678e-05 4.13464e-05 2.36396e-05 8.49419e-05 1.54576e-05 -0.00158369 -0.00344608 0.000483449 -0.00178845
